{"C:\\Users\\admin\\Desktop\\U-Tad\\WebDevServer\\my-api-final\\src\\app.js": {"path":"C:\\Users\\admin\\Desktop\\U-Tad\\WebDevServer\\my-api-final\\src\\app.js","statementMap":{"0":{"start":{"line":8,"column":12},"end":{"line":8,"column":21}},"1":{"start":{"line":11,"column":0},"end":{"line":11,"column":24}},"2":{"start":{"line":14,"column":0},"end":{"line":14,"column":69}},"3":{"start":{"line":17,"column":0},"end":{"line":19,"column":3}},"4":{"start":{"line":18,"column":2},"end":{"line":18,"column":42}},"5":{"start":{"line":22,"column":0},"end":{"line":28,"column":3}},"6":{"start":{"line":23,"column":2},"end":{"line":27,"column":5}},"7":{"start":{"line":31,"column":0},"end":{"line":31,"column":24}}},"fnMap":{"0":{"name":"(anonymous_0)","decl":{"start":{"line":17,"column":13},"end":{"line":17,"column":14}},"loc":{"start":{"line":17,"column":27},"end":{"line":19,"column":1}},"line":17},"1":{"name":"(anonymous_1)","decl":{"start":{"line":22,"column":19},"end":{"line":22,"column":20}},"loc":{"start":{"line":22,"column":33},"end":{"line":28,"column":1}},"line":22}},"branchMap":{},"s":{"0":5,"1":5,"2":5,"3":5,"4":0,"5":5,"6":0,"7":5},"f":{"0":0,"1":0},"b":{},"_coverageSchema":"1a1c01bbd47fc00a2c39e90264f33305004495a9","hash":"cb4fecd326dd9d4fa886beda91c7361f04d9b7e5"}
,"C:\\Users\\admin\\Desktop\\U-Tad\\WebDevServer\\my-api-final\\src\\config\\db.js": {"path":"C:\\Users\\admin\\Desktop\\U-Tad\\WebDevServer\\my-api-final\\src\\config\\db.js","statementMap":{"0":{"start":{"line":4,"column":18},"end":{"line":19,"column":1}},"1":{"start":{"line":5,"column":17},"end":{"line":5,"column":35}},"2":{"start":{"line":7,"column":2},"end":{"line":10,"column":3}},"3":{"start":{"line":8,"column":4},"end":{"line":8,"column":53}},"4":{"start":{"line":9,"column":4},"end":{"line":9,"column":20}},"5":{"start":{"line":12,"column":2},"end":{"line":18,"column":3}},"6":{"start":{"line":13,"column":4},"end":{"line":13,"column":35}},"7":{"start":{"line":14,"column":4},"end":{"line":14,"column":42}},"8":{"start":{"line":16,"column":4},"end":{"line":16,"column":67}},"9":{"start":{"line":17,"column":4},"end":{"line":17,"column":20}},"10":{"start":{"line":22,"column":0},"end":{"line":24,"column":3}},"11":{"start":{"line":23,"column":2},"end":{"line":23,"column":45}},"12":{"start":{"line":27,"column":0},"end":{"line":31,"column":3}},"13":{"start":{"line":28,"column":2},"end":{"line":28,"column":36}},"14":{"start":{"line":29,"column":2},"end":{"line":29,"column":49}},"15":{"start":{"line":30,"column":2},"end":{"line":30,"column":18}}},"fnMap":{"0":{"name":"(anonymous_0)","decl":{"start":{"line":4,"column":18},"end":{"line":4,"column":19}},"loc":{"start":{"line":4,"column":30},"end":{"line":19,"column":1}},"line":4},"1":{"name":"(anonymous_1)","decl":{"start":{"line":22,"column":39},"end":{"line":22,"column":40}},"loc":{"start":{"line":22,"column":45},"end":{"line":24,"column":1}},"line":22},"2":{"name":"(anonymous_2)","decl":{"start":{"line":27,"column":21},"end":{"line":27,"column":22}},"loc":{"start":{"line":27,"column":33},"end":{"line":31,"column":1}},"line":27}},"branchMap":{"0":{"loc":{"start":{"line":7,"column":2},"end":{"line":10,"column":3}},"type":"if","locations":[{"start":{"line":7,"column":2},"end":{"line":10,"column":3}},{"start":{},"end":{}}],"line":7}},"s":{"0":5,"1":0,"2":0,"3":0,"4":0,"5":0,"6":0,"7":0,"8":0,"9":0,"10":5,"11":5,"12":5,"13":0,"14":0,"15":0},"f":{"0":0,"1":5,"2":0},"b":{"0":[0,0]},"_coverageSchema":"1a1c01bbd47fc00a2c39e90264f33305004495a9","hash":"f68d1a9ffcb4fe221308afcb7f9e1f1cd639be02"}
,"C:\\Users\\admin\\Desktop\\U-Tad\\WebDevServer\\my-api-final\\src\\controllers\\client.controller.js": {"path":"C:\\Users\\admin\\Desktop\\U-Tad\\WebDevServer\\my-api-final\\src\\controllers\\client.controller.js","statementMap":{"0":{"start":{"line":9,"column":28},"end":{"line":54,"column":1}},"1":{"start":{"line":10,"column":2},"end":{"line":53,"column":3}},"2":{"start":{"line":11,"column":17},"end":{"line":11,"column":25}},"3":{"start":{"line":14,"column":21},"end":{"line":14,"column":50}},"4":{"start":{"line":17,"column":35},"end":{"line":17,"column":105}},"5":{"start":{"line":19,"column":4},"end":{"line":48,"column":5}},"6":{"start":{"line":20,"column":8},"end":{"line":20,"column":70}},"7":{"start":{"line":21,"column":8},"end":{"line":21,"column":15}},"8":{"start":{"line":22,"column":11},"end":{"line":48,"column":5}},"9":{"start":{"line":23,"column":8},"end":{"line":23,"column":67}},"10":{"start":{"line":24,"column":8},"end":{"line":24,"column":15}},"11":{"start":{"line":27,"column":22},"end":{"line":33,"column":10}},"12":{"start":{"line":35,"column":8},"end":{"line":35,"column":75}},"13":{"start":{"line":35,"column":24},"end":{"line":35,"column":73}},"14":{"start":{"line":36,"column":21},"end":{"line":36,"column":105}},"15":{"start":{"line":37,"column":26},"end":{"line":37,"column":51}},"16":{"start":{"line":47,"column":8},"end":{"line":47,"column":87}},"17":{"start":{"line":51,"column":4},"end":{"line":51,"column":55}},"18":{"start":{"line":52,"column":4},"end":{"line":52,"column":11}},"19":{"start":{"line":57,"column":28},"end":{"line":70,"column":1}},"20":{"start":{"line":58,"column":2},"end":{"line":69,"column":3}},"21":{"start":{"line":59,"column":17},"end":{"line":59,"column":25}},"22":{"start":{"line":60,"column":22},"end":{"line":60,"column":35}},"23":{"start":{"line":62,"column":26},"end":{"line":62,"column":120}},"24":{"start":{"line":64,"column":4},"end":{"line":64,"column":85}},"25":{"start":{"line":67,"column":4},"end":{"line":67,"column":60}},"26":{"start":{"line":68,"column":4},"end":{"line":68,"column":11}},"27":{"start":{"line":73,"column":28},"end":{"line":110,"column":1}},"28":{"start":{"line":74,"column":2},"end":{"line":109,"column":3}},"29":{"start":{"line":75,"column":17},"end":{"line":75,"column":25}},"30":{"start":{"line":76,"column":21},"end":{"line":76,"column":50}},"31":{"start":{"line":80,"column":40},"end":{"line":80,"column":49}},"32":{"start":{"line":82,"column":19},"end":{"line":82,"column":62}},"33":{"start":{"line":83,"column":4},"end":{"line":83,"column":36}},"34":{"start":{"line":83,"column":15},"end":{"line":83,"column":34}},"35":{"start":{"line":84,"column":4},"end":{"line":84,"column":31}},"36":{"start":{"line":86,"column":4},"end":{"line":86,"column":33}},"37":{"start":{"line":86,"column":15},"end":{"line":86,"column":31}},"38":{"start":{"line":89,"column":4},"end":{"line":96,"column":5}},"39":{"start":{"line":91,"column":8},"end":{"line":91,"column":56}},"40":{"start":{"line":92,"column":8},"end":{"line":92,"column":51}},"41":{"start":{"line":94,"column":23},"end":{"line":94,"column":41}},"42":{"start":{"line":95,"column":8},"end":{"line":95,"column":49}},"43":{"start":{"line":98,"column":20},"end":{"line":98,"column":31}},"44":{"start":{"line":100,"column":4},"end":{"line":104,"column":5}},"45":{"start":{"line":101,"column":8},"end":{"line":101,"column":123}},"46":{"start":{"line":103,"column":8},"end":{"line":103,"column":45}},"47":{"start":{"line":107,"column":4},"end":{"line":107,"column":59}},"48":{"start":{"line":108,"column":4},"end":{"line":108,"column":11}},"49":{"start":{"line":113,"column":25},"end":{"line":136,"column":1}},"50":{"start":{"line":114,"column":2},"end":{"line":135,"column":3}},"51":{"start":{"line":115,"column":17},"end":{"line":115,"column":25}},"52":{"start":{"line":116,"column":21},"end":{"line":116,"column":50}},"53":{"start":{"line":118,"column":22},"end":{"line":118,"column":35}},"54":{"start":{"line":120,"column":19},"end":{"line":120,"column":51}},"55":{"start":{"line":122,"column":4},"end":{"line":130,"column":5}},"56":{"start":{"line":123,"column":8},"end":{"line":123,"column":44}},"57":{"start":{"line":124,"column":11},"end":{"line":130,"column":5}},"58":{"start":{"line":125,"column":8},"end":{"line":125,"column":59}},"59":{"start":{"line":126,"column":8},"end":{"line":126,"column":15}},"60":{"start":{"line":128,"column":8},"end":{"line":128,"column":54}},"61":{"start":{"line":129,"column":8},"end":{"line":129,"column":15}},"62":{"start":{"line":133,"column":4},"end":{"line":133,"column":54}},"63":{"start":{"line":134,"column":4},"end":{"line":134,"column":11}},"64":{"start":{"line":139,"column":28},"end":{"line":158,"column":1}},"65":{"start":{"line":140,"column":2},"end":{"line":157,"column":3}},"66":{"start":{"line":141,"column":17},"end":{"line":141,"column":25}},"67":{"start":{"line":142,"column":21},"end":{"line":142,"column":30}},"68":{"start":{"line":144,"column":22},"end":{"line":144,"column":35}},"69":{"start":{"line":146,"column":4},"end":{"line":152,"column":5}},"70":{"start":{"line":147,"column":28},"end":{"line":147,"column":85}},"71":{"start":{"line":148,"column":6},"end":{"line":148,"column":77}},"72":{"start":{"line":150,"column":28},"end":{"line":150,"column":69}},"73":{"start":{"line":151,"column":6},"end":{"line":151,"column":82}},"74":{"start":{"line":155,"column":4},"end":{"line":155,"column":53}},"75":{"start":{"line":156,"column":4},"end":{"line":156,"column":11}},"76":{"start":{"line":161,"column":37},"end":{"line":174,"column":1}},"77":{"start":{"line":162,"column":2},"end":{"line":173,"column":3}},"78":{"start":{"line":163,"column":17},"end":{"line":163,"column":25}},"79":{"start":{"line":164,"column":21},"end":{"line":164,"column":50}},"80":{"start":{"line":166,"column":20},"end":{"line":166,"column":81}},"81":{"start":{"line":168,"column":4},"end":{"line":168,"column":41}},"82":{"start":{"line":171,"column":4},"end":{"line":171,"column":68}},"83":{"start":{"line":172,"column":4},"end":{"line":172,"column":11}},"84":{"start":{"line":177,"column":29},"end":{"line":190,"column":1}},"85":{"start":{"line":178,"column":2},"end":{"line":189,"column":3}},"86":{"start":{"line":179,"column":17},"end":{"line":179,"column":25}},"87":{"start":{"line":180,"column":22},"end":{"line":180,"column":35}},"88":{"start":{"line":182,"column":27},"end":{"line":182,"column":123}},"89":{"start":{"line":184,"column":4},"end":{"line":184,"column":47}},"90":{"start":{"line":187,"column":4},"end":{"line":187,"column":56}},"91":{"start":{"line":188,"column":4},"end":{"line":188,"column":11}}},"fnMap":{"0":{"name":"(anonymous_0)","decl":{"start":{"line":9,"column":28},"end":{"line":9,"column":29}},"loc":{"start":{"line":9,"column":48},"end":{"line":54,"column":1}},"line":9},"1":{"name":"(anonymous_1)","decl":{"start":{"line":57,"column":28},"end":{"line":57,"column":29}},"loc":{"start":{"line":57,"column":47},"end":{"line":70,"column":1}},"line":57},"2":{"name":"(anonymous_2)","decl":{"start":{"line":73,"column":28},"end":{"line":73,"column":29}},"loc":{"start":{"line":73,"column":48},"end":{"line":110,"column":1}},"line":73},"3":{"name":"(anonymous_3)","decl":{"start":{"line":113,"column":25},"end":{"line":113,"column":26}},"loc":{"start":{"line":113,"column":45},"end":{"line":136,"column":1}},"line":113},"4":{"name":"(anonymous_4)","decl":{"start":{"line":139,"column":28},"end":{"line":139,"column":29}},"loc":{"start":{"line":139,"column":47},"end":{"line":158,"column":1}},"line":139},"5":{"name":"(anonymous_5)","decl":{"start":{"line":161,"column":37},"end":{"line":161,"column":38}},"loc":{"start":{"line":161,"column":57},"end":{"line":174,"column":1}},"line":161},"6":{"name":"(anonymous_6)","decl":{"start":{"line":177,"column":29},"end":{"line":177,"column":30}},"loc":{"start":{"line":177,"column":49},"end":{"line":190,"column":1}},"line":177}},"branchMap":{"0":{"loc":{"start":{"line":19,"column":4},"end":{"line":48,"column":5}},"type":"if","locations":[{"start":{"line":19,"column":4},"end":{"line":48,"column":5}},{"start":{"line":22,"column":11},"end":{"line":48,"column":5}}],"line":19},"1":{"loc":{"start":{"line":22,"column":11},"end":{"line":48,"column":5}},"type":"if","locations":[{"start":{"line":22,"column":11},"end":{"line":48,"column":5}},{"start":{"line":25,"column":11},"end":{"line":48,"column":5}}],"line":22},"2":{"loc":{"start":{"line":35,"column":8},"end":{"line":35,"column":75}},"type":"if","locations":[{"start":{"line":35,"column":8},"end":{"line":35,"column":75}},{"start":{},"end":{}}],"line":35},"3":{"loc":{"start":{"line":83,"column":4},"end":{"line":83,"column":36}},"type":"if","locations":[{"start":{"line":83,"column":4},"end":{"line":83,"column":36}},{"start":{},"end":{}}],"line":83},"4":{"loc":{"start":{"line":86,"column":4},"end":{"line":86,"column":33}},"type":"if","locations":[{"start":{"line":86,"column":4},"end":{"line":86,"column":33}},{"start":{},"end":{}}],"line":86},"5":{"loc":{"start":{"line":89,"column":4},"end":{"line":96,"column":5}},"type":"if","locations":[{"start":{"line":89,"column":4},"end":{"line":96,"column":5}},{"start":{},"end":{}}],"line":89},"6":{"loc":{"start":{"line":89,"column":7},"end":{"line":89,"column":20}},"type":"binary-expr","locations":[{"start":{"line":89,"column":7},"end":{"line":89,"column":11}},{"start":{"line":89,"column":15},"end":{"line":89,"column":20}}],"line":89},"7":{"loc":{"start":{"line":100,"column":4},"end":{"line":104,"column":5}},"type":"if","locations":[{"start":{"line":100,"column":4},"end":{"line":104,"column":5}},{"start":{"line":102,"column":11},"end":{"line":104,"column":5}}],"line":100},"8":{"loc":{"start":{"line":100,"column":7},"end":{"line":100,"column":20}},"type":"binary-expr","locations":[{"start":{"line":100,"column":7},"end":{"line":100,"column":11}},{"start":{"line":100,"column":15},"end":{"line":100,"column":20}}],"line":100},"9":{"loc":{"start":{"line":122,"column":4},"end":{"line":130,"column":5}},"type":"if","locations":[{"start":{"line":122,"column":4},"end":{"line":130,"column":5}},{"start":{"line":124,"column":11},"end":{"line":130,"column":5}}],"line":122},"10":{"loc":{"start":{"line":122,"column":7},"end":{"line":122,"column":75}},"type":"binary-expr","locations":[{"start":{"line":122,"column":7},"end":{"line":122,"column":13}},{"start":{"line":122,"column":17},"end":{"line":122,"column":56}},{"start":{"line":122,"column":60},"end":{"line":122,"column":75}}],"line":122},"11":{"loc":{"start":{"line":124,"column":11},"end":{"line":130,"column":5}},"type":"if","locations":[{"start":{"line":124,"column":11},"end":{"line":130,"column":5}},{"start":{"line":127,"column":11},"end":{"line":130,"column":5}}],"line":124},"12":{"loc":{"start":{"line":124,"column":15},"end":{"line":124,"column":65}},"type":"binary-expr","locations":[{"start":{"line":124,"column":15},"end":{"line":124,"column":21}},{"start":{"line":124,"column":25},"end":{"line":124,"column":65}}],"line":124},"13":{"loc":{"start":{"line":146,"column":4},"end":{"line":152,"column":5}},"type":"if","locations":[{"start":{"line":146,"column":4},"end":{"line":152,"column":5}},{"start":{"line":149,"column":11},"end":{"line":152,"column":5}}],"line":146}},"s":{"0":5,"1":5,"2":5,"3":5,"4":5,"5":5,"6":1,"7":1,"8":4,"9":1,"10":1,"11":3,"12":3,"13":0,"14":3,"15":3,"16":3,"17":0,"18":0,"19":5,"20":1,"21":1,"22":1,"23":1,"24":1,"25":0,"26":0,"27":5,"28":2,"29":2,"30":2,"31":2,"32":2,"33":2,"34":0,"35":2,"36":2,"37":1,"38":2,"39":1,"40":1,"41":1,"42":1,"43":2,"44":2,"45":1,"46":1,"47":0,"48":0,"49":5,"50":3,"51":3,"52":3,"53":3,"54":3,"55":3,"56":1,"57":2,"58":1,"59":1,"60":1,"61":1,"62":0,"63":0,"64":5,"65":4,"66":4,"67":4,"68":4,"69":4,"70":1,"71":1,"72":3,"73":3,"74":0,"75":0,"76":5,"77":1,"78":1,"79":1,"80":1,"81":1,"82":0,"83":0,"84":5,"85":1,"86":1,"87":1,"88":1,"89":1,"90":0,"91":0},"f":{"0":5,"1":1,"2":2,"3":3,"4":4,"5":1,"6":1},"b":{"0":[1,4],"1":[1,3],"2":[0,3],"3":[0,2],"4":[1,1],"5":[1,1],"6":[2,1],"7":[1,1],"8":[2,1],"9":[1,2],"10":[3,3,2],"11":[1,1],"12":[2,2],"13":[1,3]},"_coverageSchema":"1a1c01bbd47fc00a2c39e90264f33305004495a9","hash":"83ed536a854f1612803f765715d71e90ea70e877"}
,"C:\\Users\\admin\\Desktop\\U-Tad\\WebDevServer\\my-api-final\\src\\controllers\\deliveryNote.controller.js": {"path":"C:\\Users\\admin\\Desktop\\U-Tad\\WebDevServer\\my-api-final\\src\\controllers\\deliveryNote.controller.js","statementMap":{"0":{"start":{"line":15,"column":34},"end":{"line":50,"column":1}},"1":{"start":{"line":16,"column":2},"end":{"line":49,"column":3}},"2":{"start":{"line":17,"column":17},"end":{"line":17,"column":25}},"3":{"start":{"line":20,"column":21},"end":{"line":20,"column":50}},"4":{"start":{"line":23,"column":24},"end":{"line":23,"column":64}},"5":{"start":{"line":25,"column":4},"end":{"line":44,"column":5}},"6":{"start":{"line":26,"column":8},"end":{"line":26,"column":67}},"7":{"start":{"line":27,"column":8},"end":{"line":27,"column":15}},"8":{"start":{"line":28,"column":11},"end":{"line":44,"column":5}},"9":{"start":{"line":29,"column":8},"end":{"line":29,"column":65}},"10":{"start":{"line":30,"column":8},"end":{"line":30,"column":15}},"11":{"start":{"line":32,"column":21},"end":{"line":32,"column":114}},"12":{"start":{"line":33,"column":32},"end":{"line":33,"column":63}},"13":{"start":{"line":43,"column":8},"end":{"line":43,"column":100}},"14":{"start":{"line":47,"column":4},"end":{"line":47,"column":70}},"15":{"start":{"line":48,"column":4},"end":{"line":48,"column":11}},"16":{"start":{"line":53,"column":35},"end":{"line":95,"column":1}},"17":{"start":{"line":54,"column":2},"end":{"line":94,"column":3}},"18":{"start":{"line":55,"column":17},"end":{"line":55,"column":25}},"19":{"start":{"line":56,"column":21},"end":{"line":56,"column":50}},"20":{"start":{"line":60,"column":77},"end":{"line":60,"column":86}},"21":{"start":{"line":62,"column":19},"end":{"line":62,"column":62}},"22":{"start":{"line":63,"column":4},"end":{"line":63,"column":45}},"23":{"start":{"line":63,"column":18},"end":{"line":63,"column":43}},"24":{"start":{"line":64,"column":4},"end":{"line":64,"column":42}},"25":{"start":{"line":64,"column":17},"end":{"line":64,"column":40}},"26":{"start":{"line":65,"column":4},"end":{"line":65,"column":42}},"27":{"start":{"line":65,"column":17},"end":{"line":65,"column":40}},"28":{"start":{"line":66,"column":4},"end":{"line":66,"column":42}},"29":{"start":{"line":66,"column":17},"end":{"line":66,"column":40}},"30":{"start":{"line":67,"column":4},"end":{"line":67,"column":57}},"31":{"start":{"line":67,"column":16},"end":{"line":67,"column":55}},"32":{"start":{"line":68,"column":4},"end":{"line":68,"column":53}},"33":{"start":{"line":68,"column":14},"end":{"line":68,"column":51}},"34":{"start":{"line":69,"column":4},"end":{"line":69,"column":37}},"35":{"start":{"line":71,"column":4},"end":{"line":71,"column":33}},"36":{"start":{"line":71,"column":15},"end":{"line":71,"column":31}},"37":{"start":{"line":74,"column":4},"end":{"line":81,"column":5}},"38":{"start":{"line":76,"column":8},"end":{"line":76,"column":62}},"39":{"start":{"line":77,"column":8},"end":{"line":77,"column":51}},"40":{"start":{"line":79,"column":23},"end":{"line":79,"column":41}},"41":{"start":{"line":80,"column":8},"end":{"line":80,"column":49}},"42":{"start":{"line":83,"column":26},"end":{"line":83,"column":37}},"43":{"start":{"line":85,"column":4},"end":{"line":89,"column":5}},"44":{"start":{"line":86,"column":8},"end":{"line":86,"column":129}},"45":{"start":{"line":88,"column":8},"end":{"line":88,"column":51}},"46":{"start":{"line":92,"column":4},"end":{"line":92,"column":66}},"47":{"start":{"line":93,"column":4},"end":{"line":93,"column":11}},"48":{"start":{"line":98,"column":31},"end":{"line":121,"column":1}},"49":{"start":{"line":99,"column":2},"end":{"line":120,"column":3}},"50":{"start":{"line":100,"column":17},"end":{"line":100,"column":25}},"51":{"start":{"line":101,"column":21},"end":{"line":101,"column":50}},"52":{"start":{"line":103,"column":28},"end":{"line":103,"column":41}},"53":{"start":{"line":105,"column":25},"end":{"line":105,"column":125}},"54":{"start":{"line":107,"column":4},"end":{"line":115,"column":5}},"55":{"start":{"line":108,"column":8},"end":{"line":108,"column":50}},"56":{"start":{"line":109,"column":11},"end":{"line":115,"column":5}},"57":{"start":{"line":110,"column":8},"end":{"line":110,"column":66}},"58":{"start":{"line":111,"column":8},"end":{"line":111,"column":15}},"59":{"start":{"line":113,"column":8},"end":{"line":113,"column":61}},"60":{"start":{"line":114,"column":8},"end":{"line":114,"column":15}},"61":{"start":{"line":118,"column":4},"end":{"line":118,"column":61}},"62":{"start":{"line":119,"column":4},"end":{"line":119,"column":11}},"63":{"start":{"line":124,"column":27},"end":{"line":157,"column":1}},"64":{"start":{"line":125,"column":2},"end":{"line":156,"column":3}},"65":{"start":{"line":126,"column":17},"end":{"line":126,"column":25}},"66":{"start":{"line":127,"column":21},"end":{"line":127,"column":50}},"67":{"start":{"line":129,"column":28},"end":{"line":129,"column":41}},"68":{"start":{"line":130,"column":29},"end":{"line":130,"column":129}},"69":{"start":{"line":132,"column":4},"end":{"line":135,"column":5}},"70":{"start":{"line":133,"column":8},"end":{"line":133,"column":66}},"71":{"start":{"line":134,"column":8},"end":{"line":134,"column":15}},"72":{"start":{"line":138,"column":20},"end":{"line":138,"column":52}},"73":{"start":{"line":139,"column":4},"end":{"line":139,"column":59}},"74":{"start":{"line":139,"column":35},"end":{"line":139,"column":57}},"75":{"start":{"line":141,"column":21},"end":{"line":141,"column":59}},"76":{"start":{"line":142,"column":21},"end":{"line":142,"column":49}},"77":{"start":{"line":144,"column":4},"end":{"line":144,"column":53}},"78":{"start":{"line":145,"column":4},"end":{"line":145,"column":99}},"79":{"start":{"line":148,"column":4},"end":{"line":148,"column":71}},"80":{"start":{"line":151,"column":4},"end":{"line":151,"column":104}},"81":{"start":{"line":154,"column":4},"end":{"line":154,"column":60}},"82":{"start":{"line":155,"column":4},"end":{"line":155,"column":11}},"83":{"start":{"line":160,"column":20},"end":{"line":211,"column":1}},"84":{"start":{"line":161,"column":2},"end":{"line":210,"column":3}},"85":{"start":{"line":162,"column":17},"end":{"line":162,"column":25}},"86":{"start":{"line":163,"column":21},"end":{"line":163,"column":50}},"87":{"start":{"line":165,"column":28},"end":{"line":165,"column":41}},"88":{"start":{"line":166,"column":29},"end":{"line":166,"column":129}},"89":{"start":{"line":168,"column":4},"end":{"line":174,"column":5}},"90":{"start":{"line":169,"column":8},"end":{"line":169,"column":66}},"91":{"start":{"line":170,"column":8},"end":{"line":170,"column":15}},"92":{"start":{"line":171,"column":11},"end":{"line":174,"column":5}},"93":{"start":{"line":172,"column":8},"end":{"line":172,"column":66}},"94":{"start":{"line":173,"column":8},"end":{"line":173,"column":15}},"95":{"start":{"line":177,"column":4},"end":{"line":177,"column":56}},"96":{"start":{"line":178,"column":4},"end":{"line":178,"column":35}},"97":{"start":{"line":179,"column":4},"end":{"line":179,"column":43}},"98":{"start":{"line":180,"column":4},"end":{"line":180,"column":44}},"99":{"start":{"line":181,"column":4},"end":{"line":181,"column":34}},"100":{"start":{"line":192,"column":20},"end":{"line":192,"column":52}},"101":{"start":{"line":193,"column":4},"end":{"line":193,"column":59}},"102":{"start":{"line":193,"column":35},"end":{"line":193,"column":57}},"103":{"start":{"line":195,"column":21},"end":{"line":195,"column":59}},"104":{"start":{"line":196,"column":21},"end":{"line":196,"column":49}},"105":{"start":{"line":198,"column":4},"end":{"line":198,"column":53}},"106":{"start":{"line":199,"column":4},"end":{"line":199,"column":99}},"107":{"start":{"line":202,"column":4},"end":{"line":202,"column":71}},"108":{"start":{"line":205,"column":4},"end":{"line":205,"column":104}},"109":{"start":{"line":208,"column":4},"end":{"line":208,"column":60}},"110":{"start":{"line":209,"column":4},"end":{"line":209,"column":11}},"111":{"start":{"line":214,"column":34},"end":{"line":234,"column":1}},"112":{"start":{"line":215,"column":2},"end":{"line":233,"column":3}},"113":{"start":{"line":216,"column":17},"end":{"line":216,"column":25}},"114":{"start":{"line":218,"column":28},"end":{"line":218,"column":41}},"115":{"start":{"line":220,"column":29},"end":{"line":220,"column":73}},"116":{"start":{"line":222,"column":4},"end":{"line":228,"column":5}},"117":{"start":{"line":223,"column":34},"end":{"line":223,"column":87}},"118":{"start":{"line":224,"column":6},"end":{"line":224,"column":83}},"119":{"start":{"line":226,"column":8},"end":{"line":226,"column":78}},"120":{"start":{"line":227,"column":8},"end":{"line":227,"column":15}},"121":{"start":{"line":231,"column":4},"end":{"line":231,"column":60}},"122":{"start":{"line":232,"column":4},"end":{"line":232,"column":11}}},"fnMap":{"0":{"name":"(anonymous_0)","decl":{"start":{"line":15,"column":34},"end":{"line":15,"column":35}},"loc":{"start":{"line":15,"column":54},"end":{"line":50,"column":1}},"line":15},"1":{"name":"(anonymous_1)","decl":{"start":{"line":53,"column":35},"end":{"line":53,"column":36}},"loc":{"start":{"line":53,"column":55},"end":{"line":95,"column":1}},"line":53},"2":{"name":"(anonymous_2)","decl":{"start":{"line":98,"column":31},"end":{"line":98,"column":32}},"loc":{"start":{"line":98,"column":51},"end":{"line":121,"column":1}},"line":98},"3":{"name":"(anonymous_3)","decl":{"start":{"line":124,"column":27},"end":{"line":124,"column":28}},"loc":{"start":{"line":124,"column":46},"end":{"line":157,"column":1}},"line":124},"4":{"name":"(anonymous_4)","decl":{"start":{"line":160,"column":20},"end":{"line":160,"column":21}},"loc":{"start":{"line":160,"column":39},"end":{"line":211,"column":1}},"line":160},"5":{"name":"(anonymous_5)","decl":{"start":{"line":214,"column":34},"end":{"line":214,"column":35}},"loc":{"start":{"line":214,"column":53},"end":{"line":234,"column":1}},"line":214}},"branchMap":{"0":{"loc":{"start":{"line":25,"column":4},"end":{"line":44,"column":5}},"type":"if","locations":[{"start":{"line":25,"column":4},"end":{"line":44,"column":5}},{"start":{"line":28,"column":11},"end":{"line":44,"column":5}}],"line":25},"1":{"loc":{"start":{"line":28,"column":11},"end":{"line":44,"column":5}},"type":"if","locations":[{"start":{"line":28,"column":11},"end":{"line":44,"column":5}},{"start":{"line":31,"column":11},"end":{"line":44,"column":5}}],"line":28},"2":{"loc":{"start":{"line":63,"column":4},"end":{"line":63,"column":45}},"type":"if","locations":[{"start":{"line":63,"column":4},"end":{"line":63,"column":45}},{"start":{},"end":{}}],"line":63},"3":{"loc":{"start":{"line":64,"column":4},"end":{"line":64,"column":42}},"type":"if","locations":[{"start":{"line":64,"column":4},"end":{"line":64,"column":42}},{"start":{},"end":{}}],"line":64},"4":{"loc":{"start":{"line":65,"column":4},"end":{"line":65,"column":42}},"type":"if","locations":[{"start":{"line":65,"column":4},"end":{"line":65,"column":42}},{"start":{},"end":{}}],"line":65},"5":{"loc":{"start":{"line":66,"column":4},"end":{"line":66,"column":42}},"type":"if","locations":[{"start":{"line":66,"column":4},"end":{"line":66,"column":42}},{"start":{},"end":{}}],"line":66},"6":{"loc":{"start":{"line":67,"column":4},"end":{"line":67,"column":57}},"type":"if","locations":[{"start":{"line":67,"column":4},"end":{"line":67,"column":57}},{"start":{},"end":{}}],"line":67},"7":{"loc":{"start":{"line":68,"column":4},"end":{"line":68,"column":53}},"type":"if","locations":[{"start":{"line":68,"column":4},"end":{"line":68,"column":53}},{"start":{},"end":{}}],"line":68},"8":{"loc":{"start":{"line":71,"column":4},"end":{"line":71,"column":33}},"type":"if","locations":[{"start":{"line":71,"column":4},"end":{"line":71,"column":33}},{"start":{},"end":{}}],"line":71},"9":{"loc":{"start":{"line":74,"column":4},"end":{"line":81,"column":5}},"type":"if","locations":[{"start":{"line":74,"column":4},"end":{"line":81,"column":5}},{"start":{},"end":{}}],"line":74},"10":{"loc":{"start":{"line":74,"column":7},"end":{"line":74,"column":20}},"type":"binary-expr","locations":[{"start":{"line":74,"column":7},"end":{"line":74,"column":11}},{"start":{"line":74,"column":15},"end":{"line":74,"column":20}}],"line":74},"11":{"loc":{"start":{"line":85,"column":4},"end":{"line":89,"column":5}},"type":"if","locations":[{"start":{"line":85,"column":4},"end":{"line":89,"column":5}},{"start":{"line":87,"column":11},"end":{"line":89,"column":5}}],"line":85},"12":{"loc":{"start":{"line":85,"column":7},"end":{"line":85,"column":20}},"type":"binary-expr","locations":[{"start":{"line":85,"column":7},"end":{"line":85,"column":11}},{"start":{"line":85,"column":15},"end":{"line":85,"column":20}}],"line":85},"13":{"loc":{"start":{"line":107,"column":4},"end":{"line":115,"column":5}},"type":"if","locations":[{"start":{"line":107,"column":4},"end":{"line":115,"column":5}},{"start":{"line":109,"column":11},"end":{"line":115,"column":5}}],"line":107},"14":{"loc":{"start":{"line":107,"column":7},"end":{"line":107,"column":68}},"type":"binary-expr","locations":[{"start":{"line":107,"column":7},"end":{"line":107,"column":19}},{"start":{"line":107,"column":23},"end":{"line":107,"column":68}}],"line":107},"15":{"loc":{"start":{"line":109,"column":11},"end":{"line":115,"column":5}},"type":"if","locations":[{"start":{"line":109,"column":11},"end":{"line":115,"column":5}},{"start":{"line":112,"column":11},"end":{"line":115,"column":5}}],"line":109},"16":{"loc":{"start":{"line":109,"column":15},"end":{"line":109,"column":77}},"type":"binary-expr","locations":[{"start":{"line":109,"column":15},"end":{"line":109,"column":27}},{"start":{"line":109,"column":31},"end":{"line":109,"column":77}}],"line":109},"17":{"loc":{"start":{"line":132,"column":4},"end":{"line":135,"column":5}},"type":"if","locations":[{"start":{"line":132,"column":4},"end":{"line":135,"column":5}},{"start":{},"end":{}}],"line":132},"18":{"loc":{"start":{"line":132,"column":8},"end":{"line":132,"column":78}},"type":"binary-expr","locations":[{"start":{"line":132,"column":8},"end":{"line":132,"column":24}},{"start":{"line":132,"column":28},"end":{"line":132,"column":78}}],"line":132},"19":{"loc":{"start":{"line":139,"column":4},"end":{"line":139,"column":59}},"type":"if","locations":[{"start":{"line":139,"column":4},"end":{"line":139,"column":59}},{"start":{},"end":{}}],"line":139},"20":{"loc":{"start":{"line":168,"column":4},"end":{"line":174,"column":5}},"type":"if","locations":[{"start":{"line":168,"column":4},"end":{"line":174,"column":5}},{"start":{"line":171,"column":11},"end":{"line":174,"column":5}}],"line":168},"21":{"loc":{"start":{"line":168,"column":8},"end":{"line":168,"column":78}},"type":"binary-expr","locations":[{"start":{"line":168,"column":8},"end":{"line":168,"column":24}},{"start":{"line":168,"column":28},"end":{"line":168,"column":78}}],"line":168},"22":{"loc":{"start":{"line":171,"column":11},"end":{"line":174,"column":5}},"type":"if","locations":[{"start":{"line":171,"column":11},"end":{"line":174,"column":5}},{"start":{},"end":{}}],"line":171},"23":{"loc":{"start":{"line":193,"column":4},"end":{"line":193,"column":59}},"type":"if","locations":[{"start":{"line":193,"column":4},"end":{"line":193,"column":59}},{"start":{},"end":{}}],"line":193},"24":{"loc":{"start":{"line":222,"column":4},"end":{"line":228,"column":5}},"type":"if","locations":[{"start":{"line":222,"column":4},"end":{"line":228,"column":5}},{"start":{"line":225,"column":11},"end":{"line":228,"column":5}}],"line":222}},"s":{"0":5,"1":3,"2":3,"3":3,"4":3,"5":3,"6":1,"7":1,"8":2,"9":0,"10":0,"11":2,"12":2,"13":2,"14":0,"15":0,"16":5,"17":2,"18":2,"19":2,"20":2,"21":2,"22":2,"23":0,"24":2,"25":0,"26":2,"27":0,"28":2,"29":0,"30":2,"31":0,"32":2,"33":0,"34":2,"35":2,"36":1,"37":2,"38":1,"39":1,"40":1,"41":1,"42":2,"43":2,"44":1,"45":1,"46":0,"47":0,"48":5,"49":3,"50":3,"51":3,"52":3,"53":3,"54":3,"55":1,"56":2,"57":1,"58":1,"59":1,"60":1,"61":0,"62":0,"63":5,"64":2,"65":2,"66":2,"67":2,"68":2,"69":2,"70":1,"71":1,"72":1,"73":1,"74":0,"75":1,"76":1,"77":1,"78":1,"79":1,"80":1,"81":0,"82":0,"83":5,"84":3,"85":3,"86":3,"87":3,"88":3,"89":3,"90":1,"91":1,"92":2,"93":1,"94":1,"95":1,"96":1,"97":1,"98":1,"99":1,"100":1,"101":1,"102":0,"103":1,"104":1,"105":1,"106":1,"107":1,"108":1,"109":0,"110":0,"111":5,"112":2,"113":2,"114":2,"115":2,"116":2,"117":1,"118":1,"119":1,"120":1,"121":0,"122":0},"f":{"0":3,"1":2,"2":3,"3":2,"4":3,"5":2},"b":{"0":[1,2],"1":[0,2],"2":[0,2],"3":[0,2],"4":[0,2],"5":[0,2],"6":[0,2],"7":[0,2],"8":[1,1],"9":[1,1],"10":[2,1],"11":[1,1],"12":[2,1],"13":[1,2],"14":[3,2],"15":[1,1],"16":[2,1],"17":[1,1],"18":[2,2],"19":[0,1],"20":[1,2],"21":[3,3],"22":[1,1],"23":[0,1],"24":[1,1]},"_coverageSchema":"1a1c01bbd47fc00a2c39e90264f33305004495a9","hash":"a030a4a2fb550f653f3f21e1d23b7926b027f08b"}
,"C:\\Users\\admin\\Desktop\\U-Tad\\WebDevServer\\my-api-final\\src\\controllers\\project.controller.js": {"path":"C:\\Users\\admin\\Desktop\\U-Tad\\WebDevServer\\my-api-final\\src\\controllers\\project.controller.js","statementMap":{"0":{"start":{"line":10,"column":29},"end":{"line":72,"column":1}},"1":{"start":{"line":11,"column":2},"end":{"line":71,"column":3}},"2":{"start":{"line":12,"column":17},"end":{"line":12,"column":25}},"3":{"start":{"line":15,"column":21},"end":{"line":15,"column":50}},"4":{"start":{"line":17,"column":4},"end":{"line":20,"column":5}},"5":{"start":{"line":18,"column":8},"end":{"line":18,"column":67}},"6":{"start":{"line":19,"column":8},"end":{"line":19,"column":15}},"7":{"start":{"line":24,"column":4},"end":{"line":29,"column":5}},"8":{"start":{"line":25,"column":8},"end":{"line":25,"column":62}},"9":{"start":{"line":27,"column":8},"end":{"line":27,"column":61}},"10":{"start":{"line":28,"column":8},"end":{"line":28,"column":15}},"11":{"start":{"line":32,"column":4},"end":{"line":35,"column":5}},"12":{"start":{"line":33,"column":8},"end":{"line":33,"column":68}},"13":{"start":{"line":34,"column":8},"end":{"line":34,"column":15}},"14":{"start":{"line":38,"column":37},"end":{"line":38,"column":124}},"15":{"start":{"line":40,"column":4},"end":{"line":66,"column":5}},"16":{"start":{"line":41,"column":8},"end":{"line":41,"column":76}},"17":{"start":{"line":42,"column":8},"end":{"line":42,"column":15}},"18":{"start":{"line":45,"column":22},"end":{"line":51,"column":10}},"19":{"start":{"line":53,"column":8},"end":{"line":53,"column":75}},"20":{"start":{"line":53,"column":24},"end":{"line":53,"column":73}},"21":{"start":{"line":54,"column":21},"end":{"line":54,"column":129}},"22":{"start":{"line":55,"column":27},"end":{"line":55,"column":53}},"23":{"start":{"line":65,"column":8},"end":{"line":65,"column":89}},"24":{"start":{"line":69,"column":4},"end":{"line":69,"column":56}},"25":{"start":{"line":70,"column":4},"end":{"line":70,"column":11}},"26":{"start":{"line":75,"column":29},"end":{"line":88,"column":1}},"27":{"start":{"line":76,"column":2},"end":{"line":87,"column":3}},"28":{"start":{"line":77,"column":17},"end":{"line":77,"column":25}},"29":{"start":{"line":78,"column":23},"end":{"line":78,"column":36}},"30":{"start":{"line":80,"column":27},"end":{"line":80,"column":123}},"31":{"start":{"line":82,"column":4},"end":{"line":82,"column":87}},"32":{"start":{"line":85,"column":4},"end":{"line":85,"column":61}},"33":{"start":{"line":86,"column":4},"end":{"line":86,"column":11}},"34":{"start":{"line":91,"column":30},"end":{"line":130,"column":1}},"35":{"start":{"line":92,"column":2},"end":{"line":129,"column":3}},"36":{"start":{"line":93,"column":17},"end":{"line":93,"column":25}},"37":{"start":{"line":94,"column":21},"end":{"line":94,"column":50}},"38":{"start":{"line":98,"column":56},"end":{"line":98,"column":65}},"39":{"start":{"line":100,"column":19},"end":{"line":100,"column":62}},"40":{"start":{"line":101,"column":4},"end":{"line":101,"column":42}},"41":{"start":{"line":101,"column":17},"end":{"line":101,"column":40}},"42":{"start":{"line":102,"column":4},"end":{"line":102,"column":36}},"43":{"start":{"line":102,"column":15},"end":{"line":102,"column":34}},"44":{"start":{"line":103,"column":4},"end":{"line":103,"column":42}},"45":{"start":{"line":103,"column":17},"end":{"line":103,"column":40}},"46":{"start":{"line":104,"column":4},"end":{"line":104,"column":32}},"47":{"start":{"line":106,"column":4},"end":{"line":106,"column":33}},"48":{"start":{"line":106,"column":15},"end":{"line":106,"column":31}},"49":{"start":{"line":109,"column":4},"end":{"line":116,"column":5}},"50":{"start":{"line":111,"column":8},"end":{"line":111,"column":57}},"51":{"start":{"line":112,"column":8},"end":{"line":112,"column":51}},"52":{"start":{"line":114,"column":23},"end":{"line":114,"column":41}},"53":{"start":{"line":115,"column":8},"end":{"line":115,"column":49}},"54":{"start":{"line":118,"column":21},"end":{"line":118,"column":32}},"55":{"start":{"line":120,"column":4},"end":{"line":124,"column":5}},"56":{"start":{"line":121,"column":8},"end":{"line":121,"column":124}},"57":{"start":{"line":123,"column":8},"end":{"line":123,"column":46}},"58":{"start":{"line":127,"column":4},"end":{"line":127,"column":68}},"59":{"start":{"line":128,"column":4},"end":{"line":128,"column":11}},"60":{"start":{"line":133,"column":26},"end":{"line":156,"column":1}},"61":{"start":{"line":134,"column":2},"end":{"line":155,"column":3}},"62":{"start":{"line":135,"column":17},"end":{"line":135,"column":25}},"63":{"start":{"line":136,"column":21},"end":{"line":136,"column":50}},"64":{"start":{"line":138,"column":23},"end":{"line":138,"column":36}},"65":{"start":{"line":140,"column":20},"end":{"line":140,"column":54}},"66":{"start":{"line":142,"column":4},"end":{"line":150,"column":5}},"67":{"start":{"line":143,"column":8},"end":{"line":143,"column":45}},"68":{"start":{"line":144,"column":11},"end":{"line":150,"column":5}},"69":{"start":{"line":145,"column":8},"end":{"line":145,"column":60}},"70":{"start":{"line":146,"column":8},"end":{"line":146,"column":15}},"71":{"start":{"line":148,"column":8},"end":{"line":148,"column":55}},"72":{"start":{"line":149,"column":8},"end":{"line":149,"column":15}},"73":{"start":{"line":153,"column":4},"end":{"line":153,"column":55}},"74":{"start":{"line":154,"column":4},"end":{"line":154,"column":11}},"75":{"start":{"line":159,"column":29},"end":{"line":178,"column":1}},"76":{"start":{"line":160,"column":2},"end":{"line":177,"column":3}},"77":{"start":{"line":161,"column":17},"end":{"line":161,"column":25}},"78":{"start":{"line":162,"column":21},"end":{"line":162,"column":30}},"79":{"start":{"line":164,"column":23},"end":{"line":164,"column":36}},"80":{"start":{"line":166,"column":4},"end":{"line":172,"column":5}},"81":{"start":{"line":167,"column":29},"end":{"line":167,"column":88}},"82":{"start":{"line":168,"column":6},"end":{"line":168,"column":79}},"83":{"start":{"line":170,"column":29},"end":{"line":170,"column":72}},"84":{"start":{"line":171,"column":6},"end":{"line":171,"column":84}},"85":{"start":{"line":175,"column":4},"end":{"line":175,"column":54}},"86":{"start":{"line":176,"column":4},"end":{"line":176,"column":11}},"87":{"start":{"line":181,"column":38},"end":{"line":194,"column":1}},"88":{"start":{"line":182,"column":2},"end":{"line":193,"column":3}},"89":{"start":{"line":183,"column":17},"end":{"line":183,"column":25}},"90":{"start":{"line":184,"column":21},"end":{"line":184,"column":50}},"91":{"start":{"line":186,"column":21},"end":{"line":186,"column":83}},"92":{"start":{"line":188,"column":4},"end":{"line":188,"column":42}},"93":{"start":{"line":191,"column":4},"end":{"line":191,"column":69}},"94":{"start":{"line":192,"column":4},"end":{"line":192,"column":11}},"95":{"start":{"line":197,"column":30},"end":{"line":210,"column":1}},"96":{"start":{"line":198,"column":2},"end":{"line":209,"column":3}},"97":{"start":{"line":199,"column":17},"end":{"line":199,"column":25}},"98":{"start":{"line":200,"column":23},"end":{"line":200,"column":36}},"99":{"start":{"line":202,"column":28},"end":{"line":202,"column":126}},"100":{"start":{"line":204,"column":4},"end":{"line":204,"column":49}},"101":{"start":{"line":207,"column":4},"end":{"line":207,"column":57}},"102":{"start":{"line":208,"column":4},"end":{"line":208,"column":11}}},"fnMap":{"0":{"name":"(anonymous_0)","decl":{"start":{"line":10,"column":29},"end":{"line":10,"column":30}},"loc":{"start":{"line":10,"column":49},"end":{"line":72,"column":1}},"line":10},"1":{"name":"(anonymous_1)","decl":{"start":{"line":75,"column":29},"end":{"line":75,"column":30}},"loc":{"start":{"line":75,"column":48},"end":{"line":88,"column":1}},"line":75},"2":{"name":"(anonymous_2)","decl":{"start":{"line":91,"column":30},"end":{"line":91,"column":31}},"loc":{"start":{"line":91,"column":50},"end":{"line":130,"column":1}},"line":91},"3":{"name":"(anonymous_3)","decl":{"start":{"line":133,"column":26},"end":{"line":133,"column":27}},"loc":{"start":{"line":133,"column":46},"end":{"line":156,"column":1}},"line":133},"4":{"name":"(anonymous_4)","decl":{"start":{"line":159,"column":29},"end":{"line":159,"column":30}},"loc":{"start":{"line":159,"column":48},"end":{"line":178,"column":1}},"line":159},"5":{"name":"(anonymous_5)","decl":{"start":{"line":181,"column":38},"end":{"line":181,"column":39}},"loc":{"start":{"line":181,"column":58},"end":{"line":194,"column":1}},"line":181},"6":{"name":"(anonymous_6)","decl":{"start":{"line":197,"column":30},"end":{"line":197,"column":31}},"loc":{"start":{"line":197,"column":50},"end":{"line":210,"column":1}},"line":197}},"branchMap":{"0":{"loc":{"start":{"line":17,"column":4},"end":{"line":20,"column":5}},"type":"if","locations":[{"start":{"line":17,"column":4},"end":{"line":20,"column":5}},{"start":{},"end":{}}],"line":17},"1":{"loc":{"start":{"line":32,"column":4},"end":{"line":35,"column":5}},"type":"if","locations":[{"start":{"line":32,"column":4},"end":{"line":35,"column":5}},{"start":{},"end":{}}],"line":32},"2":{"loc":{"start":{"line":40,"column":4},"end":{"line":66,"column":5}},"type":"if","locations":[{"start":{"line":40,"column":4},"end":{"line":66,"column":5}},{"start":{"line":43,"column":11},"end":{"line":66,"column":5}}],"line":40},"3":{"loc":{"start":{"line":53,"column":8},"end":{"line":53,"column":75}},"type":"if","locations":[{"start":{"line":53,"column":8},"end":{"line":53,"column":75}},{"start":{},"end":{}}],"line":53},"4":{"loc":{"start":{"line":101,"column":4},"end":{"line":101,"column":42}},"type":"if","locations":[{"start":{"line":101,"column":4},"end":{"line":101,"column":42}},{"start":{},"end":{}}],"line":101},"5":{"loc":{"start":{"line":102,"column":4},"end":{"line":102,"column":36}},"type":"if","locations":[{"start":{"line":102,"column":4},"end":{"line":102,"column":36}},{"start":{},"end":{}}],"line":102},"6":{"loc":{"start":{"line":103,"column":4},"end":{"line":103,"column":42}},"type":"if","locations":[{"start":{"line":103,"column":4},"end":{"line":103,"column":42}},{"start":{},"end":{}}],"line":103},"7":{"loc":{"start":{"line":106,"column":4},"end":{"line":106,"column":33}},"type":"if","locations":[{"start":{"line":106,"column":4},"end":{"line":106,"column":33}},{"start":{},"end":{}}],"line":106},"8":{"loc":{"start":{"line":109,"column":4},"end":{"line":116,"column":5}},"type":"if","locations":[{"start":{"line":109,"column":4},"end":{"line":116,"column":5}},{"start":{},"end":{}}],"line":109},"9":{"loc":{"start":{"line":109,"column":7},"end":{"line":109,"column":20}},"type":"binary-expr","locations":[{"start":{"line":109,"column":7},"end":{"line":109,"column":11}},{"start":{"line":109,"column":15},"end":{"line":109,"column":20}}],"line":109},"10":{"loc":{"start":{"line":120,"column":4},"end":{"line":124,"column":5}},"type":"if","locations":[{"start":{"line":120,"column":4},"end":{"line":124,"column":5}},{"start":{"line":122,"column":11},"end":{"line":124,"column":5}}],"line":120},"11":{"loc":{"start":{"line":120,"column":7},"end":{"line":120,"column":20}},"type":"binary-expr","locations":[{"start":{"line":120,"column":7},"end":{"line":120,"column":11}},{"start":{"line":120,"column":15},"end":{"line":120,"column":20}}],"line":120},"12":{"loc":{"start":{"line":142,"column":4},"end":{"line":150,"column":5}},"type":"if","locations":[{"start":{"line":142,"column":4},"end":{"line":150,"column":5}},{"start":{"line":144,"column":11},"end":{"line":150,"column":5}}],"line":142},"13":{"loc":{"start":{"line":142,"column":7},"end":{"line":142,"column":78}},"type":"binary-expr","locations":[{"start":{"line":142,"column":7},"end":{"line":142,"column":14}},{"start":{"line":142,"column":18},"end":{"line":142,"column":58}},{"start":{"line":142,"column":62},"end":{"line":142,"column":78}}],"line":142},"14":{"loc":{"start":{"line":144,"column":11},"end":{"line":150,"column":5}},"type":"if","locations":[{"start":{"line":144,"column":11},"end":{"line":150,"column":5}},{"start":{"line":147,"column":11},"end":{"line":150,"column":5}}],"line":144},"15":{"loc":{"start":{"line":144,"column":15},"end":{"line":144,"column":67}},"type":"binary-expr","locations":[{"start":{"line":144,"column":15},"end":{"line":144,"column":22}},{"start":{"line":144,"column":26},"end":{"line":144,"column":67}}],"line":144},"16":{"loc":{"start":{"line":166,"column":4},"end":{"line":172,"column":5}},"type":"if","locations":[{"start":{"line":166,"column":4},"end":{"line":172,"column":5}},{"start":{"line":169,"column":11},"end":{"line":172,"column":5}}],"line":166}},"s":{"0":5,"1":5,"2":5,"3":5,"4":5,"5":1,"6":1,"7":4,"8":4,"9":0,"10":0,"11":4,"12":0,"13":0,"14":3,"15":3,"16":1,"17":1,"18":2,"19":2,"20":0,"21":2,"22":2,"23":2,"24":1,"25":1,"26":5,"27":1,"28":1,"29":1,"30":1,"31":1,"32":0,"33":0,"34":5,"35":2,"36":2,"37":2,"38":2,"39":2,"40":2,"41":0,"42":2,"43":0,"44":2,"45":0,"46":2,"47":2,"48":1,"49":2,"50":1,"51":1,"52":1,"53":1,"54":2,"55":2,"56":1,"57":1,"58":0,"59":0,"60":5,"61":3,"62":3,"63":3,"64":3,"65":3,"66":3,"67":1,"68":2,"69":1,"70":1,"71":1,"72":1,"73":0,"74":0,"75":5,"76":3,"77":3,"78":3,"79":3,"80":3,"81":1,"82":1,"83":2,"84":2,"85":0,"86":0,"87":5,"88":1,"89":1,"90":1,"91":1,"92":1,"93":0,"94":0,"95":5,"96":1,"97":1,"98":1,"99":1,"100":1,"101":0,"102":0},"f":{"0":5,"1":1,"2":2,"3":3,"4":3,"5":1,"6":1},"b":{"0":[1,4],"1":[0,3],"2":[1,2],"3":[0,2],"4":[0,2],"5":[0,2],"6":[0,2],"7":[1,1],"8":[1,1],"9":[2,1],"10":[1,1],"11":[2,1],"12":[1,2],"13":[3,3,2],"14":[1,1],"15":[2,2],"16":[1,2]},"_coverageSchema":"1a1c01bbd47fc00a2c39e90264f33305004495a9","hash":"af6390adf0d6c64189c16dd0cf6f083bf7a36c37"}
,"C:\\Users\\admin\\Desktop\\U-Tad\\WebDevServer\\my-api-final\\src\\controllers\\user.controller.js": {"path":"C:\\Users\\admin\\Desktop\\U-Tad\\WebDevServer\\my-api-final\\src\\controllers\\user.controller.js","statementMap":{"0":{"start":{"line":12,"column":19},"end":{"line":12,"column":68}},"1":{"start":{"line":15,"column":24},"end":{"line":73,"column":1}},"2":{"start":{"line":16,"column":2},"end":{"line":72,"column":3}},"3":{"start":{"line":18,"column":25},"end":{"line":18,"column":70}},"4":{"start":{"line":19,"column":4},"end":{"line":22,"column":5}},"5":{"start":{"line":20,"column":6},"end":{"line":20,"column":56}},"6":{"start":{"line":21,"column":6},"end":{"line":21,"column":13}},"7":{"start":{"line":25,"column":21},"end":{"line":25,"column":53}},"8":{"start":{"line":28,"column":18},"end":{"line":34,"column":6}},"9":{"start":{"line":37,"column":4},"end":{"line":37,"column":71}},"10":{"start":{"line":37,"column":20},"end":{"line":37,"column":69}},"11":{"start":{"line":40,"column":17},"end":{"line":40,"column":64}},"12":{"start":{"line":41,"column":21},"end":{"line":41,"column":44}},"13":{"start":{"line":44,"column":4},"end":{"line":44,"column":59}},"14":{"start":{"line":47,"column":24},"end":{"line":47,"column":53}},"15":{"start":{"line":48,"column":25},"end":{"line":48,"column":47}},"16":{"start":{"line":49,"column":4},"end":{"line":54,"column":7}},"17":{"start":{"line":57,"column":4},"end":{"line":59,"column":7}},"18":{"start":{"line":61,"column":17},"end":{"line":65,"column":5}},"19":{"start":{"line":67,"column":4},"end":{"line":67,"column":38}},"20":{"start":{"line":70,"column":4},"end":{"line":70,"column":61}},"21":{"start":{"line":71,"column":4},"end":{"line":71,"column":11}},"22":{"start":{"line":76,"column":31},"end":{"line":99,"column":1}},"23":{"start":{"line":77,"column":2},"end":{"line":98,"column":3}},"24":{"start":{"line":78,"column":17},"end":{"line":78,"column":25}},"25":{"start":{"line":79,"column":17},"end":{"line":79,"column":42}},"26":{"start":{"line":81,"column":4},"end":{"line":93,"column":5}},"27":{"start":{"line":82,"column":21},"end":{"line":82,"column":119}},"28":{"start":{"line":83,"column":6},"end":{"line":83,"column":59}},"29":{"start":{"line":85,"column":6},"end":{"line":92,"column":7}},"30":{"start":{"line":86,"column":8},"end":{"line":86,"column":55}},"31":{"start":{"line":87,"column":8},"end":{"line":87,"column":14}},"32":{"start":{"line":89,"column":23},"end":{"line":89,"column":116}},"33":{"start":{"line":90,"column":8},"end":{"line":90,"column":52}},"34":{"start":{"line":91,"column":8},"end":{"line":91,"column":14}},"35":{"start":{"line":96,"column":4},"end":{"line":96,"column":56}},"36":{"start":{"line":97,"column":4},"end":{"line":97,"column":11}},"37":{"start":{"line":102,"column":21},"end":{"line":145,"column":1}},"38":{"start":{"line":103,"column":2},"end":{"line":144,"column":3}},"39":{"start":{"line":104,"column":32},"end":{"line":104,"column":40}},"40":{"start":{"line":107,"column":17},"end":{"line":107,"column":46}},"41":{"start":{"line":108,"column":4},"end":{"line":112,"column":5}},"42":{"start":{"line":109,"column":8},"end":{"line":109,"column":66}},"43":{"start":{"line":110,"column":11},"end":{"line":112,"column":5}},"44":{"start":{"line":111,"column":8},"end":{"line":111,"column":63}},"45":{"start":{"line":115,"column":25},"end":{"line":115,"column":38}},"46":{"start":{"line":116,"column":18},"end":{"line":116,"column":55}},"47":{"start":{"line":117,"column":4},"end":{"line":119,"column":5}},"48":{"start":{"line":118,"column":8},"end":{"line":118,"column":74}},"49":{"start":{"line":122,"column":4},"end":{"line":122,"column":55}},"50":{"start":{"line":125,"column":24},"end":{"line":125,"column":49}},"51":{"start":{"line":126,"column":25},"end":{"line":126,"column":47}},"52":{"start":{"line":127,"column":4},"end":{"line":132,"column":7}},"53":{"start":{"line":134,"column":17},"end":{"line":138,"column":5}},"54":{"start":{"line":140,"column":4},"end":{"line":140,"column":38}},"55":{"start":{"line":143,"column":4},"end":{"line":143,"column":63}},"56":{"start":{"line":148,"column":38},"end":{"line":160,"column":1}},"57":{"start":{"line":149,"column":2},"end":{"line":159,"column":3}},"58":{"start":{"line":150,"column":17},"end":{"line":150,"column":25}},"59":{"start":{"line":152,"column":24},"end":{"line":152,"column":115}},"60":{"start":{"line":154,"column":4},"end":{"line":154,"column":85}},"61":{"start":{"line":157,"column":4},"end":{"line":157,"column":64}},"62":{"start":{"line":158,"column":4},"end":{"line":158,"column":11}},"63":{"start":{"line":163,"column":37},"end":{"line":196,"column":1}},"64":{"start":{"line":164,"column":2},"end":{"line":195,"column":3}},"65":{"start":{"line":165,"column":17},"end":{"line":165,"column":25}},"66":{"start":{"line":166,"column":20},"end":{"line":166,"column":63}},"67":{"start":{"line":168,"column":4},"end":{"line":190,"column":5}},"68":{"start":{"line":169,"column":26},"end":{"line":169,"column":139}},"69":{"start":{"line":170,"column":6},"end":{"line":170,"column":87}},"70":{"start":{"line":172,"column":6},"end":{"line":189,"column":7}},"71":{"start":{"line":173,"column":27},"end":{"line":173,"column":139}},"72":{"start":{"line":174,"column":28},"end":{"line":174,"column":144}},"73":{"start":{"line":175,"column":8},"end":{"line":175,"column":115}},"74":{"start":{"line":178,"column":22},"end":{"line":184,"column":10}},"75":{"start":{"line":185,"column":8},"end":{"line":185,"column":75}},"76":{"start":{"line":185,"column":24},"end":{"line":185,"column":73}},"77":{"start":{"line":186,"column":27},"end":{"line":186,"column":143}},"78":{"start":{"line":187,"column":28},"end":{"line":187,"column":144}},"79":{"start":{"line":188,"column":8},"end":{"line":188,"column":102}},"80":{"start":{"line":193,"column":4},"end":{"line":193,"column":71}},"81":{"start":{"line":194,"column":4},"end":{"line":194,"column":11}},"82":{"start":{"line":199,"column":30},"end":{"line":228,"column":1}},"83":{"start":{"line":200,"column":2},"end":{"line":227,"column":3}},"84":{"start":{"line":201,"column":17},"end":{"line":201,"column":25}},"85":{"start":{"line":202,"column":4},"end":{"line":204,"column":5}},"86":{"start":{"line":203,"column":8},"end":{"line":203,"column":76}},"87":{"start":{"line":206,"column":4},"end":{"line":208,"column":5}},"88":{"start":{"line":207,"column":6},"end":{"line":207,"column":65}},"89":{"start":{"line":210,"column":55},"end":{"line":210,"column":63}},"90":{"start":{"line":212,"column":21},"end":{"line":218,"column":6}},"91":{"start":{"line":220,"column":27},"end":{"line":220,"column":127}},"92":{"start":{"line":222,"column":4},"end":{"line":222,"column":110}},"93":{"start":{"line":225,"column":4},"end":{"line":225,"column":70}},"94":{"start":{"line":226,"column":4},"end":{"line":226,"column":11}},"95":{"start":{"line":231,"column":23},"end":{"line":248,"column":1}},"96":{"start":{"line":232,"column":2},"end":{"line":247,"column":3}},"97":{"start":{"line":233,"column":17},"end":{"line":233,"column":25}},"98":{"start":{"line":235,"column":21},"end":{"line":235,"column":90}},"99":{"start":{"line":237,"column":4},"end":{"line":242,"column":5}},"100":{"start":{"line":238,"column":6},"end":{"line":238,"column":48}},"101":{"start":{"line":239,"column":6},"end":{"line":239,"column":13}},"102":{"start":{"line":241,"column":6},"end":{"line":241,"column":66}},"103":{"start":{"line":245,"column":4},"end":{"line":245,"column":52}},"104":{"start":{"line":246,"column":4},"end":{"line":246,"column":11}},"105":{"start":{"line":251,"column":32},"end":{"line":272,"column":1}},"106":{"start":{"line":252,"column":2},"end":{"line":271,"column":3}},"107":{"start":{"line":253,"column":29},"end":{"line":253,"column":37}},"108":{"start":{"line":255,"column":4},"end":{"line":257,"column":5}},"109":{"start":{"line":256,"column":6},"end":{"line":256,"column":85}},"110":{"start":{"line":259,"column":24},"end":{"line":259,"column":92}},"111":{"start":{"line":261,"column":4},"end":{"line":263,"column":5}},"112":{"start":{"line":262,"column":6},"end":{"line":262,"column":96}},"113":{"start":{"line":265,"column":24},"end":{"line":265,"column":61}},"114":{"start":{"line":266,"column":4},"end":{"line":266,"column":90}},"115":{"start":{"line":269,"column":4},"end":{"line":269,"column":60}},"116":{"start":{"line":270,"column":4},"end":{"line":270,"column":11}},"117":{"start":{"line":275,"column":22},"end":{"line":289,"column":1}},"118":{"start":{"line":276,"column":2},"end":{"line":288,"column":3}},"119":{"start":{"line":277,"column":17},"end":{"line":277,"column":25}},"120":{"start":{"line":279,"column":4},"end":{"line":281,"column":6}},"121":{"start":{"line":283,"column":4},"end":{"line":283,"column":45}},"122":{"start":{"line":286,"column":4},"end":{"line":286,"column":46}},"123":{"start":{"line":287,"column":4},"end":{"line":287,"column":11}},"124":{"start":{"line":292,"column":26},"end":{"line":317,"column":1}},"125":{"start":{"line":293,"column":2},"end":{"line":316,"column":3}},"126":{"start":{"line":294,"column":17},"end":{"line":294,"column":25}},"127":{"start":{"line":295,"column":21},"end":{"line":295,"column":30}},"128":{"start":{"line":297,"column":4},"end":{"line":311,"column":5}},"129":{"start":{"line":298,"column":26},"end":{"line":298,"column":80}},"130":{"start":{"line":300,"column":6},"end":{"line":302,"column":9}},"131":{"start":{"line":303,"column":6},"end":{"line":303,"column":73}},"132":{"start":{"line":305,"column":26},"end":{"line":305,"column":64}},"133":{"start":{"line":307,"column":6},"end":{"line":309,"column":9}},"134":{"start":{"line":310,"column":6},"end":{"line":310,"column":78}},"135":{"start":{"line":314,"column":4},"end":{"line":314,"column":51}},"136":{"start":{"line":315,"column":4},"end":{"line":315,"column":11}},"137":{"start":{"line":320,"column":30},"end":{"line":341,"column":1}},"138":{"start":{"line":321,"column":2},"end":{"line":340,"column":3}},"139":{"start":{"line":322,"column":17},"end":{"line":322,"column":25}},"140":{"start":{"line":323,"column":45},"end":{"line":323,"column":53}},"141":{"start":{"line":326,"column":25},"end":{"line":326,"column":38}},"142":{"start":{"line":327,"column":18},"end":{"line":327,"column":62}},"143":{"start":{"line":328,"column":4},"end":{"line":330,"column":5}},"144":{"start":{"line":329,"column":8},"end":{"line":329,"column":74}},"145":{"start":{"line":332,"column":30},"end":{"line":332,"column":56}},"146":{"start":{"line":333,"column":24},"end":{"line":333,"column":131}},"147":{"start":{"line":335,"column":4},"end":{"line":335,"column":46}},"148":{"start":{"line":338,"column":4},"end":{"line":338,"column":57}},"149":{"start":{"line":339,"column":4},"end":{"line":339,"column":11}},"150":{"start":{"line":344,"column":32},"end":{"line":388,"column":1}},"151":{"start":{"line":345,"column":2},"end":{"line":387,"column":3}},"152":{"start":{"line":346,"column":17},"end":{"line":346,"column":25}},"153":{"start":{"line":349,"column":25},"end":{"line":349,"column":70}},"154":{"start":{"line":350,"column":4},"end":{"line":353,"column":5}},"155":{"start":{"line":351,"column":6},"end":{"line":351,"column":56}},"156":{"start":{"line":352,"column":6},"end":{"line":352,"column":13}},"157":{"start":{"line":356,"column":21},"end":{"line":356,"column":53}},"158":{"start":{"line":359,"column":18},"end":{"line":365,"column":6}},"159":{"start":{"line":368,"column":4},"end":{"line":368,"column":71}},"160":{"start":{"line":368,"column":20},"end":{"line":368,"column":69}},"161":{"start":{"line":371,"column":17},"end":{"line":371,"column":100}},"162":{"start":{"line":372,"column":21},"end":{"line":372,"column":44}},"163":{"start":{"line":375,"column":4},"end":{"line":375,"column":59}},"164":{"start":{"line":378,"column":4},"end":{"line":381,"column":7}},"165":{"start":{"line":383,"column":4},"end":{"line":383,"column":61}},"166":{"start":{"line":385,"column":4},"end":{"line":385,"column":51}},"167":{"start":{"line":386,"column":4},"end":{"line":386,"column":11}}},"fnMap":{"0":{"name":"(anonymous_0)","decl":{"start":{"line":15,"column":24},"end":{"line":15,"column":25}},"loc":{"start":{"line":15,"column":44},"end":{"line":73,"column":1}},"line":15},"1":{"name":"(anonymous_1)","decl":{"start":{"line":76,"column":31},"end":{"line":76,"column":32}},"loc":{"start":{"line":76,"column":50},"end":{"line":99,"column":1}},"line":76},"2":{"name":"(anonymous_2)","decl":{"start":{"line":102,"column":21},"end":{"line":102,"column":22}},"loc":{"start":{"line":102,"column":41},"end":{"line":145,"column":1}},"line":102},"3":{"name":"(anonymous_3)","decl":{"start":{"line":148,"column":38},"end":{"line":148,"column":39}},"loc":{"start":{"line":148,"column":57},"end":{"line":160,"column":1}},"line":148},"4":{"name":"(anonymous_4)","decl":{"start":{"line":163,"column":37},"end":{"line":163,"column":38}},"loc":{"start":{"line":163,"column":56},"end":{"line":196,"column":1}},"line":163},"5":{"name":"(anonymous_5)","decl":{"start":{"line":199,"column":30},"end":{"line":199,"column":31}},"loc":{"start":{"line":199,"column":49},"end":{"line":228,"column":1}},"line":199},"6":{"name":"(anonymous_6)","decl":{"start":{"line":231,"column":23},"end":{"line":231,"column":24}},"loc":{"start":{"line":231,"column":42},"end":{"line":248,"column":1}},"line":231},"7":{"name":"(anonymous_7)","decl":{"start":{"line":251,"column":32},"end":{"line":251,"column":33}},"loc":{"start":{"line":251,"column":51},"end":{"line":272,"column":1}},"line":251},"8":{"name":"(anonymous_8)","decl":{"start":{"line":275,"column":22},"end":{"line":275,"column":23}},"loc":{"start":{"line":275,"column":41},"end":{"line":289,"column":1}},"line":275},"9":{"name":"(anonymous_9)","decl":{"start":{"line":292,"column":26},"end":{"line":292,"column":27}},"loc":{"start":{"line":292,"column":45},"end":{"line":317,"column":1}},"line":292},"10":{"name":"(anonymous_10)","decl":{"start":{"line":320,"column":30},"end":{"line":320,"column":31}},"loc":{"start":{"line":320,"column":49},"end":{"line":341,"column":1}},"line":320},"11":{"name":"(anonymous_11)","decl":{"start":{"line":344,"column":32},"end":{"line":344,"column":33}},"loc":{"start":{"line":344,"column":51},"end":{"line":388,"column":1}},"line":344}},"branchMap":{"0":{"loc":{"start":{"line":12,"column":19},"end":{"line":12,"column":68}},"type":"binary-expr","locations":[{"start":{"line":12,"column":19},"end":{"line":12,"column":41}},{"start":{"line":12,"column":45},"end":{"line":12,"column":68}}],"line":12},"1":{"loc":{"start":{"line":19,"column":4},"end":{"line":22,"column":5}},"type":"if","locations":[{"start":{"line":19,"column":4},"end":{"line":22,"column":5}},{"start":{},"end":{}}],"line":19},"2":{"loc":{"start":{"line":37,"column":4},"end":{"line":37,"column":71}},"type":"if","locations":[{"start":{"line":37,"column":4},"end":{"line":37,"column":71}},{"start":{},"end":{}}],"line":37},"3":{"loc":{"start":{"line":81,"column":4},"end":{"line":93,"column":5}},"type":"if","locations":[{"start":{"line":81,"column":4},"end":{"line":93,"column":5}},{"start":{"line":84,"column":11},"end":{"line":93,"column":5}}],"line":81},"4":{"loc":{"start":{"line":85,"column":6},"end":{"line":92,"column":7}},"type":"if","locations":[{"start":{"line":85,"column":6},"end":{"line":92,"column":7}},{"start":{"line":88,"column":13},"end":{"line":92,"column":7}}],"line":85},"5":{"loc":{"start":{"line":108,"column":4},"end":{"line":112,"column":5}},"type":"if","locations":[{"start":{"line":108,"column":4},"end":{"line":112,"column":5}},{"start":{"line":110,"column":11},"end":{"line":112,"column":5}}],"line":108},"6":{"loc":{"start":{"line":110,"column":11},"end":{"line":112,"column":5}},"type":"if","locations":[{"start":{"line":110,"column":11},"end":{"line":112,"column":5}},{"start":{},"end":{}}],"line":110},"7":{"loc":{"start":{"line":117,"column":4},"end":{"line":119,"column":5}},"type":"if","locations":[{"start":{"line":117,"column":4},"end":{"line":119,"column":5}},{"start":{},"end":{}}],"line":117},"8":{"loc":{"start":{"line":168,"column":4},"end":{"line":190,"column":5}},"type":"if","locations":[{"start":{"line":168,"column":4},"end":{"line":190,"column":5}},{"start":{"line":171,"column":11},"end":{"line":190,"column":5}}],"line":168},"9":{"loc":{"start":{"line":172,"column":6},"end":{"line":189,"column":7}},"type":"if","locations":[{"start":{"line":172,"column":6},"end":{"line":189,"column":7}},{"start":{"line":176,"column":13},"end":{"line":189,"column":7}}],"line":172},"10":{"loc":{"start":{"line":185,"column":8},"end":{"line":185,"column":75}},"type":"if","locations":[{"start":{"line":185,"column":8},"end":{"line":185,"column":75}},{"start":{},"end":{}}],"line":185},"11":{"loc":{"start":{"line":202,"column":4},"end":{"line":204,"column":5}},"type":"if","locations":[{"start":{"line":202,"column":4},"end":{"line":204,"column":5}},{"start":{},"end":{}}],"line":202},"12":{"loc":{"start":{"line":206,"column":4},"end":{"line":208,"column":5}},"type":"if","locations":[{"start":{"line":206,"column":4},"end":{"line":208,"column":5}},{"start":{},"end":{}}],"line":206},"13":{"loc":{"start":{"line":237,"column":4},"end":{"line":242,"column":5}},"type":"if","locations":[{"start":{"line":237,"column":4},"end":{"line":242,"column":5}},{"start":{"line":240,"column":11},"end":{"line":242,"column":5}}],"line":237},"14":{"loc":{"start":{"line":255,"column":4},"end":{"line":257,"column":5}},"type":"if","locations":[{"start":{"line":255,"column":4},"end":{"line":257,"column":5}},{"start":{},"end":{}}],"line":255},"15":{"loc":{"start":{"line":261,"column":4},"end":{"line":263,"column":5}},"type":"if","locations":[{"start":{"line":261,"column":4},"end":{"line":263,"column":5}},{"start":{},"end":{}}],"line":261},"16":{"loc":{"start":{"line":261,"column":8},"end":{"line":261,"column":47}},"type":"binary-expr","locations":[{"start":{"line":261,"column":8},"end":{"line":261,"column":20}},{"start":{"line":261,"column":24},"end":{"line":261,"column":47}}],"line":261},"17":{"loc":{"start":{"line":297,"column":4},"end":{"line":311,"column":5}},"type":"if","locations":[{"start":{"line":297,"column":4},"end":{"line":311,"column":5}},{"start":{"line":304,"column":11},"end":{"line":311,"column":5}}],"line":297},"18":{"loc":{"start":{"line":328,"column":4},"end":{"line":330,"column":5}},"type":"if","locations":[{"start":{"line":328,"column":4},"end":{"line":330,"column":5}},{"start":{},"end":{}}],"line":328},"19":{"loc":{"start":{"line":350,"column":4},"end":{"line":353,"column":5}},"type":"if","locations":[{"start":{"line":350,"column":4},"end":{"line":353,"column":5}},{"start":{},"end":{}}],"line":350},"20":{"loc":{"start":{"line":368,"column":4},"end":{"line":368,"column":71}},"type":"if","locations":[{"start":{"line":368,"column":4},"end":{"line":368,"column":71}},{"start":{},"end":{}}],"line":368}},"s":{"0":5,"1":5,"2":10,"3":10,"4":10,"5":1,"6":1,"7":9,"8":9,"9":9,"10":0,"11":9,"12":9,"13":9,"14":9,"15":9,"16":9,"17":9,"18":9,"19":9,"20":0,"21":0,"22":5,"23":4,"24":4,"25":4,"26":4,"27":0,"28":0,"29":4,"30":1,"31":1,"32":3,"33":3,"34":3,"35":0,"36":0,"37":5,"38":5,"39":5,"40":5,"41":5,"42":1,"43":4,"44":0,"45":4,"46":4,"47":4,"48":1,"49":3,"50":3,"51":3,"52":3,"53":3,"54":3,"55":0,"56":5,"57":1,"58":1,"59":1,"60":1,"61":0,"62":0,"63":5,"64":4,"65":4,"66":4,"67":4,"68":0,"69":0,"70":4,"71":4,"72":4,"73":4,"74":0,"75":0,"76":0,"77":0,"78":0,"79":0,"80":0,"81":0,"82":5,"83":3,"84":3,"85":3,"86":1,"87":2,"88":1,"89":1,"90":1,"91":1,"92":1,"93":0,"94":0,"95":5,"96":3,"97":3,"98":3,"99":3,"100":1,"101":1,"102":2,"103":0,"104":0,"105":5,"106":3,"107":3,"108":3,"109":1,"110":2,"111":2,"112":1,"113":1,"114":1,"115":0,"116":0,"117":5,"118":1,"119":1,"120":1,"121":1,"122":0,"123":0,"124":5,"125":11,"126":11,"127":11,"128":11,"129":1,"130":1,"131":1,"132":10,"133":10,"134":10,"135":0,"136":0,"137":5,"138":2,"139":2,"140":2,"141":2,"142":2,"143":2,"144":1,"145":1,"146":1,"147":1,"148":0,"149":0,"150":5,"151":2,"152":2,"153":2,"154":2,"155":1,"156":1,"157":1,"158":1,"159":1,"160":0,"161":1,"162":1,"163":1,"164":1,"165":1,"166":0,"167":0},"f":{"0":10,"1":4,"2":5,"3":1,"4":4,"5":3,"6":3,"7":3,"8":1,"9":11,"10":2,"11":2},"b":{"0":[5,0],"1":[1,9],"2":[0,9],"3":[0,4],"4":[1,3],"5":[1,4],"6":[0,4],"7":[1,3],"8":[0,4],"9":[4,0],"10":[0,0],"11":[1,2],"12":[1,1],"13":[1,2],"14":[1,2],"15":[1,1],"16":[2,1],"17":[1,10],"18":[1,1],"19":[1,1],"20":[0,1]},"_coverageSchema":"1a1c01bbd47fc00a2c39e90264f33305004495a9","hash":"6394923c3aca06d06c36fb7031b70836cefb2520"}
,"C:\\Users\\admin\\Desktop\\U-Tad\\WebDevServer\\my-api-final\\src\\docs\\swagger.js": {"path":"C:\\Users\\admin\\Desktop\\U-Tad\\WebDevServer\\my-api-final\\src\\docs\\swagger.js","statementMap":{"0":{"start":{"line":4,"column":16},"end":{"line":154,"column":1}}},"fnMap":{},"branchMap":{},"s":{"0":5},"f":{},"b":{},"_coverageSchema":"1a1c01bbd47fc00a2c39e90264f33305004495a9","hash":"eef8b7d9f68304cb493c98886b6d9e3acfa7b67e"}
,"C:\\Users\\admin\\Desktop\\U-Tad\\WebDevServer\\my-api-final\\src\\middleware\\auth.middleware.js": {"path":"C:\\Users\\admin\\Desktop\\U-Tad\\WebDevServer\\my-api-final\\src\\middleware\\auth.middleware.js","statementMap":{"0":{"start":{"line":10,"column":30},"end":{"line":46,"column":1}},"1":{"start":{"line":11,"column":2},"end":{"line":45,"column":3}},"2":{"start":{"line":13,"column":4},"end":{"line":15,"column":5}},"3":{"start":{"line":14,"column":8},"end":{"line":14,"column":60}},"4":{"start":{"line":18,"column":18},"end":{"line":18,"column":60}},"5":{"start":{"line":21,"column":22},"end":{"line":21,"column":52}},"6":{"start":{"line":23,"column":4},"end":{"line":25,"column":5}},"7":{"start":{"line":24,"column":8},"end":{"line":24,"column":65}},"8":{"start":{"line":28,"column":17},"end":{"line":28,"column":51}},"9":{"start":{"line":30,"column":4},"end":{"line":32,"column":5}},"10":{"start":{"line":31,"column":8},"end":{"line":31,"column":65}},"11":{"start":{"line":35,"column":4},"end":{"line":37,"column":7}},"12":{"start":{"line":40,"column":4},"end":{"line":40,"column":20}},"13":{"start":{"line":41,"column":4},"end":{"line":41,"column":11}},"14":{"start":{"line":44,"column":4},"end":{"line":44,"column":58}}},"fnMap":{"0":{"name":"(anonymous_0)","decl":{"start":{"line":10,"column":30},"end":{"line":10,"column":31}},"loc":{"start":{"line":10,"column":56},"end":{"line":46,"column":1}},"line":10}},"branchMap":{"0":{"loc":{"start":{"line":13,"column":4},"end":{"line":15,"column":5}},"type":"if","locations":[{"start":{"line":13,"column":4},"end":{"line":15,"column":5}},{"start":{},"end":{}}],"line":13},"1":{"loc":{"start":{"line":23,"column":4},"end":{"line":25,"column":5}},"type":"if","locations":[{"start":{"line":23,"column":4},"end":{"line":25,"column":5}},{"start":{},"end":{}}],"line":23},"2":{"loc":{"start":{"line":23,"column":8},"end":{"line":23,"column":36}},"type":"binary-expr","locations":[{"start":{"line":23,"column":8},"end":{"line":23,"column":18}},{"start":{"line":23,"column":22},"end":{"line":23,"column":36}}],"line":23},"3":{"loc":{"start":{"line":30,"column":4},"end":{"line":32,"column":5}},"type":"if","locations":[{"start":{"line":30,"column":4},"end":{"line":32,"column":5}},{"start":{},"end":{}}],"line":30}},"s":{"0":5,"1":87,"2":87,"3":1,"4":86,"5":86,"6":86,"7":1,"8":85,"9":85,"10":0,"11":85,"12":85,"13":85,"14":0},"f":{"0":87},"b":{"0":[1,86],"1":[1,85],"2":[86,85],"3":[0,85]},"_coverageSchema":"1a1c01bbd47fc00a2c39e90264f33305004495a9","hash":"69a70befcbd7a337405879ca1c9f9703df9e1d1b"}
,"C:\\Users\\admin\\Desktop\\U-Tad\\WebDevServer\\my-api-final\\src\\middleware\\error.middleware.js": {"path":"C:\\Users\\admin\\Desktop\\U-Tad\\WebDevServer\\my-api-final\\src\\middleware\\error.middleware.js","statementMap":{"0":{"start":{"line":3,"column":24},"end":{"line":8,"column":1}},"1":{"start":{"line":4,"column":2},"end":{"line":7,"column":5}},"2":{"start":{"line":10,"column":31},"end":{"line":14,"column":1}},"3":{"start":{"line":11,"column":4},"end":{"line":13,"column":7}}},"fnMap":{"0":{"name":"(anonymous_0)","decl":{"start":{"line":3,"column":24},"end":{"line":3,"column":25}},"loc":{"start":{"line":3,"column":44},"end":{"line":8,"column":1}},"line":3},"1":{"name":"(anonymous_1)","decl":{"start":{"line":10,"column":31},"end":{"line":10,"column":32}},"loc":{"start":{"line":10,"column":57},"end":{"line":14,"column":1}},"line":10}},"branchMap":{},"s":{"0":5,"1":0,"2":5,"3":23},"f":{"0":0,"1":23},"b":{},"_coverageSchema":"1a1c01bbd47fc00a2c39e90264f33305004495a9","hash":"01835f1793bab609c44ac4f6e761774f1ba960f8"}
,"C:\\Users\\admin\\Desktop\\U-Tad\\WebDevServer\\my-api-final\\src\\middleware\\role.middleware.js": {"path":"C:\\Users\\admin\\Desktop\\U-Tad\\WebDevServer\\my-api-final\\src\\middleware\\role.middleware.js","statementMap":{"0":{"start":{"line":7,"column":35},"end":{"line":21,"column":1}},"1":{"start":{"line":8,"column":2},"end":{"line":20,"column":3}},"2":{"start":{"line":10,"column":17},"end":{"line":10,"column":25}},"3":{"start":{"line":12,"column":4},"end":{"line":14,"column":5}},"4":{"start":{"line":13,"column":8},"end":{"line":13,"column":74}},"5":{"start":{"line":16,"column":4},"end":{"line":16,"column":11}},"6":{"start":{"line":19,"column":4},"end":{"line":19,"column":55}}},"fnMap":{"0":{"name":"(anonymous_0)","decl":{"start":{"line":7,"column":35},"end":{"line":7,"column":36}},"loc":{"start":{"line":7,"column":61},"end":{"line":21,"column":1}},"line":7}},"branchMap":{"0":{"loc":{"start":{"line":12,"column":4},"end":{"line":14,"column":5}},"type":"if","locations":[{"start":{"line":12,"column":4},"end":{"line":14,"column":5}},{"start":{},"end":{}}],"line":12}},"s":{"0":5,"1":3,"2":3,"3":3,"4":1,"5":2,"6":0},"f":{"0":3},"b":{"0":[1,2]},"_coverageSchema":"1a1c01bbd47fc00a2c39e90264f33305004495a9","hash":"6b348c7a7278e4cc3e3abc4abd3a36de895eebaf"}
,"C:\\Users\\admin\\Desktop\\U-Tad\\WebDevServer\\my-api-final\\src\\middleware\\upload.js": {"path":"C:\\Users\\admin\\Desktop\\U-Tad\\WebDevServer\\my-api-final\\src\\middleware\\upload.js","statementMap":{"0":{"start":{"line":6,"column":18},"end":{"line":6,"column":37}},"1":{"start":{"line":9,"column":16},"end":{"line":19,"column":2}},"2":{"start":{"line":11,"column":23},"end":{"line":11,"column":52}},"3":{"start":{"line":12,"column":4},"end":{"line":12,"column":25}},"4":{"start":{"line":15,"column":25},"end":{"line":15,"column":75}},"5":{"start":{"line":16,"column":16},"end":{"line":16,"column":56}},"6":{"start":{"line":17,"column":4},"end":{"line":17,"column":56}},"7":{"start":{"line":22,"column":19},"end":{"line":38,"column":1}},"8":{"start":{"line":23,"column":23},"end":{"line":31,"column":3}},"9":{"start":{"line":33,"column":2},"end":{"line":37,"column":3}},"10":{"start":{"line":34,"column":4},"end":{"line":34,"column":19}},"11":{"start":{"line":36,"column":4},"end":{"line":36,"column":52}},"12":{"start":{"line":41,"column":25},"end":{"line":48,"column":2}}},"fnMap":{"0":{"name":"(anonymous_0)","decl":{"start":{"line":10,"column":15},"end":{"line":10,"column":16}},"loc":{"start":{"line":10,"column":34},"end":{"line":13,"column":3}},"line":10},"1":{"name":"(anonymous_1)","decl":{"start":{"line":14,"column":12},"end":{"line":14,"column":13}},"loc":{"start":{"line":14,"column":31},"end":{"line":18,"column":3}},"line":14},"2":{"name":"(anonymous_2)","decl":{"start":{"line":22,"column":19},"end":{"line":22,"column":20}},"loc":{"start":{"line":22,"column":38},"end":{"line":38,"column":1}},"line":22}},"branchMap":{"0":{"loc":{"start":{"line":33,"column":2},"end":{"line":37,"column":3}},"type":"if","locations":[{"start":{"line":33,"column":2},"end":{"line":37,"column":3}},{"start":{"line":35,"column":9},"end":{"line":37,"column":3}}],"line":33}},"s":{"0":5,"1":5,"2":1,"3":1,"4":1,"5":1,"6":1,"7":5,"8":1,"9":1,"10":1,"11":0,"12":5},"f":{"0":1,"1":1,"2":1},"b":{"0":[1,0]},"_coverageSchema":"1a1c01bbd47fc00a2c39e90264f33305004495a9","hash":"51a5fe1bbdb14dc1c49f2e4f29b5f3a68ea71c6c"}
,"C:\\Users\\admin\\Desktop\\U-Tad\\WebDevServer\\my-api-final\\src\\middleware\\validate.js": {"path":"C:\\Users\\admin\\Desktop\\U-Tad\\WebDevServer\\my-api-final\\src\\middleware\\validate.js","statementMap":{"0":{"start":{"line":4,"column":24},"end":{"line":26,"column":1}},"1":{"start":{"line":4,"column":36},"end":{"line":26,"column":1}},"2":{"start":{"line":5,"column":2},"end":{"line":25,"column":3}},"3":{"start":{"line":6,"column":4},"end":{"line":10,"column":7}},"4":{"start":{"line":11,"column":4},"end":{"line":11,"column":11}},"5":{"start":{"line":13,"column":4},"end":{"line":23,"column":5}},"6":{"start":{"line":14,"column":21},"end":{"line":17,"column":9}},"7":{"start":{"line":14,"column":46},"end":{"line":17,"column":7}},"8":{"start":{"line":19,"column":6},"end":{"line":22,"column":9}},"9":{"start":{"line":24,"column":4},"end":{"line":24,"column":16}}},"fnMap":{"0":{"name":"(anonymous_0)","decl":{"start":{"line":4,"column":24},"end":{"line":4,"column":25}},"loc":{"start":{"line":4,"column":36},"end":{"line":26,"column":1}},"line":4},"1":{"name":"(anonymous_1)","decl":{"start":{"line":4,"column":36},"end":{"line":4,"column":37}},"loc":{"start":{"line":4,"column":62},"end":{"line":26,"column":1}},"line":4},"2":{"name":"(anonymous_2)","decl":{"start":{"line":14,"column":38},"end":{"line":14,"column":39}},"loc":{"start":{"line":14,"column":46},"end":{"line":17,"column":7}},"line":14}},"branchMap":{"0":{"loc":{"start":{"line":13,"column":4},"end":{"line":23,"column":5}},"type":"if","locations":[{"start":{"line":13,"column":4},"end":{"line":23,"column":5}},{"start":{},"end":{}}],"line":13}},"s":{"0":5,"1":60,"2":50,"3":50,"4":44,"5":6,"6":6,"7":12,"8":6,"9":0},"f":{"0":60,"1":50,"2":12},"b":{"0":[6,0]},"_coverageSchema":"1a1c01bbd47fc00a2c39e90264f33305004495a9","hash":"ffe3b518a04c152bd1e89e3c8c0d650f3a148d77"}
,"C:\\Users\\admin\\Desktop\\U-Tad\\WebDevServer\\my-api-final\\src\\models\\address.model.js": {"path":"C:\\Users\\admin\\Desktop\\U-Tad\\WebDevServer\\my-api-final\\src\\models\\address.model.js","statementMap":{"0":{"start":{"line":4,"column":22},"end":{"line":31,"column":1}},"1":{"start":{"line":33,"column":16},"end":{"line":33,"column":56}}},"fnMap":{},"branchMap":{},"s":{"0":5,"1":5},"f":{},"b":{},"_coverageSchema":"1a1c01bbd47fc00a2c39e90264f33305004495a9","hash":"e2b4d00495c08c8aa0ba83c9a5c8d461611f36ef"}
,"C:\\Users\\admin\\Desktop\\U-Tad\\WebDevServer\\my-api-final\\src\\models\\client.model.js": {"path":"C:\\Users\\admin\\Desktop\\U-Tad\\WebDevServer\\my-api-final\\src\\models\\client.model.js","statementMap":{"0":{"start":{"line":4,"column":21},"end":{"line":56,"column":1}},"1":{"start":{"line":58,"column":15},"end":{"line":58,"column":53}}},"fnMap":{},"branchMap":{},"s":{"0":5,"1":5},"f":{},"b":{},"_coverageSchema":"1a1c01bbd47fc00a2c39e90264f33305004495a9","hash":"9aa6e94e8df147e08da44bab0587d6b23d70cc4a"}
,"C:\\Users\\admin\\Desktop\\U-Tad\\WebDevServer\\my-api-final\\src\\models\\company.model.js": {"path":"C:\\Users\\admin\\Desktop\\U-Tad\\WebDevServer\\my-api-final\\src\\models\\company.model.js","statementMap":{"0":{"start":{"line":4,"column":22},"end":{"line":48,"column":1}},"1":{"start":{"line":50,"column":16},"end":{"line":50,"column":56}}},"fnMap":{},"branchMap":{},"s":{"0":5,"1":5},"f":{},"b":{},"_coverageSchema":"1a1c01bbd47fc00a2c39e90264f33305004495a9","hash":"077d8ec9f544d3f52a46ffffb1966afe564f050f"}
,"C:\\Users\\admin\\Desktop\\U-Tad\\WebDevServer\\my-api-final\\src\\models\\deliveryNote.model.js": {"path":"C:\\Users\\admin\\Desktop\\U-Tad\\WebDevServer\\my-api-final\\src\\models\\deliveryNote.model.js","statementMap":{"0":{"start":{"line":4,"column":27},"end":{"line":113,"column":1}},"1":{"start":{"line":47,"column":8},"end":{"line":47,"column":42}},"2":{"start":{"line":53,"column":8},"end":{"line":53,"column":42}},"3":{"start":{"line":59,"column":8},"end":{"line":59,"column":42}},"4":{"start":{"line":66,"column":8},"end":{"line":66,"column":39}},"5":{"start":{"line":115,"column":21},"end":{"line":115,"column":71}}},"fnMap":{"0":{"name":"(anonymous_0)","decl":{"start":{"line":46,"column":16},"end":{"line":46,"column":17}},"loc":{"start":{"line":46,"column":28},"end":{"line":48,"column":7}},"line":46},"1":{"name":"(anonymous_1)","decl":{"start":{"line":52,"column":16},"end":{"line":52,"column":17}},"loc":{"start":{"line":52,"column":28},"end":{"line":54,"column":7}},"line":52},"2":{"name":"(anonymous_2)","decl":{"start":{"line":58,"column":16},"end":{"line":58,"column":17}},"loc":{"start":{"line":58,"column":28},"end":{"line":60,"column":7}},"line":58},"3":{"name":"(anonymous_3)","decl":{"start":{"line":65,"column":16},"end":{"line":65,"column":17}},"loc":{"start":{"line":65,"column":28},"end":{"line":67,"column":7}},"line":65}},"branchMap":{},"s":{"0":5,"1":3,"2":3,"3":3,"4":3,"5":5},"f":{"0":3,"1":3,"2":3,"3":3},"b":{},"_coverageSchema":"1a1c01bbd47fc00a2c39e90264f33305004495a9","hash":"c19ecb3e3682490fbd319cfcf2f91d1cfdb53f35"}
,"C:\\Users\\admin\\Desktop\\U-Tad\\WebDevServer\\my-api-final\\src\\models\\project.model.js": {"path":"C:\\Users\\admin\\Desktop\\U-Tad\\WebDevServer\\my-api-final\\src\\models\\project.model.js","statementMap":{"0":{"start":{"line":4,"column":22},"end":{"line":66,"column":1}},"1":{"start":{"line":68,"column":16},"end":{"line":68,"column":56}}},"fnMap":{},"branchMap":{},"s":{"0":5,"1":5},"f":{},"b":{},"_coverageSchema":"1a1c01bbd47fc00a2c39e90264f33305004495a9","hash":"77165e7bc637ba4e56bf3c78bc757a5fe0e93c81"}
[...]
,"C:\\Users\\admin\\Desktop\\U-Tad\\WebDevServer\\my-api-final\\src\\schemas\\user.schema.js": {"path":"C:\\Users\\admin\\Desktop\\U-Tad\\WebDevServer\\my-api-final\\src\\schemas\\user.schema.js","statementMap":{"0":{"start":{"line":4,"column":32},"end":{"line":19,"column":2}},"1":{"start":{"line":6,"column":40},"end":{"line":6,"column":57}},"2":{"start":{"line":21,"column":27},"end":{"line":26,"column":2}},"3":{"start":{"line":23,"column":40},"end":{"line":23,"column":57}},"4":{"start":{"line":28,"column":37},"end":{"line":32,"column":2}},"5":{"start":{"line":34,"column":32},"end":{"line":40,"column":2}},"6":{"start":{"line":42,"column":34},"end":{"line":49,"column":2}},"7":{"start":{"line":47,"column":18},"end":{"line":47,"column":68}}},"fnMap":{"0":{"name":"(anonymous_0)","decl":{"start":{"line":6,"column":31},"end":{"line":6,"column":32}},"loc":{"start":{"line":6,"column":40},"end":{"line":6,"column":57}},"line":6},"1":{"name":"(anonymous_1)","decl":{"start":{"line":23,"column":31},"end":{"line":23,"column":32}},"loc":{"start":{"line":23,"column":40},"end":{"line":23,"column":57}},"line":23},"2":{"name":"(anonymous_2)","decl":{"start":{"line":47,"column":10},"end":{"line":47,"column":11}},"loc":{"start":{"line":47,"column":18},"end":{"line":47,"column":68}},"line":47}},"branchMap":{},"s":{"0":5,"1":10,"2":5,"3":5,"4":5,"5":5,"6":5,"7":2},"f":{"0":10,"1":5,"2":2},"b":{},"_coverageSchema":"1a1c01bbd47fc00a2c39e90264f33305004495a9","hash":"8d296030381aa8315f2a254eafb3ea1716d18e5a"}
,"C:\\Users\\admin\\Desktop\\U-Tad\\WebDevServer\\my-api-final\\src\\services\\notification.service.js": {"path":"C:\\Users\\admin\\Desktop\\U-Tad\\WebDevServer\\my-api-final\\src\\services\\notification.service.js","statementMap":{"0":{"start":{"line":5,"column":16},"end":{"line":5,"column":34}},"1":{"start":{"line":8,"column":31},"end":{"line":10,"column":1}},"2":{"start":{"line":9,"column":2},"end":{"line":9,"column":40}},"3":{"start":{"line":12,"column":32},"end":{"line":14,"column":1}},"4":{"start":{"line":13,"column":2},"end":{"line":13,"column":41}},"5":{"start":{"line":16,"column":34},"end":{"line":18,"column":1}},"6":{"start":{"line":17,"column":2},"end":{"line":17,"column":43}},"7":{"start":{"line":20,"column":31},"end":{"line":22,"column":1}},"8":{"start":{"line":21,"column":2},"end":{"line":21,"column":40}},"9":{"start":{"line":25,"column":0},"end":{"line":27,"column":3}},"10":{"start":{"line":26,"column":2},"end":{"line":26,"column":82}},"11":{"start":{"line":29,"column":0},"end":{"line":31,"column":3}},"12":{"start":{"line":30,"column":2},"end":{"line":30,"column":54}},"13":{"start":{"line":33,"column":0},"end":{"line":35,"column":3}},"14":{"start":{"line":34,"column":2},"end":{"line":34,"column":56}},"15":{"start":{"line":37,"column":0},"end":{"line":39,"column":3}},"16":{"start":{"line":38,"column":2},"end":{"line":38,"column":53}}},"fnMap":{"0":{"name":"(anonymous_0)","decl":{"start":{"line":8,"column":31},"end":{"line":8,"column":32}},"loc":{"start":{"line":8,"column":44},"end":{"line":10,"column":1}},"line":8},"1":{"name":"(anonymous_1)","decl":{"start":{"line":12,"column":32},"end":{"line":12,"column":33}},"loc":{"start":{"line":12,"column":45},"end":{"line":14,"column":1}},"line":12},"2":{"name":"(anonymous_2)","decl":{"start":{"line":16,"column":34},"end":{"line":16,"column":35}},"loc":{"start":{"line":16,"column":47},"end":{"line":18,"column":1}},"line":16},"3":{"name":"(anonymous_3)","decl":{"start":{"line":20,"column":31},"end":{"line":20,"column":32}},"loc":{"start":{"line":20,"column":44},"end":{"line":22,"column":1}},"line":20},"4":{"name":"(anonymous_4)","decl":{"start":{"line":25,"column":27},"end":{"line":25,"column":28}},"loc":{"start":{"line":25,"column":59},"end":{"line":27,"column":1}},"line":25},"5":{"name":"(anonymous_5)","decl":{"start":{"line":29,"column":28},"end":{"line":29,"column":29}},"loc":{"start":{"line":29,"column":42},"end":{"line":31,"column":1}},"line":29},"6":{"name":"(anonymous_6)","decl":{"start":{"line":33,"column":30},"end":{"line":33,"column":31}},"loc":{"start":{"line":33,"column":44},"end":{"line":35,"column":1}},"line":33},"7":{"name":"(anonymous_7)","decl":{"start":{"line":37,"column":27},"end":{"line":37,"column":28}},"loc":{"start":{"line":37,"column":41},"end":{"line":39,"column":1}},"line":37}},"branchMap":{},"s":{"0":5,"1":5,"2":1,"3":5,"4":85,"5":5,"6":9,"7":5,"8":11,"9":5,"10":1,"11":5,"12":85,"13":5,"14":9,"15":5,"16":11},"f":{"0":1,"1":85,"2":9,"3":11,"4":1,"5":85,"6":9,"7":11},"b":{},"_coverageSchema":"1a1c01bbd47fc00a2c39e90264f33305004495a9","hash":"b22257b7c8ebb23c3dbbe240dfa6009e636ded06"}
,"C:\\Users\\admin\\Desktop\\U-Tad\\WebDevServer\\my-api-final\\src\\services\\pdf.service.js": {"path":"C:\\Users\\admin\\Desktop\\U-Tad\\WebDevServer\\my-api-final\\src\\services\\pdf.service.js","statementMap":{"0":{"start":{"line":6,"column":39},"end":{"line":78,"column":1}},"1":{"start":{"line":7,"column":2},"end":{"line":77,"column":5}},"2":{"start":{"line":8,"column":16},"end":{"line":8,"column":33}},"3":{"start":{"line":11,"column":4},"end":{"line":17,"column":5}},"4":{"start":{"line":12,"column":25},"end":{"line":12,"column":63}},"5":{"start":{"line":13,"column":6},"end":{"line":13,"column":27}},"6":{"start":{"line":15,"column":6},"end":{"line":15,"column":63}},"7":{"start":{"line":15,"column":36},"end":{"line":15,"column":61}},"8":{"start":{"line":16,"column":6},"end":{"line":16,"column":37}},"9":{"start":{"line":19,"column":4},"end":{"line":21,"column":5}},"10":{"start":{"line":20,"column":6},"end":{"line":20,"column":28}},"11":{"start":{"line":24,"column":4},"end":{"line":24,"column":86}},"12":{"start":{"line":26,"column":4},"end":{"line":26,"column":19}},"13":{"start":{"line":27,"column":4},"end":{"line":27,"column":70}},"14":{"start":{"line":29,"column":4},"end":{"line":29,"column":19}},"15":{"start":{"line":30,"column":4},"end":{"line":30,"column":112}},"16":{"start":{"line":32,"column":4},"end":{"line":32,"column":19}},"17":{"start":{"line":33,"column":4},"end":{"line":33,"column":89}},"18":{"start":{"line":35,"column":4},"end":{"line":35,"column":19}},"19":{"start":{"line":36,"column":4},"end":{"line":36,"column":87}},"20":{"start":{"line":38,"column":4},"end":{"line":38,"column":19}},"21":{"start":{"line":40,"column":4},"end":{"line":46,"column":5}},"22":{"start":{"line":41,"column":6},"end":{"line":41,"column":47}},"23":{"start":{"line":43,"column":6},"end":{"line":45,"column":8}},"24":{"start":{"line":49,"column":4},"end":{"line":56,"column":5}},"25":{"start":{"line":50,"column":6},"end":{"line":50,"column":21}},"26":{"start":{"line":51,"column":6},"end":{"line":51,"column":27}},"27":{"start":{"line":53,"column":6},"end":{"line":55,"column":9}},"28":{"start":{"line":54,"column":8},"end":{"line":54,"column":46}},"29":{"start":{"line":59,"column":4},"end":{"line":70,"column":5}},"30":{"start":{"line":60,"column":6},"end":{"line":60,"column":21}},"31":{"start":{"line":61,"column":6},"end":{"line":61,"column":85}},"32":{"start":{"line":63,"column":6},"end":{"line":69,"column":7}},"33":{"start":{"line":64,"column":8},"end":{"line":68,"column":9}},"34":{"start":{"line":65,"column":10},"end":{"line":65,"column":64}},"35":{"start":{"line":67,"column":10},"end":{"line":67,"column":42}},"36":{"start":{"line":72,"column":4},"end":{"line":72,"column":14}},"37":{"start":{"line":74,"column":4},"end":{"line":76,"column":5}},"38":{"start":{"line":75,"column":6},"end":{"line":75,"column":16}}},"fnMap":{"0":{"name":"(anonymous_0)","decl":{"start":{"line":6,"column":39},"end":{"line":6,"column":40}},"loc":{"start":{"line":6,"column":71},"end":{"line":78,"column":1}},"line":6},"1":{"name":"(anonymous_1)","decl":{"start":{"line":7,"column":21},"end":{"line":7,"column":22}},"loc":{"start":{"line":7,"column":42},"end":{"line":77,"column":3}},"line":7},"2":{"name":"(anonymous_2)","decl":{"start":{"line":15,"column":30},"end":{"line":15,"column":31}},"loc":{"start":{"line":15,"column":36},"end":{"line":15,"column":61}},"line":15},"3":{"name":"(anonymous_3)","decl":{"start":{"line":53,"column":35},"end":{"line":53,"column":36}},"loc":{"start":{"line":53,"column":40},"end":{"line":55,"column":7}},"line":53}},"branchMap":{"0":{"loc":{"start":{"line":6,"column":54},"end":{"line":6,"column":66}},"type":"default-arg","locations":[{"start":{"line":6,"column":64},"end":{"line":6,"column":66}}],"line":6},"1":{"loc":{"start":{"line":11,"column":4},"end":{"line":17,"column":5}},"type":"if","locations":[{"start":{"line":11,"column":4},"end":{"line":17,"column":5}},{"start":{},"end":{}}],"line":11},"2":{"loc":{"start":{"line":19,"column":4},"end":{"line":21,"column":5}},"type":"if","locations":[{"start":{"line":19,"column":4},"end":{"line":21,"column":5}},{"start":{},"end":{}}],"line":19},"3":{"loc":{"start":{"line":40,"column":4},"end":{"line":46,"column":5}},"type":"if","locations":[{"start":{"line":40,"column":4},"end":{"line":46,"column":5}},{"start":{"line":42,"column":11},"end":{"line":46,"column":5}}],"line":40},"4":{"loc":{"start":{"line":49,"column":4},"end":{"line":56,"column":5}},"type":"if","locations":[{"start":{"line":49,"column":4},"end":{"line":56,"column":5}},{"start":{},"end":{}}],"line":49},"5":{"loc":{"start":{"line":59,"column":4},"end":{"line":70,"column":5}},"type":"if","locations":[{"start":{"line":59,"column":4},"end":{"line":70,"column":5}},{"start":{},"end":{}}],"line":59},"6":{"loc":{"start":{"line":63,"column":6},"end":{"line":69,"column":7}},"type":"if","locations":[{"start":{"line":63,"column":6},"end":{"line":69,"column":7}},{"start":{},"end":{}}],"line":63},"7":{"loc":{"start":{"line":74,"column":4},"end":{"line":76,"column":5}},"type":"if","locations":[{"start":{"line":74,"column":4},"end":{"line":76,"column":5}},{"start":{},"end":{}}],"line":74}},"s":{"0":5,"1":2,"2":2,"3":2,"4":2,"5":2,"6":2,"7":2,"8":2,"9":2,"10":2,"11":2,"12":2,"13":2,"14":2,"15":2,"16":2,"17":2,"18":2,"19":2,"20":2,"21":2,"22":1,"23":1,"24":2,"25":0,"26":0,"27":0,"28":0,"29":2,"30":1,"31":1,"32":1,"33":1,"34":1,"35":1,"36":2,"37":2,"38":0},"f":{"0":2,"1":2,"2":2,"3":0},"b":{"0":[0],"1":[2,0],"2":[2,0],"3":[1,1],"4":[0,2],"5":[1,1],"6":[1,0],"7":[0,2]},"_coverageSchema":"1a1c01bbd47fc00a2c39e90264f33305004495a9","hash":"fc96b6a25ab01fcc77f14e1ae907ad2a95733ce2"}
,"C:\\Users\\admin\\Desktop\\U-Tad\\WebDevServer\\my-api-final\\src\\socket\\index.js": {"path":"C:\\Users\\admin\\Desktop\\U-Tad\\WebDevServer\\my-api-final\\src\\socket\\index.js","statementMap":{"0":{"start":{"line":8,"column":2},"end":{"line":10,"column":5}},"1":{"start":{"line":12,"column":2},"end":{"line":12,"column":25}},"2":{"start":{"line":14,"column":2},"end":{"line":26,"column":5}},"3":{"start":{"line":15,"column":19},"end":{"line":15,"column":34}},"4":{"start":{"line":16,"column":17},"end":{"line":16,"column":44}},"5":{"start":{"line":17,"column":22},"end":{"line":17,"column":45}},"6":{"start":{"line":19,"column":4},"end":{"line":19,"column":27}},"7":{"start":{"line":21,"column":4},"end":{"line":21,"column":41}},"8":{"start":{"line":23,"column":4},"end":{"line":25,"column":7}},"9":{"start":{"line":24,"column":6},"end":{"line":24,"column":46}},"10":{"start":{"line":28,"column":2},"end":{"line":28,"column":12}},"11":{"start":{"line":32,"column":2},"end":{"line":32,"column":53}},"12":{"start":{"line":32,"column":11},"end":{"line":32,"column":53}},"13":{"start":{"line":33,"column":2},"end":{"line":33,"column":12}}},"fnMap":{"0":{"name":"setupSocket","decl":{"start":{"line":7,"column":16},"end":{"line":7,"column":27}},"loc":{"start":{"line":7,"column":40},"end":{"line":29,"column":1}},"line":7},"1":{"name":"(anonymous_1)","decl":{"start":{"line":14,"column":22},"end":{"line":14,"column":23}},"loc":{"start":{"line":14,"column":40},"end":{"line":26,"column":3}},"line":14},"2":{"name":"(anonymous_2)","decl":{"start":{"line":23,"column":28},"end":{"line":23,"column":29}},"loc":{"start":{"line":23,"column":34},"end":{"line":25,"column":5}},"line":23},"3":{"name":"getIO","decl":{"start":{"line":31,"column":16},"end":{"line":31,"column":21}},"loc":{"start":{"line":31,"column":24},"end":{"line":34,"column":1}},"line":31}},"branchMap":{"0":{"loc":{"start":{"line":32,"column":2},"end":{"line":32,"column":53}},"type":"if","locations":[{"start":{"line":32,"column":2},"end":{"line":32,"column":53}},{"start":{},"end":{}}],"line":32}},"s":{"0":0,"1":0,"2":0,"3":0,"4":0,"5":0,"6":0,"7":0,"8":0,"9":0,"10":0,"11":0,"12":0,"13":0},"f":{"0":0,"1":0,"2":0,"3":0},"b":{"0":[0,0]},"_coverageSchema":"1a1c01bbd47fc00a2c39e90264f33305004495a9","hash":"423cc71c737ea6a2ca3b64a16445da9e574b49db"}
,"C:\\Users\\admin\\Desktop\\U-Tad\\WebDevServer\\my-api-final\\src\\socket\\middleware\\auth.middleware.js": {"path":"C:\\Users\\admin\\Desktop\\U-Tad\\WebDevServer\\my-api-final\\src\\socket\\middleware\\auth.middleware.js","statementMap":{"0":{"start":{"line":5,"column":30},"end":{"line":21,"column":1}},"1":{"start":{"line":7,"column":16},"end":{"line":8,"column":60}},"2":{"start":{"line":10,"column":2},"end":{"line":12,"column":3}},"3":{"start":{"line":11,"column":4},"end":{"line":11,"column":49}},"4":{"start":{"line":14,"column":2},"end":{"line":20,"column":3}},"5":{"start":{"line":15,"column":20},"end":{"line":15,"column":61}},"6":{"start":{"line":16,"column":4},"end":{"line":16,"column":26}},"7":{"start":{"line":17,"column":4},"end":{"line":17,"column":11}},"8":{"start":{"line":19,"column":4},"end":{"line":19,"column":37}}},"fnMap":{"0":{"name":"(anonymous_0)","decl":{"start":{"line":5,"column":30},"end":{"line":5,"column":31}},"loc":{"start":{"line":5,"column":48},"end":{"line":21,"column":1}},"line":5}},"branchMap":{"0":{"loc":{"start":{"line":7,"column":16},"end":{"line":8,"column":60}},"type":"binary-expr","locations":[{"start":{"line":7,"column":16},"end":{"line":7,"column":43}},{"start":{"line":8,"column":7},"end":{"line":8,"column":60}}],"line":7},"1":{"loc":{"start":{"line":10,"column":2},"end":{"line":12,"column":3}},"type":"if","locations":[{"start":{"line":10,"column":2},"end":{"line":12,"column":3}},{"start":{},"end":{}}],"line":10}},"s":{"0":5,"1":0,"2":0,"3":0,"4":0,"5":0,"6":0,"7":0,"8":0},"f":{"0":0},"b":{"0":[0,0],"1":[0,0]},"_coverageSchema":"1a1c01bbd47fc00a2c39e90264f33305004495a9","hash":"9666043c7983e5a4074f9c77509e6edbc90878bb"}
,"C:\\Users\\admin\\Desktop\\U-Tad\\WebDevServer\\my-api-final\\src\\utils\\handleJwt.js": {"path":"C:\\Users\\admin\\Desktop\\U-Tad\\WebDevServer\\my-api-final\\src\\utils\\handleJwt.js","statementMap":{"0":{"start":{"line":5,"column":19},"end":{"line":5,"column":41}},"1":{"start":{"line":6,"column":29},"end":{"line":6,"column":64}},"2":{"start":{"line":7,"column":27},"end":{"line":7,"column":72}},"3":{"start":{"line":14,"column":35},"end":{"line":25,"column":1}},"4":{"start":{"line":15,"column":15},"end":{"line":23,"column":3}},"5":{"start":{"line":24,"column":2},"end":{"line":24,"column":14}},"6":{"start":{"line":31,"column":36},"end":{"line":33,"column":1}},"7":{"start":{"line":32,"column":2},"end":{"line":32,"column":41}},"8":{"start":{"line":38,"column":37},"end":{"line":42,"column":1}},"9":{"start":{"line":39,"column":17},"end":{"line":39,"column":27}},"10":{"start":{"line":40,"column":2},"end":{"line":40,"column":56}},"11":{"start":{"line":41,"column":2},"end":{"line":41,"column":16}},"12":{"start":{"line":49,"column":33},"end":{"line":56,"column":1}},"13":{"start":{"line":50,"column":2},"end":{"line":55,"column":3}},"14":{"start":{"line":51,"column":4},"end":{"line":51,"column":44}},"15":{"start":{"line":53,"column":4},"end":{"line":53,"column":55}},"16":{"start":{"line":54,"column":4},"end":{"line":54,"column":16}}},"fnMap":{"0":{"name":"(anonymous_0)","decl":{"start":{"line":14,"column":35},"end":{"line":14,"column":36}},"loc":{"start":{"line":14,"column":45},"end":{"line":25,"column":1}},"line":14},"1":{"name":"(anonymous_1)","decl":{"start":{"line":31,"column":36},"end":{"line":31,"column":37}},"loc":{"start":{"line":31,"column":42},"end":{"line":33,"column":1}},"line":31},"2":{"name":"(anonymous_2)","decl":{"start":{"line":38,"column":37},"end":{"line":38,"column":38}},"loc":{"start":{"line":38,"column":43},"end":{"line":42,"column":1}},"line":38},"3":{"name":"(anonymous_3)","decl":{"start":{"line":49,"column":33},"end":{"line":49,"column":34}},"loc":{"start":{"line":49,"column":47},"end":{"line":56,"column":1}},"line":49}},"branchMap":{"0":{"loc":{"start":{"line":6,"column":29},"end":{"line":6,"column":64}},"type":"binary-expr","locations":[{"start":{"line":6,"column":29},"end":{"line":6,"column":55}},{"start":{"line":6,"column":59},"end":{"line":6,"column":64}}],"line":6},"1":{"loc":{"start":{"line":7,"column":27},"end":{"line":7,"column":72}},"type":"binary-expr","locations":[{"start":{"line":7,"column":27},"end":{"line":7,"column":67}},{"start":{"line":7,"column":71},"end":{"line":7,"column":72}}],"line":7}},"s":{"0":5,"1":5,"2":5,"3":5,"4":13,"5":13,"6":5,"7":12,"8":5,"9":12,"10":12,"11":12,"12":5,"13":86,"14":86,"15":1,"16":1},"f":{"0":13,"1":12,"2":12,"3":86},"b":{"0":[5,5],"1":[5,0]},"_coverageSchema":"1a1c01bbd47fc00a2c39e90264f33305004495a9","hash":"7e3ac62dec87913fe0307619ad9a8a2d4e8617b0"}
,"C:\\Users\\admin\\Desktop\\U-Tad\\WebDevServer\\my-api-final\\src\\utils\\handlePassword.js": {"path":"C:\\Users\\admin\\Desktop\\U-Tad\\WebDevServer\\my-api-final\\src\\utils\\handlePassword.js","statementMap":{"0":{"start":{"line":9,"column":23},"end":{"line":12,"column":1}},"1":{"start":{"line":10,"column":15},"end":{"line":10,"column":52}},"2":{"start":{"line":11,"column":2},"end":{"line":11,"column":14}},"3":{"start":{"line":20,"column":23},"end":{"line":23,"column":1}},"4":{"start":{"line":21,"column":17},"end":{"line":21,"column":70}},"5":{"start":{"line":22,"column":2},"end":{"line":22,"column":16}}},"fnMap":{"0":{"name":"(anonymous_0)","decl":{"start":{"line":9,"column":23},"end":{"line":9,"column":24}},"loc":{"start":{"line":9,"column":48},"end":{"line":12,"column":1}},"line":9},"1":{"name":"(anonymous_1)","decl":{"start":{"line":20,"column":23},"end":{"line":20,"column":24}},"loc":{"start":{"line":20,"column":64},"end":{"line":23,"column":1}},"line":20}},"branchMap":{},"s":{"0":5,"1":11,"2":11,"3":5,"4":6,"5":6},"f":{"0":11,"1":6},"b":{},"_coverageSchema":"1a1c01bbd47fc00a2c39e90264f33305004495a9","hash":"9e7d87ba2d07d1475125558fe5c4e140dbe58463"}
,"C:\\Users\\admin\\Desktop\\U-Tad\\WebDevServer\\my-api-final\\tests\\setup.js": {"path":"C:\\Users\\admin\\Desktop\\U-Tad\\WebDevServer\\my-api-final\\tests\\setup.js","statementMap":{"0":{"start":{"line":5,"column":0},"end":{"line":5,"column":16}},"1":{"start":{"line":7,"column":0},"end":{"line":11,"column":3}},"2":{"start":{"line":8,"column":2},"end":{"line":10,"column":3}},"3":{"start":{"line":9,"column":4},"end":{"line":9,"column":47}}},"fnMap":{"0":{"name":"(anonymous_0)","decl":{"start":{"line":7,"column":10},"end":{"line":7,"column":11}},"loc":{"start":{"line":7,"column":22},"end":{"line":11,"column":1}},"line":7}},"branchMap":{"0":{"loc":{"start":{"line":8,"column":2},"end":{"line":10,"column":3}},"type":"if","locations":[{"start":{"line":8,"column":2},"end":{"line":10,"column":3}},{"start":{},"end":{}}],"line":8}},"s":{"0":5,"1":5,"2":5,"3":5},"f":{"0":5},"b":{"0":[5,0]},"_coverageSchema":"1a1c01bbd47fc00a2c39e90264f33305004495a9","hash":"dddeb88273a4c91587cf0bdc3c5dc32e222612f0"}
}
