{"C:\\Users\\admin\\Desktop\\U-Tad\\WebDevServer\\my-api-final\\src\\app.js": {"path":"C:\\Users\\admin\\Desktop\\U-Tad\\WebDevServer\\my-api-final\\src\\app.js","statementMap":{"0":{"start":{"line":8,"column":12},"end":{"line":8,"column":21}},"1":{"start":{"line":11,"column":0},"end":{"line":11,"column":24}},"2":{"start":{"line":14,"column":0},"end":{"line":14,"column":69}},"3":{"start":{"line":17,"column":0},"end":{"line":19,"column":3}},"4":{"start":{"line":18,"column":2},"end":{"line":18,"column":42}},"5":{"start":{"line":22,"column":0},"end":{"line":28,"column":3}},"6":{"start":{"line":23,"column":2},"end":{"line":27,"column":5}},"7":{"start":{"line":31,"column":0},"end":{"line":31,"column":24}},"8":{"start":{"line":33,"column":13},"end":{"line":33,"column":37}},"9":{"start":{"line":35,"column":20},"end":{"line":41,"column":1}},"10":{"start":{"line":36,"column":2},"end":{"line":36,"column":20}},"11":{"start":{"line":37,"column":2},"end":{"line":40,"column":5}},"12":{"start":{"line":38,"column":4},"end":{"line":38,"column":62}},"13":{"start":{"line":39,"column":4},"end":{"line":39,"column":73}},"14":{"start":{"line":43,"column":0},"end":{"line":43,"column":14}}},"fnMap":{"0":{"name":"(anonymous_0)","decl":{"start":{"line":17,"column":13},"end":{"line":17,"column":14}},"loc":{"start":{"line":17,"column":27},"end":{"line":19,"column":1}},"line":17},"1":{"name":"(anonymous_1)","decl":{"start":{"line":22,"column":19},"end":{"line":22,"column":20}},"loc":{"start":{"line":22,"column":33},"end":{"line":28,"column":1}},"line":22},"2":{"name":"(anonymous_2)","decl":{"start":{"line":35,"column":20},"end":{"line":35,"column":21}},"loc":{"start":{"line":35,"column":32},"end":{"line":41,"column":1}},"line":35},"3":{"name":"(anonymous_3)","decl":{"start":{"line":37,"column":19},"end":{"line":37,"column":20}},"loc":{"start":{"line":37,"column":25},"end":{"line":40,"column":3}},"line":37}},"branchMap":{"0":{"loc":{"start":{"line":33,"column":13},"end":{"line":33,"column":37}},"type":"binary-expr","locations":[{"start":{"line":33,"column":13},"end":{"line":33,"column":29}},{"start":{"line":33,"column":33},"end":{"line":33,"column":37}}],"line":33},"1":{"loc":{"start":{"line":39,"column":32},"end":{"line":39,"column":69}},"type":"binary-expr","locations":[{"start":{"line":39,"column":32},"end":{"line":39,"column":52}},{"start":{"line":39,"column":56},"end":{"line":39,"column":69}}],"line":39}},"s":{"0":3,"1":3,"2":3,"3":3,"4":0,"5":3,"6":0,"7":3,"8":3,"9":3,"10":3,"11":3,"12":3,"13":3,"14":3},"f":{"0":0,"1":0,"2":3,"3":3},"b":{"0":[3,0],"1":[3,0]},"_coverageSchema":"1a1c01bbd47fc00a2c39e90264f33305004495a9","hash":"868ab70832e8d20a4754ce2a279c6477bc76c798"}
,"C:\\Users\\admin\\Desktop\\U-Tad\\WebDevServer\\my-api-final\\src\\config\\db.js": {"path":"C:\\Users\\admin\\Desktop\\U-Tad\\WebDevServer\\my-api-final\\src\\config\\db.js","statementMap":{"0":{"start":{"line":4,"column":18},"end":{"line":19,"column":1}},"1":{"start":{"line":5,"column":17},"end":{"line":5,"column":35}},"2":{"start":{"line":7,"column":2},"end":{"line":10,"column":3}},"3":{"start":{"line":8,"column":4},"end":{"line":8,"column":53}},"4":{"start":{"line":9,"column":4},"end":{"line":9,"column":20}},"5":{"start":{"line":12,"column":2},"end":{"line":18,"column":3}},"6":{"start":{"line":13,"column":4},"end":{"line":13,"column":35}},"7":{"start":{"line":14,"column":4},"end":{"line":14,"column":42}},"8":{"start":{"line":16,"column":4},"end":{"line":16,"column":67}},"9":{"start":{"line":17,"column":4},"end":{"line":17,"column":20}},"10":{"start":{"line":22,"column":0},"end":{"line":24,"column":3}},"11":{"start":{"line":23,"column":2},"end":{"line":23,"column":45}},"12":{"start":{"line":27,"column":0},"end":{"line":31,"column":3}},"13":{"start":{"line":28,"column":2},"end":{"line":28,"column":36}},"14":{"start":{"line":29,"column":2},"end":{"line":29,"column":49}},"15":{"start":{"line":30,"column":2},"end":{"line":30,"column":18}}},"fnMap":{"0":{"name":"(anonymous_0)","decl":{"start":{"line":4,"column":18},"end":{"line":4,"column":19}},"loc":{"start":{"line":4,"column":30},"end":{"line":19,"column":1}},"line":4},"1":{"name":"(anonymous_1)","decl":{"start":{"line":22,"column":39},"end":{"line":22,"column":40}},"loc":{"start":{"line":22,"column":45},"end":{"line":24,"column":1}},"line":22},"2":{"name":"(anonymous_2)","decl":{"start":{"line":27,"column":21},"end":{"line":27,"column":22}},"loc":{"start":{"line":27,"column":33},"end":{"line":31,"column":1}},"line":27}},"branchMap":{"0":{"loc":{"start":{"line":7,"column":2},"end":{"line":10,"column":3}},"type":"if","locations":[{"start":{"line":7,"column":2},"end":{"line":10,"column":3}},{"start":{},"end":{}}],"line":7}},"s":{"0":3,"1":3,"2":3,"3":0,"4":0,"5":3,"6":3,"7":3,"8":0,"9":0,"10":3,"11":0,"12":3,"13":0,"14":0,"15":0},"f":{"0":3,"1":0,"2":0},"b":{"0":[0,3]},"_coverageSchema":"1a1c01bbd47fc00a2c39e90264f33305004495a9","hash":"f68d1a9ffcb4fe221308afcb7f9e1f1cd639be02"}
,"C:\\Users\\admin\\Desktop\\U-Tad\\WebDevServer\\my-api-final\\src\\controllers\\client.controller.js": {"path":"C:\\Users\\admin\\Desktop\\U-Tad\\WebDevServer\\my-api-final\\src\\controllers\\client.controller.js","statementMap":{"0":{"start":{"line":9,"column":28},"end":{"line":48,"column":1}},"1":{"start":{"line":10,"column":2},"end":{"line":47,"column":3}},"2":{"start":{"line":11,"column":17},"end":{"line":11,"column":25}},"3":{"start":{"line":14,"column":21},"end":{"line":14,"column":50}},"4":{"start":{"line":17,"column":35},"end":{"line":17,"column":105}},"5":{"start":{"line":19,"column":4},"end":{"line":42,"column":5}},"6":{"start":{"line":20,"column":8},"end":{"line":20,"column":70}},"7":{"start":{"line":21,"column":8},"end":{"line":21,"column":15}},"8":{"start":{"line":22,"column":11},"end":{"line":42,"column":5}},"9":{"start":{"line":23,"column":8},"end":{"line":23,"column":67}},"10":{"start":{"line":24,"column":8},"end":{"line":24,"column":15}},"11":{"start":{"line":27,"column":22},"end":{"line":33,"column":10}},"12":{"start":{"line":35,"column":8},"end":{"line":37,"column":9}},"13":{"start":{"line":36,"column":12},"end":{"line":36,"column":61}},"14":{"start":{"line":38,"column":21},"end":{"line":38,"column":105}},"15":{"start":{"line":39,"column":26},"end":{"line":39,"column":51}},"16":{"start":{"line":41,"column":8},"end":{"line":41,"column":87}},"17":{"start":{"line":45,"column":4},"end":{"line":45,"column":55}},"18":{"start":{"line":46,"column":4},"end":{"line":46,"column":11}},"19":{"start":{"line":51,"column":28},"end":{"line":64,"column":1}},"20":{"start":{"line":52,"column":2},"end":{"line":63,"column":3}},"21":{"start":{"line":53,"column":17},"end":{"line":53,"column":25}},"22":{"start":{"line":54,"column":22},"end":{"line":54,"column":35}},"23":{"start":{"line":56,"column":26},"end":{"line":56,"column":120}},"24":{"start":{"line":58,"column":4},"end":{"line":58,"column":85}},"25":{"start":{"line":61,"column":4},"end":{"line":61,"column":60}},"26":{"start":{"line":62,"column":4},"end":{"line":62,"column":11}},"27":{"start":{"line":67,"column":28},"end":{"line":106,"column":1}},"28":{"start":{"line":68,"column":2},"end":{"line":105,"column":3}},"29":{"start":{"line":69,"column":17},"end":{"line":69,"column":25}},"30":{"start":{"line":70,"column":21},"end":{"line":70,"column":50}},"31":{"start":{"line":74,"column":40},"end":{"line":74,"column":49}},"32":{"start":{"line":76,"column":19},"end":{"line":76,"column":62}},"33":{"start":{"line":77,"column":4},"end":{"line":77,"column":36}},"34":{"start":{"line":77,"column":15},"end":{"line":77,"column":34}},"35":{"start":{"line":78,"column":4},"end":{"line":78,"column":31}},"36":{"start":{"line":80,"column":4},"end":{"line":82,"column":5}},"37":{"start":{"line":81,"column":8},"end":{"line":81,"column":24}},"38":{"start":{"line":85,"column":4},"end":{"line":92,"column":5}},"39":{"start":{"line":87,"column":8},"end":{"line":87,"column":56}},"40":{"start":{"line":88,"column":8},"end":{"line":88,"column":51}},"41":{"start":{"line":90,"column":23},"end":{"line":90,"column":41}},"42":{"start":{"line":91,"column":8},"end":{"line":91,"column":49}},"43":{"start":{"line":94,"column":20},"end":{"line":94,"column":31}},"44":{"start":{"line":96,"column":4},"end":{"line":100,"column":5}},"45":{"start":{"line":97,"column":8},"end":{"line":97,"column":123}},"46":{"start":{"line":99,"column":8},"end":{"line":99,"column":45}},"47":{"start":{"line":103,"column":4},"end":{"line":103,"column":59}},"48":{"start":{"line":104,"column":4},"end":{"line":104,"column":11}},"49":{"start":{"line":109,"column":25},"end":{"line":132,"column":1}},"50":{"start":{"line":110,"column":2},"end":{"line":131,"column":3}},"51":{"start":{"line":111,"column":17},"end":{"line":111,"column":25}},"52":{"start":{"line":112,"column":21},"end":{"line":112,"column":50}},"53":{"start":{"line":114,"column":22},"end":{"line":114,"column":35}},"54":{"start":{"line":116,"column":19},"end":{"line":116,"column":51}},"55":{"start":{"line":118,"column":4},"end":{"line":126,"column":5}},"56":{"start":{"line":119,"column":8},"end":{"line":119,"column":44}},"57":{"start":{"line":120,"column":11},"end":{"line":126,"column":5}},"58":{"start":{"line":121,"column":8},"end":{"line":121,"column":59}},"59":{"start":{"line":122,"column":8},"end":{"line":122,"column":15}},"60":{"start":{"line":124,"column":8},"end":{"line":124,"column":54}},"61":{"start":{"line":125,"column":8},"end":{"line":125,"column":15}},"62":{"start":{"line":129,"column":4},"end":{"line":129,"column":54}},"63":{"start":{"line":130,"column":4},"end":{"line":130,"column":11}},"64":{"start":{"line":135,"column":28},"end":{"line":154,"column":1}},"65":{"start":{"line":136,"column":2},"end":{"line":153,"column":3}},"66":{"start":{"line":137,"column":17},"end":{"line":137,"column":25}},"67":{"start":{"line":138,"column":21},"end":{"line":138,"column":30}},"68":{"start":{"line":140,"column":22},"end":{"line":140,"column":35}},"69":{"start":{"line":142,"column":4},"end":{"line":148,"column":5}},"70":{"start":{"line":143,"column":28},"end":{"line":143,"column":85}},"71":{"start":{"line":144,"column":6},"end":{"line":144,"column":77}},"72":{"start":{"line":146,"column":28},"end":{"line":146,"column":69}},"73":{"start":{"line":147,"column":6},"end":{"line":147,"column":82}},"74":{"start":{"line":151,"column":4},"end":{"line":151,"column":53}},"75":{"start":{"line":152,"column":4},"end":{"line":152,"column":11}},"76":{"start":{"line":157,"column":37},"end":{"line":170,"column":1}},"77":{"start":{"line":158,"column":2},"end":{"line":169,"column":3}},"78":{"start":{"line":159,"column":17},"end":{"line":159,"column":25}},"79":{"start":{"line":160,"column":21},"end":{"line":160,"column":50}},"80":{"start":{"line":162,"column":20},"end":{"line":162,"column":81}},"81":{"start":{"line":164,"column":4},"end":{"line":164,"column":41}},"82":{"start":{"line":167,"column":4},"end":{"line":167,"column":68}},"83":{"start":{"line":168,"column":4},"end":{"line":168,"column":11}},"84":{"start":{"line":173,"column":29},"end":{"line":186,"column":1}},"85":{"start":{"line":174,"column":2},"end":{"line":185,"column":3}},"86":{"start":{"line":175,"column":17},"end":{"line":175,"column":25}},"87":{"start":{"line":176,"column":22},"end":{"line":176,"column":35}},"88":{"start":{"line":178,"column":27},"end":{"line":178,"column":123}},"89":{"start":{"line":180,"column":4},"end":{"line":180,"column":47}},"90":{"start":{"line":183,"column":4},"end":{"line":183,"column":56}},"91":{"start":{"line":184,"column":4},"end":{"line":184,"column":11}}},"fnMap":{"0":{"name":"(anonymous_0)","decl":{"start":{"line":9,"column":28},"end":{"line":9,"column":29}},"loc":{"start":{"line":9,"column":48},"end":{"line":48,"column":1}},"line":9},"1":{"name":"(anonymous_1)","decl":{"start":{"line":51,"column":28},"end":{"line":51,"column":29}},"loc":{"start":{"line":51,"column":47},"end":{"line":64,"column":1}},"line":51},"2":{"name":"(anonymous_2)","decl":{"start":{"line":67,"column":28},"end":{"line":67,"column":29}},"loc":{"start":{"line":67,"column":48},"end":{"line":106,"column":1}},"line":67},"3":{"name":"(anonymous_3)","decl":{"start":{"line":109,"column":25},"end":{"line":109,"column":26}},"loc":{"start":{"line":109,"column":45},"end":{"line":132,"column":1}},"line":109},"4":{"name":"(anonymous_4)","decl":{"start":{"line":135,"column":28},"end":{"line":135,"column":29}},"loc":{"start":{"line":135,"column":47},"end":{"line":154,"column":1}},"line":135},"5":{"name":"(anonymous_5)","decl":{"start":{"line":157,"column":37},"end":{"line":157,"column":38}},"loc":{"start":{"line":157,"column":57},"end":{"line":170,"column":1}},"line":157},"6":{"name":"(anonymous_6)","decl":{"start":{"line":173,"column":29},"end":{"line":173,"column":30}},"loc":{"start":{"line":173,"column":49},"end":{"line":186,"column":1}},"line":173}},"branchMap":{"0":{"loc":{"start":{"line":19,"column":4},"end":{"line":42,"column":5}},"type":"if","locations":[{"start":{"line":19,"column":4},"end":{"line":42,"column":5}},{"start":{"line":22,"column":11},"end":{"line":42,"column":5}}],"line":19},"1":{"loc":{"start":{"line":22,"column":11},"end":{"line":42,"column":5}},"type":"if","locations":[{"start":{"line":22,"column":11},"end":{"line":42,"column":5}},{"start":{"line":25,"column":11},"end":{"line":42,"column":5}}],"line":22},"2":{"loc":{"start":{"line":35,"column":8},"end":{"line":37,"column":9}},"type":"if","locations":[{"start":{"line":35,"column":8},"end":{"line":37,"column":9}},{"start":{},"end":{}}],"line":35},"3":{"loc":{"start":{"line":77,"column":4},"end":{"line":77,"column":36}},"type":"if","locations":[{"start":{"line":77,"column":4},"end":{"line":77,"column":36}},{"start":{},"end":{}}],"line":77},"4":{"loc":{"start":{"line":80,"column":4},"end":{"line":82,"column":5}},"type":"if","locations":[{"start":{"line":80,"column":4},"end":{"line":82,"column":5}},{"start":{},"end":{}}],"line":80},"5":{"loc":{"start":{"line":85,"column":4},"end":{"line":92,"column":5}},"type":"if","locations":[{"start":{"line":85,"column":4},"end":{"line":92,"column":5}},{"start":{},"end":{}}],"line":85},"6":{"loc":{"start":{"line":85,"column":7},"end":{"line":85,"column":20}},"type":"binary-expr","locations":[{"start":{"line":85,"column":7},"end":{"line":85,"column":11}},{"start":{"line":85,"column":15},"end":{"line":85,"column":20}}],"line":85},"7":{"loc":{"start":{"line":96,"column":4},"end":{"line":100,"column":5}},"type":"if","locations":[{"start":{"line":96,"column":4},"end":{"line":100,"column":5}},{"start":{"line":98,"column":11},"end":{"line":100,"column":5}}],"line":96},"8":{"loc":{"start":{"line":96,"column":7},"end":{"line":96,"column":20}},"type":"binary-expr","locations":[{"start":{"line":96,"column":7},"end":{"line":96,"column":11}},{"start":{"line":96,"column":15},"end":{"line":96,"column":20}}],"line":96},"9":{"loc":{"start":{"line":118,"column":4},"end":{"line":126,"column":5}},"type":"if","locations":[{"start":{"line":118,"column":4},"end":{"line":126,"column":5}},{"start":{"line":120,"column":11},"end":{"line":126,"column":5}}],"line":118},"10":{"loc":{"start":{"line":118,"column":7},"end":{"line":118,"column":75}},"type":"binary-expr","locations":[{"start":{"line":118,"column":7},"end":{"line":118,"column":13}},{"start":{"line":118,"column":17},"end":{"line":118,"column":56}},{"start":{"line":118,"column":60},"end":{"line":118,"column":75}}],"line":118},"11":{"loc":{"start":{"line":120,"column":11},"end":{"line":126,"column":5}},"type":"if","locations":[{"start":{"line":120,"column":11},"end":{"line":126,"column":5}},{"start":{"line":123,"column":11},"end":{"line":126,"column":5}}],"line":120},"12":{"loc":{"start":{"line":120,"column":15},"end":{"line":120,"column":65}},"type":"binary-expr","locations":[{"start":{"line":120,"column":15},"end":{"line":120,"column":21}},{"start":{"line":120,"column":25},"end":{"line":120,"column":65}}],"line":120},"13":{"loc":{"start":{"line":142,"column":4},"end":{"line":148,"column":5}},"type":"if","locations":[{"start":{"line":142,"column":4},"end":{"line":148,"column":5}},{"start":{"line":145,"column":11},"end":{"line":148,"column":5}}],"line":142}},"s":{"0":3,"1":3,"2":3,"3":3,"4":3,"5":3,"6":1,"7":1,"8":2,"9":0,"10":0,"11":2,"12":2,"13":0,"14":2,"15":2,"16":2,"17":0,"18":0,"19":3,"20":1,"21":1,"22":1,"23":1,"24":1,"25":0,"26":0,"27":3,"28":2,"29":2,"30":2,"31":2,"32":2,"33":2,"34":0,"35":2,"36":2,"37":0,"38":2,"39":1,"40":1,"41":1,"42":1,"43":2,"44":2,"45":1,"46":1,"47":0,"48":0,"49":3,"50":3,"51":3,"52":3,"53":3,"54":3,"55":3,"56":1,"57":2,"58":0,"59":0,"60":2,"61":2,"62":0,"63":0,"64":3,"65":3,"66":3,"67":3,"68":3,"69":3,"70":1,"71":1,"72":2,"73":2,"74":0,"75":0,"76":3,"77":1,"78":1,"79":1,"80":1,"81":1,"82":0,"83":0,"84":3,"85":1,"86":1,"87":1,"88":1,"89":1,"90":0,"91":0},"f":{"0":3,"1":1,"2":2,"3":3,"4":3,"5":1,"6":1},"b":{"0":[1,2],"1":[0,2],"2":[0,2],"3":[0,2],"4":[0,2],"5":[1,1],"6":[2,1],"7":[1,1],"8":[2,1],"9":[1,2],"10":[3,2,2],"11":[0,2],"12":[2,1],"13":[1,2]},"_coverageSchema":"1a1c01bbd47fc00a2c39e90264f33305004495a9","hash":"77d41dbbf3acce6232b794f8dd7abea0ce612cd2"}
,"C:\\Users\\admin\\Desktop\\U-Tad\\WebDevServer\\my-api-final\\src\\controllers\\project.controller.js": {"path":"C:\\Users\\admin\\Desktop\\U-Tad\\WebDevServer\\my-api-final\\src\\controllers\\project.controller.js","statementMap":{"0":{"start":{"line":10,"column":29},"end":{"line":66,"column":1}},"1":{"start":{"line":11,"column":2},"end":{"line":65,"column":3}},"2":{"start":{"line":12,"column":17},"end":{"line":12,"column":25}},"3":{"start":{"line":15,"column":21},"end":{"line":15,"column":50}},"4":{"start":{"line":17,"column":4},"end":{"line":20,"column":5}},"5":{"start":{"line":18,"column":8},"end":{"line":18,"column":67}},"6":{"start":{"line":19,"column":8},"end":{"line":19,"column":15}},"7":{"start":{"line":24,"column":4},"end":{"line":29,"column":5}},"8":{"start":{"line":25,"column":8},"end":{"line":25,"column":62}},"9":{"start":{"line":27,"column":8},"end":{"line":27,"column":61}},"10":{"start":{"line":28,"column":8},"end":{"line":28,"column":15}},"11":{"start":{"line":32,"column":4},"end":{"line":35,"column":5}},"12":{"start":{"line":33,"column":8},"end":{"line":33,"column":68}},"13":{"start":{"line":34,"column":8},"end":{"line":34,"column":15}},"14":{"start":{"line":38,"column":37},"end":{"line":38,"column":124}},"15":{"start":{"line":40,"column":4},"end":{"line":60,"column":5}},"16":{"start":{"line":41,"column":8},"end":{"line":41,"column":76}},"17":{"start":{"line":42,"column":8},"end":{"line":42,"column":15}},"18":{"start":{"line":45,"column":22},"end":{"line":51,"column":10}},"19":{"start":{"line":53,"column":8},"end":{"line":55,"column":9}},"20":{"start":{"line":54,"column":12},"end":{"line":54,"column":61}},"21":{"start":{"line":56,"column":21},"end":{"line":56,"column":129}},"22":{"start":{"line":57,"column":27},"end":{"line":57,"column":53}},"23":{"start":{"line":59,"column":8},"end":{"line":59,"column":89}},"24":{"start":{"line":63,"column":4},"end":{"line":63,"column":56}},"25":{"start":{"line":64,"column":4},"end":{"line":64,"column":11}},"26":{"start":{"line":69,"column":29},"end":{"line":82,"column":1}},"27":{"start":{"line":70,"column":2},"end":{"line":81,"column":3}},"28":{"start":{"line":71,"column":17},"end":{"line":71,"column":25}},"29":{"start":{"line":72,"column":23},"end":{"line":72,"column":36}},"30":{"start":{"line":74,"column":27},"end":{"line":74,"column":123}},"31":{"start":{"line":76,"column":4},"end":{"line":76,"column":87}},"32":{"start":{"line":79,"column":4},"end":{"line":79,"column":61}},"33":{"start":{"line":80,"column":4},"end":{"line":80,"column":11}},"34":{"start":{"line":85,"column":30},"end":{"line":126,"column":1}},"35":{"start":{"line":86,"column":2},"end":{"line":125,"column":3}},"36":{"start":{"line":87,"column":17},"end":{"line":87,"column":25}},"37":{"start":{"line":88,"column":21},"end":{"line":88,"column":50}},"38":{"start":{"line":92,"column":56},"end":{"line":92,"column":65}},"39":{"start":{"line":94,"column":19},"end":{"line":94,"column":62}},"40":{"start":{"line":95,"column":4},"end":{"line":95,"column":42}},"41":{"start":{"line":95,"column":17},"end":{"line":95,"column":40}},"42":{"start":{"line":96,"column":4},"end":{"line":96,"column":36}},"43":{"start":{"line":96,"column":15},"end":{"line":96,"column":34}},"44":{"start":{"line":97,"column":4},"end":{"line":97,"column":42}},"45":{"start":{"line":97,"column":17},"end":{"line":97,"column":40}},"46":{"start":{"line":98,"column":4},"end":{"line":98,"column":32}},"47":{"start":{"line":100,"column":4},"end":{"line":102,"column":5}},"48":{"start":{"line":101,"column":8},"end":{"line":101,"column":24}},"49":{"start":{"line":105,"column":4},"end":{"line":112,"column":5}},"50":{"start":{"line":107,"column":8},"end":{"line":107,"column":57}},"51":{"start":{"line":108,"column":8},"end":{"line":108,"column":51}},"52":{"start":{"line":110,"column":23},"end":{"line":110,"column":41}},"53":{"start":{"line":111,"column":8},"end":{"line":111,"column":49}},"54":{"start":{"line":114,"column":21},"end":{"line":114,"column":32}},"55":{"start":{"line":116,"column":4},"end":{"line":120,"column":5}},"56":{"start":{"line":117,"column":8},"end":{"line":117,"column":124}},"57":{"start":{"line":119,"column":8},"end":{"line":119,"column":46}},"58":{"start":{"line":123,"column":4},"end":{"line":123,"column":68}},"59":{"start":{"line":124,"column":4},"end":{"line":124,"column":11}},"60":{"start":{"line":129,"column":26},"end":{"line":152,"column":1}},"61":{"start":{"line":130,"column":2},"end":{"line":151,"column":3}},"62":{"start":{"line":131,"column":17},"end":{"line":131,"column":25}},"63":{"start":{"line":132,"column":21},"end":{"line":132,"column":50}},"64":{"start":{"line":134,"column":23},"end":{"line":134,"column":36}},"65":{"start":{"line":136,"column":20},"end":{"line":136,"column":54}},"66":{"start":{"line":138,"column":4},"end":{"line":146,"column":5}},"67":{"start":{"line":139,"column":8},"end":{"line":139,"column":45}},"68":{"start":{"line":140,"column":11},"end":{"line":146,"column":5}},"69":{"start":{"line":141,"column":8},"end":{"line":141,"column":60}},"70":{"start":{"line":142,"column":8},"end":{"line":142,"column":15}},"71":{"start":{"line":144,"column":8},"end":{"line":144,"column":55}},"72":{"start":{"line":145,"column":8},"end":{"line":145,"column":15}},"73":{"start":{"line":149,"column":4},"end":{"line":149,"column":55}},"74":{"start":{"line":150,"column":4},"end":{"line":150,"column":11}},"75":{"start":{"line":155,"column":29},"end":{"line":174,"column":1}},"76":{"start":{"line":156,"column":2},"end":{"line":173,"column":3}},"77":{"start":{"line":157,"column":17},"end":{"line":157,"column":25}},"78":{"start":{"line":158,"column":21},"end":{"line":158,"column":30}},"79":{"start":{"line":160,"column":23},"end":{"line":160,"column":36}},"80":{"start":{"line":162,"column":4},"end":{"line":168,"column":5}},"81":{"start":{"line":163,"column":29},"end":{"line":163,"column":88}},"82":{"start":{"line":164,"column":6},"end":{"line":164,"column":79}},"83":{"start":{"line":166,"column":29},"end":{"line":166,"column":72}},"84":{"start":{"line":167,"column":6},"end":{"line":167,"column":84}},"85":{"start":{"line":171,"column":4},"end":{"line":171,"column":54}},"86":{"start":{"line":172,"column":4},"end":{"line":172,"column":11}},"87":{"start":{"line":177,"column":38},"end":{"line":190,"column":1}},"88":{"start":{"line":178,"column":2},"end":{"line":189,"column":3}},"89":{"start":{"line":179,"column":17},"end":{"line":179,"column":25}},"90":{"start":{"line":180,"column":21},"end":{"line":180,"column":50}},"91":{"start":{"line":182,"column":21},"end":{"line":182,"column":83}},"92":{"start":{"line":184,"column":4},"end":{"line":184,"column":42}},"93":{"start":{"line":187,"column":4},"end":{"line":187,"column":69}},"94":{"start":{"line":188,"column":4},"end":{"line":188,"column":11}},"95":{"start":{"line":193,"column":30},"end":{"line":206,"column":1}},"96":{"start":{"line":194,"column":2},"end":{"line":205,"column":3}},"97":{"start":{"line":195,"column":17},"end":{"line":195,"column":25}},"98":{"start":{"line":196,"column":23},"end":{"line":196,"column":36}},"99":{"start":{"line":198,"column":28},"end":{"line":198,"column":126}},"100":{"start":{"line":200,"column":4},"end":{"line":200,"column":49}},"101":{"start":{"line":203,"column":4},"end":{"line":203,"column":57}},"102":{"start":{"line":204,"column":4},"end":{"line":204,"column":11}}},"fnMap":{"0":{"name":"(anonymous_0)","decl":{"start":{"line":10,"column":29},"end":{"line":10,"column":30}},"loc":{"start":{"line":10,"column":49},"end":{"line":66,"column":1}},"line":10},"1":{"name":"(anonymous_1)","decl":{"start":{"line":69,"column":29},"end":{"line":69,"column":30}},"loc":{"start":{"line":69,"column":48},"end":{"line":82,"column":1}},"line":69},"2":{"name":"(anonymous_2)","decl":{"start":{"line":85,"column":30},"end":{"line":85,"column":31}},"loc":{"start":{"line":85,"column":50},"end":{"line":126,"column":1}},"line":85},"3":{"name":"(anonymous_3)","decl":{"start":{"line":129,"column":26},"end":{"line":129,"column":27}},"loc":{"start":{"line":129,"column":46},"end":{"line":152,"column":1}},"line":129},"4":{"name":"(anonymous_4)","decl":{"start":{"line":155,"column":29},"end":{"line":155,"column":30}},"loc":{"start":{"line":155,"column":48},"end":{"line":174,"column":1}},"line":155},"5":{"name":"(anonymous_5)","decl":{"start":{"line":177,"column":38},"end":{"line":177,"column":39}},"loc":{"start":{"line":177,"column":58},"end":{"line":190,"column":1}},"line":177},"6":{"name":"(anonymous_6)","decl":{"start":{"line":193,"column":30},"end":{"line":193,"column":31}},"loc":{"start":{"line":193,"column":50},"end":{"line":206,"column":1}},"line":193}},"branchMap":{"0":{"loc":{"start":{"line":17,"column":4},"end":{"line":20,"column":5}},"type":"if","locations":[{"start":{"line":17,"column":4},"end":{"line":20,"column":5}},{"start":{},"end":{}}],"line":17},"1":{"loc":{"start":{"line":32,"column":4},"end":{"line":35,"column":5}},"type":"if","locations":[{"start":{"line":32,"column":4},"end":{"line":35,"column":5}},{"start":{},"end":{}}],"line":32},"2":{"loc":{"start":{"line":40,"column":4},"end":{"line":60,"column":5}},"type":"if","locations":[{"start":{"line":40,"column":4},"end":{"line":60,"column":5}},{"start":{"line":43,"column":11},"end":{"line":60,"column":5}}],"line":40},"3":{"loc":{"start":{"line":53,"column":8},"end":{"line":55,"column":9}},"type":"if","locations":[{"start":{"line":53,"column":8},"end":{"line":55,"column":9}},{"start":{},"end":{}}],"line":53},"4":{"loc":{"start":{"line":95,"column":4},"end":{"line":95,"column":42}},"type":"if","locations":[{"start":{"line":95,"column":4},"end":{"line":95,"column":42}},{"start":{},"end":{}}],"line":95},"5":{"loc":{"start":{"line":96,"column":4},"end":{"line":96,"column":36}},"type":"if","locations":[{"start":{"line":96,"column":4},"end":{"line":96,"column":36}},{"start":{},"end":{}}],"line":96},"6":{"loc":{"start":{"line":97,"column":4},"end":{"line":97,"column":42}},"type":"if","locations":[{"start":{"line":97,"column":4},"end":{"line":97,"column":42}},{"start":{},"end":{}}],"line":97},"7":{"loc":{"start":{"line":100,"column":4},"end":{"line":102,"column":5}},"type":"if","locations":[{"start":{"line":100,"column":4},"end":{"line":102,"column":5}},{"start":{},"end":{}}],"line":100},"8":{"loc":{"start":{"line":105,"column":4},"end":{"line":112,"column":5}},"type":"if","locations":[{"start":{"line":105,"column":4},"end":{"line":112,"column":5}},{"start":{},"end":{}}],"line":105},"9":{"loc":{"start":{"line":105,"column":7},"end":{"line":105,"column":20}},"type":"binary-expr","locations":[{"start":{"line":105,"column":7},"end":{"line":105,"column":11}},{"start":{"line":105,"column":15},"end":{"line":105,"column":20}}],"line":105},"10":{"loc":{"start":{"line":116,"column":4},"end":{"line":120,"column":5}},"type":"if","locations":[{"start":{"line":116,"column":4},"end":{"line":120,"column":5}},{"start":{"line":118,"column":11},"end":{"line":120,"column":5}}],"line":116},"11":{"loc":{"start":{"line":116,"column":7},"end":{"line":116,"column":20}},"type":"binary-expr","locations":[{"start":{"line":116,"column":7},"end":{"line":116,"column":11}},{"start":{"line":116,"column":15},"end":{"line":116,"column":20}}],"line":116},"12":{"loc":{"start":{"line":138,"column":4},"end":{"line":146,"column":5}},"type":"if","locations":[{"start":{"line":138,"column":4},"end":{"line":146,"column":5}},{"start":{"line":140,"column":11},"end":{"line":146,"column":5}}],"line":138},"13":{"loc":{"start":{"line":138,"column":7},"end":{"line":138,"column":78}},"type":"binary-expr","locations":[{"start":{"line":138,"column":7},"end":{"line":138,"column":14}},{"start":{"line":138,"column":18},"end":{"line":138,"column":58}},{"start":{"line":138,"column":62},"end":{"line":138,"column":78}}],"line":138},"14":{"loc":{"start":{"line":140,"column":11},"end":{"line":146,"column":5}},"type":"if","locations":[{"start":{"line":140,"column":11},"end":{"line":146,"column":5}},{"start":{"line":143,"column":11},"end":{"line":146,"column":5}}],"line":140},"15":{"loc":{"start":{"line":140,"column":15},"end":{"line":140,"column":67}},"type":"binary-expr","locations":[{"start":{"line":140,"column":15},"end":{"line":140,"column":22}},{"start":{"line":140,"column":26},"end":{"line":140,"column":67}}],"line":140},"16":{"loc":{"start":{"line":162,"column":4},"end":{"line":168,"column":5}},"type":"if","locations":[{"start":{"line":162,"column":4},"end":{"line":168,"column":5}},{"start":{"line":165,"column":11},"end":{"line":168,"column":5}}],"line":162}},"s":{"0":3,"1":2,"2":2,"3":2,"4":2,"5":0,"6":0,"7":2,"8":2,"9":0,"10":0,"11":2,"12":0,"13":0,"14":2,"15":2,"16":1,"17":1,"18":1,"19":1,"20":0,"21":1,"22":1,"23":1,"24":0,"25":0,"26":3,"27":1,"28":1,"29":1,"30":1,"31":1,"32":0,"33":0,"34":3,"35":2,"36":2,"37":2,"38":2,"39":2,"40":2,"41":0,"42":2,"43":0,"44":2,"45":0,"46":2,"47":2,"48":0,"49":2,"50":1,"51":1,"52":1,"53":1,"54":2,"55":2,"56":1,"57":1,"58":0,"59":0,"60":3,"61":1,"62":1,"63":1,"64":1,"65":1,"66":1,"67":1,"68":0,"69":0,"70":0,"71":0,"72":0,"73":0,"74":0,"75":3,"76":2,"77":2,"78":2,"79":2,"80":2,"81":1,"82":1,"83":1,"84":1,"85":0,"86":0,"87":3,"88":1,"89":1,"90":1,"91":1,"92":1,"93":0,"94":0,"95":3,"96":1,"97":1,"98":1,"99":1,"100":1,"101":0,"102":0},"f":{"0":2,"1":1,"2":2,"3":1,"4":2,"5":1,"6":1},"b":{"0":[0,2],"1":[0,2],"2":[1,1],"3":[0,1],"4":[0,2],"5":[0,2],"6":[0,2],"7":[0,2],"8":[1,1],"9":[2,1],"10":[1,1],"11":[2,1],"12":[1,0],"13":[1,1,1],"14":[0,0],"15":[0,0],"16":[1,1]},"_coverageSchema":"1a1c01bbd47fc00a2c39e90264f33305004495a9","hash":"c389cd20f60352452d8cc29067c17da4e5a93cb0"}
,"C:\\Users\\admin\\Desktop\\U-Tad\\WebDevServer\\my-api-final\\src\\controllers\\user.controller.js": {"path":"C:\\Users\\admin\\Desktop\\U-Tad\\WebDevServer\\my-api-final\\src\\controllers\\user.controller.js","statementMap":{"0":{"start":{"line":12,"column":19},"end":{"line":12,"column":68}},"1":{"start":{"line":15,"column":24},"end":{"line":75,"column":1}},"2":{"start":{"line":16,"column":2},"end":{"line":74,"column":3}},"3":{"start":{"line":18,"column":25},"end":{"line":18,"column":70}},"4":{"start":{"line":19,"column":4},"end":{"line":22,"column":5}},"5":{"start":{"line":20,"column":6},"end":{"line":20,"column":56}},"6":{"start":{"line":21,"column":6},"end":{"line":21,"column":13}},"7":{"start":{"line":25,"column":21},"end":{"line":25,"column":53}},"8":{"start":{"line":28,"column":18},"end":{"line":34,"column":6}},"9":{"start":{"line":37,"column":4},"end":{"line":39,"column":5}},"10":{"start":{"line":38,"column":6},"end":{"line":38,"column":55}},"11":{"start":{"line":42,"column":17},"end":{"line":42,"column":64}},"12":{"start":{"line":43,"column":21},"end":{"line":43,"column":44}},"13":{"start":{"line":46,"column":4},"end":{"line":46,"column":59}},"14":{"start":{"line":49,"column":24},"end":{"line":49,"column":53}},"15":{"start":{"line":50,"column":25},"end":{"line":50,"column":47}},"16":{"start":{"line":51,"column":4},"end":{"line":56,"column":7}},"17":{"start":{"line":59,"column":4},"end":{"line":61,"column":7}},"18":{"start":{"line":63,"column":17},"end":{"line":67,"column":5}},"19":{"start":{"line":69,"column":4},"end":{"line":69,"column":38}},"20":{"start":{"line":72,"column":4},"end":{"line":72,"column":61}},"21":{"start":{"line":73,"column":4},"end":{"line":73,"column":11}},"22":{"start":{"line":78,"column":31},"end":{"line":101,"column":1}},"23":{"start":{"line":79,"column":2},"end":{"line":100,"column":3}},"24":{"start":{"line":80,"column":17},"end":{"line":80,"column":25}},"25":{"start":{"line":81,"column":17},"end":{"line":81,"column":42}},"26":{"start":{"line":83,"column":4},"end":{"line":95,"column":5}},"27":{"start":{"line":84,"column":21},"end":{"line":84,"column":119}},"28":{"start":{"line":85,"column":6},"end":{"line":85,"column":59}},"29":{"start":{"line":87,"column":6},"end":{"line":94,"column":7}},"30":{"start":{"line":88,"column":8},"end":{"line":88,"column":55}},"31":{"start":{"line":89,"column":8},"end":{"line":89,"column":14}},"32":{"start":{"line":91,"column":23},"end":{"line":91,"column":116}},"33":{"start":{"line":92,"column":8},"end":{"line":92,"column":52}},"34":{"start":{"line":93,"column":8},"end":{"line":93,"column":14}},"35":{"start":{"line":98,"column":4},"end":{"line":98,"column":56}},"36":{"start":{"line":99,"column":4},"end":{"line":99,"column":11}},"37":{"start":{"line":104,"column":21},"end":{"line":147,"column":1}},"38":{"start":{"line":105,"column":2},"end":{"line":146,"column":3}},"39":{"start":{"line":106,"column":32},"end":{"line":106,"column":40}},"40":{"start":{"line":109,"column":17},"end":{"line":109,"column":46}},"41":{"start":{"line":110,"column":4},"end":{"line":114,"column":5}},"42":{"start":{"line":111,"column":8},"end":{"line":111,"column":66}},"43":{"start":{"line":112,"column":11},"end":{"line":114,"column":5}},"44":{"start":{"line":113,"column":8},"end":{"line":113,"column":63}},"45":{"start":{"line":117,"column":25},"end":{"line":117,"column":38}},"46":{"start":{"line":118,"column":18},"end":{"line":118,"column":55}},"47":{"start":{"line":119,"column":4},"end":{"line":121,"column":5}},"48":{"start":{"line":120,"column":8},"end":{"line":120,"column":74}},"49":{"start":{"line":124,"column":4},"end":{"line":124,"column":55}},"50":{"start":{"line":127,"column":24},"end":{"line":127,"column":49}},"51":{"start":{"line":128,"column":25},"end":{"line":128,"column":47}},"52":{"start":{"line":129,"column":4},"end":{"line":134,"column":7}},"53":{"start":{"line":136,"column":17},"end":{"line":140,"column":5}},"54":{"start":{"line":142,"column":4},"end":{"line":142,"column":38}},"55":{"start":{"line":145,"column":4},"end":{"line":145,"column":63}},"56":{"start":{"line":150,"column":38},"end":{"line":162,"column":1}},"57":{"start":{"line":151,"column":2},"end":{"line":161,"column":3}},"58":{"start":{"line":152,"column":17},"end":{"line":152,"column":25}},"59":{"start":{"line":154,"column":24},"end":{"line":154,"column":115}},"60":{"start":{"line":156,"column":4},"end":{"line":156,"column":85}},"61":{"start":{"line":159,"column":4},"end":{"line":159,"column":64}},"62":{"start":{"line":160,"column":4},"end":{"line":160,"column":11}},"63":{"start":{"line":165,"column":37},"end":{"line":198,"column":1}},"64":{"start":{"line":166,"column":2},"end":{"line":197,"column":3}},"65":{"start":{"line":167,"column":17},"end":{"line":167,"column":25}},"66":{"start":{"line":168,"column":20},"end":{"line":168,"column":63}},"67":{"start":{"line":170,"column":4},"end":{"line":192,"column":5}},"68":{"start":{"line":171,"column":26},"end":{"line":171,"column":139}},"69":{"start":{"line":172,"column":6},"end":{"line":172,"column":87}},"70":{"start":{"line":174,"column":6},"end":{"line":191,"column":7}},"71":{"start":{"line":175,"column":27},"end":{"line":175,"column":139}},"72":{"start":{"line":176,"column":28},"end":{"line":176,"column":144}},"73":{"start":{"line":177,"column":8},"end":{"line":177,"column":115}},"74":{"start":{"line":180,"column":22},"end":{"line":186,"column":10}},"75":{"start":{"line":187,"column":8},"end":{"line":187,"column":75}},"76":{"start":{"line":187,"column":24},"end":{"line":187,"column":73}},"77":{"start":{"line":188,"column":27},"end":{"line":188,"column":143}},"78":{"start":{"line":189,"column":28},"end":{"line":189,"column":144}},"79":{"start":{"line":190,"column":8},"end":{"line":190,"column":102}},"80":{"start":{"line":195,"column":4},"end":{"line":195,"column":71}},"81":{"start":{"line":196,"column":4},"end":{"line":196,"column":11}},"82":{"start":{"line":201,"column":30},"end":{"line":230,"column":1}},"83":{"start":{"line":202,"column":2},"end":{"line":229,"column":3}},"84":{"start":{"line":203,"column":17},"end":{"line":203,"column":25}},"85":{"start":{"line":204,"column":4},"end":{"line":206,"column":5}},"86":{"start":{"line":205,"column":8},"end":{"line":205,"column":76}},"87":{"start":{"line":208,"column":4},"end":{"line":210,"column":5}},"88":{"start":{"line":209,"column":6},"end":{"line":209,"column":65}},"89":{"start":{"line":212,"column":55},"end":{"line":212,"column":63}},"90":{"start":{"line":214,"column":21},"end":{"line":220,"column":6}},"91":{"start":{"line":222,"column":27},"end":{"line":222,"column":127}},"92":{"start":{"line":224,"column":4},"end":{"line":224,"column":110}},"93":{"start":{"line":227,"column":4},"end":{"line":227,"column":70}},"94":{"start":{"line":228,"column":4},"end":{"line":228,"column":11}},"95":{"start":{"line":233,"column":23},"end":{"line":245,"column":1}},"96":{"start":{"line":234,"column":2},"end":{"line":244,"column":3}},"97":{"start":{"line":235,"column":17},"end":{"line":235,"column":25}},"98":{"start":{"line":237,"column":21},"end":{"line":237,"column":90}},"99":{"start":{"line":239,"column":4},"end":{"line":239,"column":64}},"100":{"start":{"line":242,"column":4},"end":{"line":242,"column":52}},"101":{"start":{"line":243,"column":4},"end":{"line":243,"column":11}},"102":{"start":{"line":248,"column":32},"end":{"line":269,"column":1}},"103":{"start":{"line":249,"column":2},"end":{"line":268,"column":3}},"104":{"start":{"line":250,"column":29},"end":{"line":250,"column":37}},"105":{"start":{"line":252,"column":4},"end":{"line":254,"column":5}},"106":{"start":{"line":253,"column":6},"end":{"line":253,"column":85}},"107":{"start":{"line":256,"column":24},"end":{"line":256,"column":92}},"108":{"start":{"line":258,"column":4},"end":{"line":260,"column":5}},"109":{"start":{"line":259,"column":6},"end":{"line":259,"column":96}},"110":{"start":{"line":262,"column":24},"end":{"line":262,"column":61}},"111":{"start":{"line":263,"column":4},"end":{"line":263,"column":90}},"112":{"start":{"line":266,"column":4},"end":{"line":266,"column":60}},"113":{"start":{"line":267,"column":4},"end":{"line":267,"column":11}},"114":{"start":{"line":272,"column":22},"end":{"line":286,"column":1}},"115":{"start":{"line":273,"column":2},"end":{"line":285,"column":3}},"116":{"start":{"line":274,"column":17},"end":{"line":274,"column":25}},"117":{"start":{"line":276,"column":4},"end":{"line":278,"column":6}},"118":{"start":{"line":280,"column":4},"end":{"line":280,"column":45}},"119":{"start":{"line":283,"column":4},"end":{"line":283,"column":46}},"120":{"start":{"line":284,"column":4},"end":{"line":284,"column":11}},"121":{"start":{"line":289,"column":26},"end":{"line":314,"column":1}},"122":{"start":{"line":290,"column":2},"end":{"line":313,"column":3}},"123":{"start":{"line":291,"column":17},"end":{"line":291,"column":25}},"124":{"start":{"line":292,"column":21},"end":{"line":292,"column":30}},"125":{"start":{"line":294,"column":4},"end":{"line":308,"column":5}},"126":{"start":{"line":295,"column":26},"end":{"line":295,"column":80}},"127":{"start":{"line":297,"column":6},"end":{"line":299,"column":9}},"128":{"start":{"line":300,"column":6},"end":{"line":300,"column":73}},"129":{"start":{"line":302,"column":26},"end":{"line":302,"column":64}},"130":{"start":{"line":304,"column":6},"end":{"line":306,"column":9}},"131":{"start":{"line":307,"column":6},"end":{"line":307,"column":78}},"132":{"start":{"line":311,"column":4},"end":{"line":311,"column":51}},"133":{"start":{"line":312,"column":4},"end":{"line":312,"column":11}},"134":{"start":{"line":317,"column":30},"end":{"line":338,"column":1}},"135":{"start":{"line":318,"column":2},"end":{"line":337,"column":3}},"136":{"start":{"line":319,"column":17},"end":{"line":319,"column":25}},"137":{"start":{"line":320,"column":45},"end":{"line":320,"column":53}},"138":{"start":{"line":323,"column":25},"end":{"line":323,"column":38}},"139":{"start":{"line":324,"column":18},"end":{"line":324,"column":62}},"140":{"start":{"line":325,"column":4},"end":{"line":327,"column":5}},"141":{"start":{"line":326,"column":8},"end":{"line":326,"column":74}},"142":{"start":{"line":329,"column":30},"end":{"line":329,"column":56}},"143":{"start":{"line":330,"column":24},"end":{"line":330,"column":131}},"144":{"start":{"line":332,"column":4},"end":{"line":332,"column":46}},"145":{"start":{"line":335,"column":4},"end":{"line":335,"column":51}},"146":{"start":{"line":336,"column":4},"end":{"line":336,"column":11}},"147":{"start":{"line":341,"column":32},"end":{"line":387,"column":1}},"148":{"start":{"line":342,"column":2},"end":{"line":386,"column":3}},"149":{"start":{"line":343,"column":17},"end":{"line":343,"column":25}},"150":{"start":{"line":346,"column":25},"end":{"line":346,"column":70}},"151":{"start":{"line":347,"column":4},"end":{"line":350,"column":5}},"152":{"start":{"line":348,"column":6},"end":{"line":348,"column":56}},"153":{"start":{"line":349,"column":6},"end":{"line":349,"column":13}},"154":{"start":{"line":353,"column":21},"end":{"line":353,"column":53}},"155":{"start":{"line":356,"column":18},"end":{"line":362,"column":6}},"156":{"start":{"line":365,"column":4},"end":{"line":367,"column":5}},"157":{"start":{"line":366,"column":6},"end":{"line":366,"column":55}},"158":{"start":{"line":370,"column":17},"end":{"line":370,"column":100}},"159":{"start":{"line":371,"column":21},"end":{"line":371,"column":44}},"160":{"start":{"line":374,"column":4},"end":{"line":374,"column":59}},"161":{"start":{"line":377,"column":4},"end":{"line":380,"column":7}},"162":{"start":{"line":382,"column":4},"end":{"line":382,"column":61}},"163":{"start":{"line":384,"column":4},"end":{"line":384,"column":51}},"164":{"start":{"line":385,"column":4},"end":{"line":385,"column":11}}},"fnMap":{"0":{"name":"(anonymous_0)","decl":{"start":{"line":15,"column":24},"end":{"line":15,"column":25}},"loc":{"start":{"line":15,"column":44},"end":{"line":75,"column":1}},"line":15},"1":{"name":"(anonymous_1)","decl":{"start":{"line":78,"column":31},"end":{"line":78,"column":32}},"loc":{"start":{"line":78,"column":50},"end":{"line":101,"column":1}},"line":78},"2":{"name":"(anonymous_2)","decl":{"start":{"line":104,"column":21},"end":{"line":104,"column":22}},"loc":{"start":{"line":104,"column":41},"end":{"line":147,"column":1}},"line":104},"3":{"name":"(anonymous_3)","decl":{"start":{"line":150,"column":38},"end":{"line":150,"column":39}},"loc":{"start":{"line":150,"column":57},"end":{"line":162,"column":1}},"line":150},"4":{"name":"(anonymous_4)","decl":{"start":{"line":165,"column":37},"end":{"line":165,"column":38}},"loc":{"start":{"line":165,"column":56},"end":{"line":198,"column":1}},"line":165},"5":{"name":"(anonymous_5)","decl":{"start":{"line":201,"column":30},"end":{"line":201,"column":31}},"loc":{"start":{"line":201,"column":49},"end":{"line":230,"column":1}},"line":201},"6":{"name":"(anonymous_6)","decl":{"start":{"line":233,"column":23},"end":{"line":233,"column":24}},"loc":{"start":{"line":233,"column":42},"end":{"line":245,"column":1}},"line":233},"7":{"name":"(anonymous_7)","decl":{"start":{"line":248,"column":32},"end":{"line":248,"column":33}},"loc":{"start":{"line":248,"column":51},"end":{"line":269,"column":1}},"line":248},"8":{"name":"(anonymous_8)","decl":{"start":{"line":272,"column":22},"end":{"line":272,"column":23}},"loc":{"start":{"line":272,"column":41},"end":{"line":286,"column":1}},"line":272},"9":{"name":"(anonymous_9)","decl":{"start":{"line":289,"column":26},"end":{"line":289,"column":27}},"loc":{"start":{"line":289,"column":45},"end":{"line":314,"column":1}},"line":289},"10":{"name":"(anonymous_10)","decl":{"start":{"line":317,"column":30},"end":{"line":317,"column":31}},"loc":{"start":{"line":317,"column":49},"end":{"line":338,"column":1}},"line":317},"11":{"name":"(anonymous_11)","decl":{"start":{"line":341,"column":32},"end":{"line":341,"column":33}},"loc":{"start":{"line":341,"column":51},"end":{"line":387,"column":1}},"line":341}},"branchMap":{"0":{"loc":{"start":{"line":12,"column":19},"end":{"line":12,"column":68}},"type":"binary-expr","locations":[{"start":{"line":12,"column":19},"end":{"line":12,"column":41}},{"start":{"line":12,"column":45},"end":{"line":12,"column":68}}],"line":12},"1":{"loc":{"start":{"line":19,"column":4},"end":{"line":22,"column":5}},"type":"if","locations":[{"start":{"line":19,"column":4},"end":{"line":22,"column":5}},{"start":{},"end":{}}],"line":19},"2":{"loc":{"start":{"line":37,"column":4},"end":{"line":39,"column":5}},"type":"if","locations":[{"start":{"line":37,"column":4},"end":{"line":39,"column":5}},{"start":{},"end":{}}],"line":37},"3":{"loc":{"start":{"line":83,"column":4},"end":{"line":95,"column":5}},"type":"if","locations":[{"start":{"line":83,"column":4},"end":{"line":95,"column":5}},{"start":{"line":86,"column":11},"end":{"line":95,"column":5}}],"line":83},"4":{"loc":{"start":{"line":87,"column":6},"end":{"line":94,"column":7}},"type":"if","locations":[{"start":{"line":87,"column":6},"end":{"line":94,"column":7}},{"start":{"line":90,"column":13},"end":{"line":94,"column":7}}],"line":87},"5":{"loc":{"start":{"line":110,"column":4},"end":{"line":114,"column":5}},"type":"if","locations":[{"start":{"line":110,"column":4},"end":{"line":114,"column":5}},{"start":{"line":112,"column":11},"end":{"line":114,"column":5}}],"line":110},"6":{"loc":{"start":{"line":112,"column":11},"end":{"line":114,"column":5}},"type":"if","locations":[{"start":{"line":112,"column":11},"end":{"line":114,"column":5}},{"start":{},"end":{}}],"line":112},"7":{"loc":{"start":{"line":119,"column":4},"end":{"line":121,"column":5}},"type":"if","locations":[{"start":{"line":119,"column":4},"end":{"line":121,"column":5}},{"start":{},"end":{}}],"line":119},"8":{"loc":{"start":{"line":170,"column":4},"end":{"line":192,"column":5}},"type":"if","locations":[{"start":{"line":170,"column":4},"end":{"line":192,"column":5}},{"start":{"line":173,"column":11},"end":{"line":192,"column":5}}],"line":170},"9":{"loc":{"start":{"line":174,"column":6},"end":{"line":191,"column":7}},"type":"if","locations":[{"start":{"line":174,"column":6},"end":{"line":191,"column":7}},{"start":{"line":178,"column":13},"end":{"line":191,"column":7}}],"line":174},"10":{"loc":{"start":{"line":187,"column":8},"end":{"line":187,"column":75}},"type":"if","locations":[{"start":{"line":187,"column":8},"end":{"line":187,"column":75}},{"start":{},"end":{}}],"line":187},"11":{"loc":{"start":{"line":204,"column":4},"end":{"line":206,"column":5}},"type":"if","locations":[{"start":{"line":204,"column":4},"end":{"line":206,"column":5}},{"start":{},"end":{}}],"line":204},"12":{"loc":{"start":{"line":208,"column":4},"end":{"line":210,"column":5}},"type":"if","locations":[{"start":{"line":208,"column":4},"end":{"line":210,"column":5}},{"start":{},"end":{}}],"line":208},"13":{"loc":{"start":{"line":252,"column":4},"end":{"line":254,"column":5}},"type":"if","locations":[{"start":{"line":252,"column":4},"end":{"line":254,"column":5}},{"start":{},"end":{}}],"line":252},"14":{"loc":{"start":{"line":258,"column":4},"end":{"line":260,"column":5}},"type":"if","locations":[{"start":{"line":258,"column":4},"end":{"line":260,"column":5}},{"start":{},"end":{}}],"line":258},"15":{"loc":{"start":{"line":258,"column":8},"end":{"line":258,"column":47}},"type":"binary-expr","locations":[{"start":{"line":258,"column":8},"end":{"line":258,"column":20}},{"start":{"line":258,"column":24},"end":{"line":258,"column":47}}],"line":258},"16":{"loc":{"start":{"line":294,"column":4},"end":{"line":308,"column":5}},"type":"if","locations":[{"start":{"line":294,"column":4},"end":{"line":308,"column":5}},{"start":{"line":301,"column":11},"end":{"line":308,"column":5}}],"line":294},"17":{"loc":{"start":{"line":325,"column":4},"end":{"line":327,"column":5}},"type":"if","locations":[{"start":{"line":325,"column":4},"end":{"line":327,"column":5}},{"start":{},"end":{}}],"line":325},"18":{"loc":{"start":{"line":347,"column":4},"end":{"line":350,"column":5}},"type":"if","locations":[{"start":{"line":347,"column":4},"end":{"line":350,"column":5}},{"start":{},"end":{}}],"line":347},"19":{"loc":{"start":{"line":365,"column":4},"end":{"line":367,"column":5}},"type":"if","locations":[{"start":{"line":365,"column":4},"end":{"line":367,"column":5}},{"start":{},"end":{}}],"line":365}},"s":{"0":3,"1":3,"2":4,"3":4,"4":4,"5":1,"6":1,"7":3,"8":3,"9":3,"10":0,"11":3,"12":3,"13":3,"14":3,"15":3,"16":3,"17":3,"18":3,"19":3,"20":0,"21":0,"22":3,"23":0,"24":0,"25":0,"26":0,"27":0,"28":0,"29":0,"30":0,"31":0,"32":0,"33":0,"34":0,"35":0,"36":0,"37":3,"38":3,"39":3,"40":3,"41":3,"42":1,"43":2,"44":0,"45":2,"46":2,"47":2,"48":1,"49":1,"50":1,"51":1,"52":1,"53":1,"54":1,"55":0,"56":3,"57":0,"58":0,"59":0,"60":0,"61":0,"62":0,"63":3,"64":2,"65":2,"66":2,"67":2,"68":0,"69":0,"70":2,"71":2,"72":2,"73":2,"74":0,"75":0,"76":0,"77":0,"78":0,"79":0,"80":0,"81":0,"82":3,"83":0,"84":0,"85":0,"86":0,"87":0,"88":0,"89":0,"90":0,"91":0,"92":0,"93":0,"94":0,"95":3,"96":1,"97":1,"98":1,"99":1,"100":0,"101":0,"102":3,"103":0,"104":0,"105":0,"106":0,"107":0,"108":0,"109":0,"110":0,"111":0,"112":0,"113":0,"114":3,"115":0,"116":0,"117":0,"118":0,"119":0,"120":0,"121":3,"122":3,"123":3,"124":3,"125":3,"126":0,"127":0,"128":0,"129":3,"130":3,"131":3,"132":0,"133":0,"134":3,"135":0,"136":0,"137":0,"138":0,"139":0,"140":0,"141":0,"142":0,"143":0,"144":0,"145":0,"146":0,"147":3,"148":0,"149":0,"150":0,"151":0,"152":0,"153":0,"154":0,"155":0,"156":0,"157":0,"158":0,"159":0,"160":0,"161":0,"162":0,"163":0,"164":0},"f":{"0":4,"1":0,"2":3,"3":0,"4":2,"5":0,"6":1,"7":0,"8":0,"9":3,"10":0,"11":0},"b":{"0":[3,0],"1":[1,3],"2":[0,3],"3":[0,0],"4":[0,0],"5":[1,2],"6":[0,2],"7":[1,1],"8":[0,2],"9":[2,0],"10":[0,0],"11":[0,0],"12":[0,0],"13":[0,0],"14":[0,0],"15":[0,0],"16":[0,3],"17":[0,0],"18":[0,0],"19":[0,0]},"_coverageSchema":"1a1c01bbd47fc00a2c39e90264f33305004495a9","hash":"2b2f6cc1060937b396cc3c9861a24104dccfaf29"}
,"C:\\Users\\admin\\Desktop\\U-Tad\\WebDevServer\\my-api-final\\src\\docs\\swagger.js": {"path":"C:\\Users\\admin\\Desktop\\U-Tad\\WebDevServer\\my-api-final\\src\\docs\\swagger.js","statementMap":{"0":{"start":{"line":4,"column":16},"end":{"line":154,"column":1}}},"fnMap":{},"branchMap":{},"s":{"0":3},"f":{},"b":{},"_coverageSchema":"1a1c01bbd47fc00a2c39e90264f33305004495a9","hash":"eef8b7d9f68304cb493c98886b6d9e3acfa7b67e"}
,"C:\\Users\\admin\\Desktop\\U-Tad\\WebDevServer\\my-api-final\\src\\middleware\\auth.middleware.js": {"path":"C:\\Users\\admin\\Desktop\\U-Tad\\WebDevServer\\my-api-final\\src\\middleware\\auth.middleware.js","statementMap":{"0":{"start":{"line":10,"column":30},"end":{"line":46,"column":1}},"1":{"start":{"line":11,"column":2},"end":{"line":45,"column":3}},"2":{"start":{"line":13,"column":4},"end":{"line":15,"column":5}},"3":{"start":{"line":14,"column":8},"end":{"line":14,"column":60}},"4":{"start":{"line":18,"column":18},"end":{"line":18,"column":60}},"5":{"start":{"line":21,"column":22},"end":{"line":21,"column":52}},"6":{"start":{"line":23,"column":4},"end":{"line":25,"column":5}},"7":{"start":{"line":24,"column":8},"end":{"line":24,"column":65}},"8":{"start":{"line":28,"column":17},"end":{"line":28,"column":51}},"9":{"start":{"line":30,"column":4},"end":{"line":32,"column":5}},"10":{"start":{"line":31,"column":8},"end":{"line":31,"column":65}},"11":{"start":{"line":35,"column":4},"end":{"line":37,"column":7}},"12":{"start":{"line":40,"column":4},"end":{"line":40,"column":20}},"13":{"start":{"line":41,"column":4},"end":{"line":41,"column":11}},"14":{"start":{"line":44,"column":4},"end":{"line":44,"column":58}}},"fnMap":{"0":{"name":"(anonymous_0)","decl":{"start":{"line":10,"column":30},"end":{"line":10,"column":31}},"loc":{"start":{"line":10,"column":56},"end":{"line":46,"column":1}},"line":10}},"branchMap":{"0":{"loc":{"start":{"line":13,"column":4},"end":{"line":15,"column":5}},"type":"if","locations":[{"start":{"line":13,"column":4},"end":{"line":15,"column":5}},{"start":{},"end":{}}],"line":13},"1":{"loc":{"start":{"line":23,"column":4},"end":{"line":25,"column":5}},"type":"if","locations":[{"start":{"line":23,"column":4},"end":{"line":25,"column":5}},{"start":{},"end":{}}],"line":23},"2":{"loc":{"start":{"line":23,"column":8},"end":{"line":23,"column":36}},"type":"binary-expr","locations":[{"start":{"line":23,"column":8},"end":{"line":23,"column":18}},{"start":{"line":23,"column":22},"end":{"line":23,"column":36}}],"line":23},"3":{"loc":{"start":{"line":30,"column":4},"end":{"line":32,"column":5}},"type":"if","locations":[{"start":{"line":30,"column":4},"end":{"line":32,"column":5}},{"start":{},"end":{}}],"line":30}},"s":{"0":3,"1":34,"2":34,"3":1,"4":33,"5":33,"6":33,"7":1,"8":32,"9":32,"10":0,"11":32,"12":32,"13":32,"14":0},"f":{"0":34},"b":{"0":[1,33],"1":[1,32],"2":[33,32],"3":[0,32]},"_coverageSchema":"1a1c01bbd47fc00a2c39e90264f33305004495a9","hash":"69a70befcbd7a337405879ca1c9f9703df9e1d1b"}
,"C:\\Users\\admin\\Desktop\\U-Tad\\WebDevServer\\my-api-final\\src\\middleware\\error.middleware.js": {"path":"C:\\Users\\admin\\Desktop\\U-Tad\\WebDevServer\\my-api-final\\src\\middleware\\error.middleware.js","statementMap":{"0":{"start":{"line":3,"column":24},"end":{"line":8,"column":1}},"1":{"start":{"line":4,"column":2},"end":{"line":7,"column":5}},"2":{"start":{"line":10,"column":31},"end":{"line":14,"column":1}},"3":{"start":{"line":11,"column":4},"end":{"line":13,"column":7}}},"fnMap":{"0":{"name":"(anonymous_0)","decl":{"start":{"line":3,"column":24},"end":{"line":3,"column":25}},"loc":{"start":{"line":3,"column":44},"end":{"line":8,"column":1}},"line":3},"1":{"name":"(anonymous_1)","decl":{"start":{"line":10,"column":31},"end":{"line":10,"column":32}},"loc":{"start":{"line":10,"column":57},"end":{"line":14,"column":1}},"line":10}},"branchMap":{},"s":{"0":3,"1":0,"2":3,"3":5},"f":{"0":0,"1":5},"b":{},"_coverageSchema":"1a1c01bbd47fc00a2c39e90264f33305004495a9","hash":"01835f1793bab609c44ac4f6e761774f1ba960f8"}
,"C:\\Users\\admin\\Desktop\\U-Tad\\WebDevServer\\my-api-final\\src\\middleware\\role.middleware.js": {"path":"C:\\Users\\admin\\Desktop\\U-Tad\\WebDevServer\\my-api-final\\src\\middleware\\role.middleware.js","statementMap":{"0":{"start":{"line":7,"column":35},"end":{"line":21,"column":1}},"1":{"start":{"line":8,"column":2},"end":{"line":20,"column":3}},"2":{"start":{"line":10,"column":17},"end":{"line":10,"column":25}},"3":{"start":{"line":12,"column":4},"end":{"line":14,"column":5}},"4":{"start":{"line":13,"column":8},"end":{"line":13,"column":74}},"5":{"start":{"line":16,"column":4},"end":{"line":16,"column":11}},"6":{"start":{"line":19,"column":4},"end":{"line":19,"column":55}}},"fnMap":{"0":{"name":"(anonymous_0)","decl":{"start":{"line":7,"column":35},"end":{"line":7,"column":36}},"loc":{"start":{"line":7,"column":61},"end":{"line":21,"column":1}},"line":7}},"branchMap":{"0":{"loc":{"start":{"line":12,"column":4},"end":{"line":14,"column":5}},"type":"if","locations":[{"start":{"line":12,"column":4},"end":{"line":14,"column":5}},{"start":{},"end":{}}],"line":12}},"s":{"0":3,"1":0,"2":0,"3":0,"4":0,"5":0,"6":0},"f":{"0":0},"b":{"0":[0,0]},"_coverageSchema":"1a1c01bbd47fc00a2c39e90264f33305004495a9","hash":"6b348c7a7278e4cc3e3abc4abd3a36de895eebaf"}
,"C:\\Users\\admin\\Desktop\\U-Tad\\WebDevServer\\my-api-final\\src\\middleware\\upload.js": {"path":"C:\\Users\\admin\\Desktop\\U-Tad\\WebDevServer\\my-api-final\\src\\middleware\\upload.js","statementMap":{"0":{"start":{"line":6,"column":18},"end":{"line":6,"column":37}},"1":{"start":{"line":9,"column":16},"end":{"line":19,"column":2}},"2":{"start":{"line":11,"column":23},"end":{"line":11,"column":52}},"3":{"start":{"line":12,"column":4},"end":{"line":12,"column":25}},"4":{"start":{"line":15,"column":25},"end":{"line":15,"column":75}},"5":{"start":{"line":16,"column":16},"end":{"line":16,"column":56}},"6":{"start":{"line":17,"column":4},"end":{"line":17,"column":56}},"7":{"start":{"line":22,"column":19},"end":{"line":38,"column":1}},"8":{"start":{"line":23,"column":23},"end":{"line":31,"column":3}},"9":{"start":{"line":33,"column":2},"end":{"line":37,"column":3}},"10":{"start":{"line":34,"column":4},"end":{"line":34,"column":19}},"11":{"start":{"line":36,"column":4},"end":{"line":36,"column":52}},"12":{"start":{"line":41,"column":25},"end":{"line":48,"column":2}}},"fnMap":{"0":{"name":"(anonymous_0)","decl":{"start":{"line":10,"column":15},"end":{"line":10,"column":16}},"loc":{"start":{"line":10,"column":34},"end":{"line":13,"column":3}},"line":10},"1":{"name":"(anonymous_1)","decl":{"start":{"line":14,"column":12},"end":{"line":14,"column":13}},"loc":{"start":{"line":14,"column":31},"end":{"line":18,"column":3}},"line":14},"2":{"name":"(anonymous_2)","decl":{"start":{"line":22,"column":19},"end":{"line":22,"column":20}},"loc":{"start":{"line":22,"column":38},"end":{"line":38,"column":1}},"line":22}},"branchMap":{"0":{"loc":{"start":{"line":33,"column":2},"end":{"line":37,"column":3}},"type":"if","locations":[{"start":{"line":33,"column":2},"end":{"line":37,"column":3}},{"start":{"line":35,"column":9},"end":{"line":37,"column":3}}],"line":33}},"s":{"0":3,"1":3,"2":0,"3":0,"4":0,"5":0,"6":0,"7":3,"8":0,"9":0,"10":0,"11":0,"12":3},"f":{"0":0,"1":0,"2":0},"b":{"0":[0,0]},"_coverageSchema":"1a1c01bbd47fc00a2c39e90264f33305004495a9","hash":"51a5fe1bbdb14dc1c49f2e4f29b5f3a68ea71c6c"}
,"C:\\Users\\admin\\Desktop\\U-Tad\\WebDevServer\\my-api-final\\src\\middleware\\validate.js": {"path":"C:\\Users\\admin\\Desktop\\U-Tad\\WebDevServer\\my-api-final\\src\\middleware\\validate.js","statementMap":{"0":{"start":{"line":4,"column":24},"end":{"line":26,"column":1}},"1":{"start":{"line":4,"column":36},"end":{"line":26,"column":1}},"2":{"start":{"line":5,"column":2},"end":{"line":25,"column":3}},"3":{"start":{"line":6,"column":4},"end":{"line":10,"column":7}},"4":{"start":{"line":11,"column":4},"end":{"line":11,"column":11}},"5":{"start":{"line":13,"column":4},"end":{"line":23,"column":5}},"6":{"start":{"line":14,"column":21},"end":{"line":17,"column":9}},"7":{"start":{"line":14,"column":46},"end":{"line":17,"column":7}},"8":{"start":{"line":19,"column":6},"end":{"line":22,"column":9}},"9":{"start":{"line":24,"column":4},"end":{"line":24,"column":16}}},"fnMap":{"0":{"name":"(anonymous_0)","decl":{"start":{"line":4,"column":24},"end":{"line":4,"column":25}},"loc":{"start":{"line":4,"column":36},"end":{"line":26,"column":1}},"line":4},"1":{"name":"(anonymous_1)","decl":{"start":{"line":4,"column":36},"end":{"line":4,"column":37}},"loc":{"start":{"line":4,"column":62},"end":{"line":26,"column":1}},"line":4},"2":{"name":"(anonymous_2)","decl":{"start":{"line":14,"column":38},"end":{"line":14,"column":39}},"loc":{"start":{"line":14,"column":46},"end":{"line":17,"column":7}},"line":14}},"branchMap":{"0":{"loc":{"start":{"line":13,"column":4},"end":{"line":23,"column":5}},"type":"if","locations":[{"start":{"line":13,"column":4},"end":{"line":23,"column":5}},{"start":{},"end":{}}],"line":13}},"s":{"0":3,"1":30,"2":19,"3":19,"4":16,"5":3,"6":3,"7":8,"8":3,"9":0},"f":{"0":30,"1":19,"2":8},"b":{"0":[3,0]},"_coverageSchema":"1a1c01bbd47fc00a2c39e90264f33305004495a9","hash":"ffe3b518a04c152bd1e89e3c8c0d650f3a148d77"}
,"C:\\Users\\admin\\Desktop\\U-Tad\\WebDevServer\\my-api-final\\src\\models\\address.model.js": {"path":"C:\\Users\\admin\\Desktop\\U-Tad\\WebDevServer\\my-api-final\\src\\models\\address.model.js","statementMap":{"0":{"start":{"line":4,"column":22},"end":{"line":31,"column":1}},"1":{"start":{"line":33,"column":16},"end":{"line":33,"column":56}}},"fnMap":{},"branchMap":{},"s":{"0":3,"1":3},"f":{},"b":{},"_coverageSchema":"1a1c01bbd47fc00a2c39e90264f33305004495a9","hash":"e2b4d00495c08c8aa0ba83c9a5c8d461611f36ef"}
,"C:\\Users\\admin\\Desktop\\U-Tad\\WebDevServer\\my-api-final\\src\\models\\client.model.js": {"path":"C:\\Users\\admin\\Desktop\\U-Tad\\WebDevServer\\my-api-final\\src\\models\\client.model.js","statementMap":{"0":{"start":{"line":4,"column":21},"end":{"line":56,"column":1}},"1":{"start":{"line":58,"column":15},"end":{"line":58,"column":53}}},"fnMap":{},"branchMap":{},"s":{"0":3,"1":3},"f":{},"b":{},"_coverageSchema":"1a1c01bbd47fc00a2c39e90264f33305004495a9","hash":"9aa6e94e8df147e08da44bab0587d6b23d70cc4a"}
,"C:\\Users\\admin\\Desktop\\U-Tad\\WebDevServer\\my-api-final\\src\\models\\company.model.js": {"path":"C:\\Users\\admin\\Desktop\\U-Tad\\WebDevServer\\my-api-final\\src\\models\\company.model.js","statementMap":{"0":{"start":{"line":4,"column":22},"end":{"line":48,"column":1}},"1":{"start":{"line":50,"column":16},"end":{"line":50,"column":56}}},"fnMap":{},"branchMap":{},"s":{"0":3,"1":3},"f":{},"b":{},"_coverageSchema":"1a1c01bbd47fc00a2c39e90264f33305004495a9","hash":"077d8ec9f544d3f52a46ffffb1966afe564f050f"}
,"C:\\Users\\admin\\Desktop\\U-Tad\\WebDevServer\\my-api-final\\src\\models\\project.model.js": {"path":"C:\\Users\\admin\\Desktop\\U-Tad\\WebDevServer\\my-api-final\\src\\models\\project.model.js","statementMap":{"0":{"start":{"line":4,"column":22},"end":{"line":66,"column":1}},"1":{"start":{"line":68,"column":16},"end":{"line":68,"column":56}}},"fnMap":{},"branchMap":{},"s":{"0":3,"1":3},"f":{},"b":{},"_coverageSchema":"1a1c01bbd47fc00a2c39e90264f33305004495a9","hash":"77165e7bc637ba4e56bf3c78bc757a5fe0e93c81"}
,"C:\\Users\\admin\\Desktop\\U-Tad\\WebDevServer\\my-api-final\\src\\models\\refreshToken.model.js": {"path":"C:\\Users\\admin\\Desktop\\U-Tad\\WebDevServer\\my-api-final\\src\\models\\refreshToken.model.js","statementMap":{"0":{"start":{"line":4,"column":27},"end":{"line":25,"column":2}},"1":{"start":{"line":28,"column":0},"end":{"line":30,"column":2}},"2":{"start":{"line":29,"column":2},"end":{"line":29,"column":56}},"3":{"start":{"line":32,"column":21},"end":{"line":32,"column":71}}},"fnMap":{"0":{"name":"(anonymous_0)","decl":{"start":{"line":28,"column":38},"end":{"line":28,"column":39}},"loc":{"start":{"line":28,"column":49},"end":{"line":30,"column":1}},"line":28}},"branchMap":{"0":{"loc":{"start":{"line":29,"column":9},"end":{"line":29,"column":55}},"type":"binary-expr","locations":[{"start":{"line":29,"column":9},"end":{"line":29,"column":24}},{"start":{"line":29,"column":28},"end":{"line":29,"column":55}}],"line":29}},"s":{"0":3,"1":3,"2":0,"3":3},"f":{"0":0},"b":{"0":[0,0]},"_coverageSchema":"1a1c01bbd47fc00a2c39e90264f33305004495a9","hash":"68d28c04e483a75019e8027e3f7ba106d2e9f826"}
,"C:\\Users\\admin\\Desktop\\U-Tad\\WebDevServer\\my-api-final\\src\\models\\uploads.model.js": {"path":"C:\\Users\\admin\\Desktop\\U-Tad\\WebDevServer\\my-api-final\\src\\models\\uploads.model.js","statementMap":{"0":{"start":{"line":4,"column":22},"end":{"line":25,"column":2}},"1":{"start":{"line":27,"column":16},"end":{"line":27,"column":56}}},"fnMap":{},"branchMap":{},"s":{"0":3,"1":3},"f":{},"b":{},"_coverageSchema":"1a1c01bbd47fc00a2c39e90264f33305004495a9","hash":"14bc029b8934bc8c86e58ac0d3878ab01878fcd0"}
,"C:\\Users\\admin\\Desktop\\U-Tad\\WebDevServer\\my-api-final\\src\\models\\user.model.js": {"path":"C:\\Users\\admin\\Desktop\\U-Tad\\WebDevServer\\my-api-final\\src\\models\\user.model.js","statementMap":{"0":{"start":{"line":4,"column":19},"end":{"line":78,"column":1}},"1":{"start":{"line":80,"column":0},"end":{"line":82,"column":3}},"2":{"start":{"line":81,"column":2},"end":{"line":81,"column":41}},"3":{"start":{"line":84,"column":13},"end":{"line":84,"column":47}}},"fnMap":{"0":{"name":"(anonymous_0)","decl":{"start":{"line":80,"column":35},"end":{"line":80,"column":36}},"loc":{"start":{"line":80,"column":46},"end":{"line":82,"column":1}},"line":80}},"branchMap":{},"s":{"0":3,"1":3,"2":7,"3":3},"f":{"0":7},"b":{},"_coverageSchema":"1a1c01bbd47fc00a2c39e90264f33305004495a9","hash":"6666d649e68c41d256973956305cd86d87399646"}
,"C:\\Users\\admin\\Desktop\\U-Tad\\WebDevServer\\my-api-final\\src\\routes\\client.routes.js": {"path":"C:\\Users\\admin\\Desktop\\U-Tad\\WebDevServer\\my-api-final\\src\\routes\\client.routes.js","statementMap":{"0":{"start":{"line":8,"column":15},"end":{"line":8,"column":23}},"1":{"start":{"line":38,"column":0},"end":{"line":38,"column":94}},"2":{"start":{"line":74,"column":0},"end":{"line":74,"column":95}},"3":{"start":{"line":127,"column":0},"end":{"line":127,"column":63}},"4":{"start":{"line":153,"column":0},"end":{"line":153,"column":80}},"5":{"start":{"line":183,"column":0},"end":{"line":183,"column":63}},"6":{"start":{"line":218,"column":0},"end":{"line":218,"column":69}},"7":{"start":{"line":248,"column":0},"end":{"line":248,"column":77}}},"fnMap":{},"branchMap":{},"s":{"0":3,"1":3,"2":3,"3":3,"4":3,"5":3,"6":3,"7":3},"f":{},"b":{},"_coverageSchema":"1a1c01bbd47fc00a2c39e90264f33305004495a9","hash":"4242c550f284d59cb0c3eac4d056471b872dce28"}
,"C:\\Users\\admin\\Desktop\\U-Tad\\WebDevServer\\my-api-final\\src\\routes\\index.js": {"path":"C:\\Users\\admin\\Desktop\\U-Tad\\WebDevServer\\my-api-final\\src\\routes\\index.js","statementMap":{"0":{"start":{"line":7,"column":15},"end":{"line":7,"column":23}},"1":{"start":{"line":9,"column":0},"end":{"line":9,"column":32}},"2":{"start":{"line":10,"column":0},"end":{"line":10,"column":36}},"3":{"start":{"line":11,"column":0},"end":{"line":11,"column":38}},"4":{"start":{"line":13,"column":0},"end":{"line":21,"column":3}},"5":{"start":{"line":14,"column":2},"end":{"line":20,"column":5}}},"fnMap":{"0":{"name":"(anonymous_0)","decl":{"start":{"line":13,"column":16},"end":{"line":13,"column":17}},"loc":{"start":{"line":13,"column":30},"end":{"line":21,"column":1}},"line":13}},"branchMap":{},"s":{"0":3,"1":3,"2":3,"3":3,"4":3,"5":0},"f":{"0":0},"b":{},"_coverageSchema":"1a1c01bbd47fc00a2c39e90264f33305004495a9","hash":"a67af6347dc2a1d892426faebc9c11c0e6ed1113"}
,"C:\\Users\\admin\\Desktop\\U-Tad\\WebDevServer\\my-api-final\\src\\routes\\project.routes.js": {"path":"C:\\Users\\admin\\Desktop\\U-Tad\\WebDevServer\\my-api-final\\src\\routes\\project.routes.js","statementMap":{"0":{"start":{"line":8,"column":15},"end":{"line":8,"column":23}},"1":{"start":{"line":38,"column":0},"end":{"line":38,"column":97}},"2":{"start":{"line":74,"column":0},"end":{"line":74,"column":98}},"3":{"start":{"line":137,"column":0},"end":{"line":137,"column":66}},"4":{"start":{"line":163,"column":0},"end":{"line":163,"column":82}},"5":{"start":{"line":193,"column":0},"end":{"line":193,"column":65}},"6":{"start":{"line":228,"column":0},"end":{"line":228,"column":71}},"7":{"start":{"line":258,"column":0},"end":{"line":258,"column":79}}},"fnMap":{},"branchMap":{},"s":{"0":3,"1":3,"2":3,"3":3,"4":3,"5":3,"6":3,"7":3},"f":{},"b":{},"_coverageSchema":"1a1c01bbd47fc00a2c39e90264f33305004495a9","hash":"72eb63d29f83932c4af8baa539240b8609175622"}
,"C:\\Users\\admin\\Desktop\\U-Tad\\WebDevServer\\my-api-final\\src\\routes\\user.routes.js": {"path":"C:\\Users\\admin\\Desktop\\U-Tad\\WebDevServer\\my-api-final\\src\\routes\\user.routes.js","statementMap":{"0":{"start":{"line":11,"column":15},"end":{"line":11,"column":23}},"1":{"start":{"line":44,"column":0},"end":{"line":44,"column":78}},"2":{"start":{"line":75,"column":0},"end":{"line":75,"column":106}},"3":{"start":{"line":109,"column":0},"end":{"line":109,"column":66}},"4":{"start":{"line":132,"column":0},"end":{"line":132,"column":106}},"5":{"start":{"line":155,"column":0},"end":{"line":155,"column":109}},"6":{"start":{"line":184,"column":0},"end":{"line":184,"column":101}},"7":{"start":{"line":208,"column":0},"end":{"line":208,"column":55}},"8":{"start":{"line":236,"column":0},"end":{"line":236,"column":56}},"9":{"start":{"line":253,"column":0},"end":{"line":253,"column":61}},"10":{"start":{"line":283,"column":0},"end":{"line":283,"column":61}},"11":{"start":{"line":314,"column":0},"end":{"line":314,"column":100}},"12":{"start":{"line":344,"column":0},"end":{"line":344,"column":92}}},"fnMap":{},"branchMap":{},"s":{"0":3,"1":3,"2":3,"3":3,"4":3,"5":3,"6":3,"7":3,"8":3,"9":3,"10":3,"11":3,"12":3},"f":{},"b":{},"_coverageSchema":"1a1c01bbd47fc00a2c39e90264f33305004495a9","hash":"a81a1349a0274bacd5afc0cfe11061c955497b84"}
,"C:\\Users\\admin\\Desktop\\U-Tad\\WebDevServer\\my-api-final\\src\\schemas\\client.schema.js": {"path":"C:\\Users\\admin\\Desktop\\U-Tad\\WebDevServer\\my-api-final\\src\\schemas\\client.schema.js","statementMap":{"0":{"start":{"line":4,"column":34},"end":{"line":17,"column":2}},"1":{"start":{"line":8,"column":40},"end":{"line":8,"column":57}},"2":{"start":{"line":19,"column":34},"end":{"line":25,"column":2}}},"fnMap":{"0":{"name":"(anonymous_0)","decl":{"start":{"line":8,"column":31},"end":{"line":8,"column":32}},"loc":{"start":{"line":8,"column":40},"end":{"line":8,"column":57}},"line":8}},"branchMap":{},"s":{"0":3,"1":3,"2":3},"f":{"0":3},"b":{},"_coverageSchema":"1a1c01bbd47fc00a2c39e90264f33305004495a9","hash":"d934ddb7bab09e668c0bd6818d8e16e15dbb60a7"}
,"C:\\Users\\admin\\Desktop\\U-Tad\\WebDevServer\\my-api-final\\src\\schemas\\company.schema.js": {"path":"C:\\Users\\admin\\Desktop\\U-Tad\\WebDevServer\\my-api-final\\src\\schemas\\company.schema.js","statementMap":{"0":{"start":{"line":4,"column":35},"end":{"line":17,"column":2}}},"fnMap":{},"branchMap":{},"s":{"0":3},"f":{},"b":{},"_coverageSchema":"1a1c01bbd47fc00a2c39e90264f33305004495a9","hash":"6e3b95f76c4cb93bec6340b43464086a5aca742d"}
,"C:\\Users\\admin\\Desktop\\U-Tad\\WebDevServer\\my-api-final\\src\\schemas\\project.schema.js": {"path":"C:\\Users\\admin\\Desktop\\U-Tad\\WebDevServer\\my-api-final\\src\\schemas\\project.schema.js","statementMap":{"0":{"start":{"line":4,"column":35},"end":{"line":20,"column":2}},"1":{"start":{"line":16,"column":40},"end":{"line":16,"column":57}},"2":{"start":{"line":22,"column":35},"end":{"line":29,"column":2}}},"fnMap":{"0":{"name":"(anonymous_0)","decl":{"start":{"line":16,"column":31},"end":{"line":16,"column":32}},"loc":{"start":{"line":16,"column":40},"end":{"line":16,"column":57}},"line":16}},"branchMap":{},"s":{"0":3,"1":2,"2":3},"f":{"0":2},"b":{},"_coverageSchema":"1a1c01bbd47fc00a2c39e90264f33305004495a9","hash":"de08e256c570819f81eb9b1e6ae5061ae08a6783"}
,"C:\\Users\\admin\\Desktop\\U-Tad\\WebDevServer\\my-api-final\\src\\schemas\\user.schema.js": {"path":"C:\\Users\\admin\\Desktop\\U-Tad\\WebDevServer\\my-api-final\\src\\schemas\\user.schema.js","statementMap":{"0":{"start":{"line":4,"column":32},"end":{"line":19,"column":2}},"1":{"start":{"line":6,"column":40},"end":{"line":6,"column":57}},"2":{"start":{"line":21,"column":27},"end":{"line":26,"column":2}},"3":{"start":{"line":23,"column":40},"end":{"line":23,"column":57}},"4":{"start":{"line":28,"column":37},"end":{"line":32,"column":2}},"5":{"start":{"line":34,"column":32},"end":{"line":40,"column":2}},"6":{"start":{"line":42,"column":34},"end":{"line":49,"column":2}},"7":{"start":{"line":47,"column":18},"end":{"line":47,"column":68}}},"fnMap":{"0":{"name":"(anonymous_0)","decl":{"start":{"line":6,"column":31},"end":{"line":6,"column":32}},"loc":{"start":{"line":6,"column":40},"end":{"line":6,"column":57}},"line":6},"1":{"name":"(anonymous_1)","decl":{"start":{"line":23,"column":31},"end":{"line":23,"column":32}},"loc":{"start":{"line":23,"column":40},"end":{"line":23,"column":57}},"line":23},"2":{"name":"(anonymous_2)","decl":{"start":{"line":47,"column":10},"end":{"line":47,"column":11}},"loc":{"start":{"line":47,"column":18},"end":{"line":47,"column":68}},"line":47}},"branchMap":{},"s":{"0":3,"1":4,"2":3,"3":3,"4":3,"5":3,"6":3,"7":0},"f":{"0":4,"1":3,"2":0},"b":{},"_coverageSchema":"1a1c01bbd47fc00a2c39e90264f33305004495a9","hash":"8d296030381aa8315f2a254eafb3ea1716d18e5a"}
,"C:\\Users\\admin\\Desktop\\U-Tad\\WebDevServer\\my-api-final\\src\\services\\notification.service.js": {"path":"C:\\Users\\admin\\Desktop\\U-Tad\\WebDevServer\\my-api-final\\src\\services\\notification.service.js","statementMap":{"0":{"start":{"line":5,"column":16},"end":{"line":5,"column":34}},"1":{"start":{"line":8,"column":31},"end":{"line":10,"column":1}},"2":{"start":{"line":9,"column":2},"end":{"line":9,"column":40}},"3":{"start":{"line":12,"column":32},"end":{"line":14,"column":1}},"4":{"start":{"line":13,"column":2},"end":{"line":13,"column":41}},"5":{"start":{"line":16,"column":34},"end":{"line":18,"column":1}},"6":{"start":{"line":17,"column":2},"end":{"line":17,"column":43}},"7":{"start":{"line":20,"column":31},"end":{"line":22,"column":1}},"8":{"start":{"line":21,"column":2},"end":{"line":21,"column":40}},"9":{"start":{"line":25,"column":0},"end":{"line":27,"column":3}},"10":{"start":{"line":26,"column":2},"end":{"line":26,"column":82}},"11":{"start":{"line":29,"column":0},"end":{"line":31,"column":3}},"12":{"start":{"line":30,"column":2},"end":{"line":30,"column":54}},"13":{"start":{"line":33,"column":0},"end":{"line":35,"column":3}},"14":{"start":{"line":34,"column":2},"end":{"line":34,"column":56}},"15":{"start":{"line":37,"column":0},"end":{"line":39,"column":3}},"16":{"start":{"line":38,"column":2},"end":{"line":38,"column":53}}},"fnMap":{"0":{"name":"(anonymous_0)","decl":{"start":{"line":8,"column":31},"end":{"line":8,"column":32}},"loc":{"start":{"line":8,"column":44},"end":{"line":10,"column":1}},"line":8},"1":{"name":"(anonymous_1)","decl":{"start":{"line":12,"column":32},"end":{"line":12,"column":33}},"loc":{"start":{"line":12,"column":45},"end":{"line":14,"column":1}},"line":12},"2":{"name":"(anonymous_2)","decl":{"start":{"line":16,"column":34},"end":{"line":16,"column":35}},"loc":{"start":{"line":16,"column":47},"end":{"line":18,"column":1}},"line":16},"3":{"name":"(anonymous_3)","decl":{"start":{"line":20,"column":31},"end":{"line":20,"column":32}},"loc":{"start":{"line":20,"column":44},"end":{"line":22,"column":1}},"line":20},"4":{"name":"(anonymous_4)","decl":{"start":{"line":25,"column":27},"end":{"line":25,"column":28}},"loc":{"start":{"line":25,"column":59},"end":{"line":27,"column":1}},"line":25},"5":{"name":"(anonymous_5)","decl":{"start":{"line":29,"column":28},"end":{"line":29,"column":29}},"loc":{"start":{"line":29,"column":42},"end":{"line":31,"column":1}},"line":29},"6":{"name":"(anonymous_6)","decl":{"start":{"line":33,"column":30},"end":{"line":33,"column":31}},"loc":{"start":{"line":33,"column":44},"end":{"line":35,"column":1}},"line":33},"7":{"name":"(anonymous_7)","decl":{"start":{"line":37,"column":27},"end":{"line":37,"column":28}},"loc":{"start":{"line":37,"column":41},"end":{"line":39,"column":1}},"line":37}},"branchMap":{},"s":{"0":3,"1":3,"2":0,"3":3,"4":32,"5":3,"6":3,"7":3,"8":3,"9":3,"10":0,"11":3,"12":32,"13":3,"14":3,"15":3,"16":3},"f":{"0":0,"1":32,"2":3,"3":3,"4":0,"5":32,"6":3,"7":3},"b":{},"_coverageSchema":"1a1c01bbd47fc00a2c39e90264f33305004495a9","hash":"b22257b7c8ebb23c3dbbe240dfa6009e636ded06"}
,"C:\\Users\\admin\\Desktop\\U-Tad\\WebDevServer\\my-api-final\\src\\utils\\handleJwt.js": {"path":"C:\\Users\\admin\\Desktop\\U-Tad\\WebDevServer\\my-api-final\\src\\utils\\handleJwt.js","statementMap":{"0":{"start":{"line":5,"column":19},"end":{"line":5,"column":41}},"1":{"start":{"line":6,"column":29},"end":{"line":6,"column":64}},"2":{"start":{"line":7,"column":27},"end":{"line":7,"column":72}},"3":{"start":{"line":14,"column":35},"end":{"line":25,"column":1}},"4":{"start":{"line":15,"column":15},"end":{"line":23,"column":3}},"5":{"start":{"line":24,"column":2},"end":{"line":24,"column":14}},"6":{"start":{"line":31,"column":36},"end":{"line":33,"column":1}},"7":{"start":{"line":32,"column":2},"end":{"line":32,"column":41}},"8":{"start":{"line":38,"column":37},"end":{"line":42,"column":1}},"9":{"start":{"line":39,"column":17},"end":{"line":39,"column":27}},"10":{"start":{"line":40,"column":2},"end":{"line":40,"column":56}},"11":{"start":{"line":41,"column":2},"end":{"line":41,"column":16}},"12":{"start":{"line":49,"column":33},"end":{"line":56,"column":1}},"13":{"start":{"line":50,"column":2},"end":{"line":55,"column":3}},"14":{"start":{"line":51,"column":4},"end":{"line":51,"column":44}},"15":{"start":{"line":53,"column":4},"end":{"line":53,"column":55}},"16":{"start":{"line":54,"column":4},"end":{"line":54,"column":16}}},"fnMap":{"0":{"name":"(anonymous_0)","decl":{"start":{"line":14,"column":35},"end":{"line":14,"column":36}},"loc":{"start":{"line":14,"column":45},"end":{"line":25,"column":1}},"line":14},"1":{"name":"(anonymous_1)","decl":{"start":{"line":31,"column":36},"end":{"line":31,"column":37}},"loc":{"start":{"line":31,"column":42},"end":{"line":33,"column":1}},"line":31},"2":{"name":"(anonymous_2)","decl":{"start":{"line":38,"column":37},"end":{"line":38,"column":38}},"loc":{"start":{"line":38,"column":43},"end":{"line":42,"column":1}},"line":38},"3":{"name":"(anonymous_3)","decl":{"start":{"line":49,"column":33},"end":{"line":49,"column":34}},"loc":{"start":{"line":49,"column":47},"end":{"line":56,"column":1}},"line":49}},"branchMap":{"0":{"loc":{"start":{"line":6,"column":29},"end":{"line":6,"column":64}},"type":"binary-expr","locations":[{"start":{"line":6,"column":29},"end":{"line":6,"column":55}},{"start":{"line":6,"column":59},"end":{"line":6,"column":64}}],"line":6},"1":{"loc":{"start":{"line":7,"column":27},"end":{"line":7,"column":72}},"type":"binary-expr","locations":[{"start":{"line":7,"column":27},"end":{"line":7,"column":67}},{"start":{"line":7,"column":71},"end":{"line":7,"column":72}}],"line":7}},"s":{"0":3,"1":3,"2":3,"3":3,"4":4,"5":4,"6":3,"7":4,"8":3,"9":4,"10":4,"11":4,"12":3,"13":33,"14":33,"15":1,"16":1},"f":{"0":4,"1":4,"2":4,"3":33},"b":{"0":[3,3],"1":[3,0]},"_coverageSchema":"1a1c01bbd47fc00a2c39e90264f33305004495a9","hash":"7e3ac62dec87913fe0307619ad9a8a2d4e8617b0"}
,"C:\\Users\\admin\\Desktop\\U-Tad\\WebDevServer\\my-api-final\\src\\utils\\handlePassword.js": {"path":"C:\\Users\\admin\\Desktop\\U-Tad\\WebDevServer\\my-api-final\\src\\utils\\handlePassword.js","statementMap":{"0":{"start":{"line":9,"column":23},"end":{"line":12,"column":1}},"1":{"start":{"line":10,"column":15},"end":{"line":10,"column":52}},"2":{"start":{"line":11,"column":2},"end":{"line":11,"column":14}},"3":{"start":{"line":20,"column":23},"end":{"line":23,"column":1}},"4":{"start":{"line":21,"column":17},"end":{"line":21,"column":70}},"5":{"start":{"line":22,"column":2},"end":{"line":22,"column":16}}},"fnMap":{"0":{"name":"(anonymous_0)","decl":{"start":{"line":9,"column":23},"end":{"line":9,"column":24}},"loc":{"start":{"line":9,"column":48},"end":{"line":12,"column":1}},"line":9},"1":{"name":"(anonymous_1)","decl":{"start":{"line":20,"column":23},"end":{"line":20,"column":24}},"loc":{"start":{"line":20,"column":64},"end":{"line":23,"column":1}},"line":20}},"branchMap":{},"s":{"0":3,"1":3,"2":3,"3":3,"4":2,"5":2},"f":{"0":3,"1":2},"b":{},"_coverageSchema":"1a1c01bbd47fc00a2c39e90264f33305004495a9","hash":"9e7d87ba2d07d1475125558fe5c4e140dbe58463"}
,"C:\\Users\\admin\\Desktop\\U-Tad\\WebDevServer\\my-api-final\\tests\\setup.js": {"path":"C:\\Users\\admin\\Desktop\\U-Tad\\WebDevServer\\my-api-final\\tests\\setup.js","statementMap":{"0":{"start":{"line":6,"column":0},"end":{"line":8,"column":3}}},"fnMap":{},"branchMap":{},"s":{"0":3},"f":{},"b":{},"_coverageSchema":"1a1c01bbd47fc00a2c39e90264f33305004495a9","hash":"f598c010bdbd2fe3086c75876bbbd92206cc12b2"}
}
