TN:
SF:src\app.js
FN:17,(anonymous_0)
FN:22,(anonymous_1)
FN:35,(anonymous_2)
FN:37,(anonymous_3)
FNF:4
FNH:2
FNDA:0,(anonymous_0)
FNDA:0,(anonymous_1)
FNDA:1,(anonymous_2)
FNDA:1,(anonymous_3)
DA:8,1
DA:11,1
DA:14,1
DA:17,1
DA:18,0
DA:22,1
DA:23,0
DA:31,1
DA:33,1
DA:35,1
DA:36,1
DA:37,1
DA:38,1
DA:39,1
DA:43,1
LF:15
LH:13
BRDA:33,0,0,1
BRDA:33,0,1,0
BRDA:39,1,0,1
BRDA:39,1,1,0
BRF:4
BRH:2
end_of_record
TN:
SF:src\config\db.js
FN:4,(anonymous_0)
FN:22,(anonymous_1)
FN:27,(anonymous_2)
FNF:3
FNH:1
FNDA:1,(anonymous_0)
FNDA:0,(anonymous_1)
FNDA:0,(anonymous_2)
DA:4,1
DA:5,1
DA:7,1
DA:8,0
DA:9,0
DA:12,1
DA:13,1
DA:14,1
DA:16,0
DA:17,0
DA:22,1
DA:23,0
DA:27,1
DA:28,0
DA:29,0
DA:30,0
LF:16
LH:8
BRDA:7,0,0,0
BRDA:7,0,1,1
BRF:2
BRH:1
end_of_record
TN:
SF:src\controllers\user.controller.js
FN:15,(anonymous_0)
FN:78,(anonymous_1)
FN:104,(anonymous_2)
FN:150,(anonymous_3)
FN:165,(anonymous_4)
FN:201,(anonymous_5)
FN:233,(anonymous_6)
FN:248,(anonymous_7)
FN:272,(anonymous_8)
FN:289,(anonymous_9)
FN:317,(anonymous_10)
FN:343,(anonymous_11)
FNF:12
FNH:4
FNDA:2,(anonymous_0)
FNDA:0,(anonymous_1)
FNDA:3,(anonymous_2)
FNDA:0,(anonymous_3)
FNDA:0,(anonymous_4)
FNDA:0,(anonymous_5)
FNDA:1,(anonymous_6)
FNDA:0,(anonymous_7)
FNDA:0,(anonymous_8)
FNDA:1,(anonymous_9)
FNDA:0,(anonymous_10)
FNDA:0,(anonymous_11)
DA:12,1
DA:15,1
DA:16,2
DA:18,2
DA:19,2
DA:20,1
DA:21,1
DA:25,1
DA:28,1
DA:37,1
DA:38,0
DA:42,1
DA:43,1
DA:46,1
DA:49,1
DA:50,1
DA:51,1
DA:59,1
DA:63,1
DA:69,1
DA:72,0
DA:73,0
DA:78,1
DA:79,0
DA:80,0
DA:81,0
DA:83,0
DA:84,0
DA:85,0
DA:87,0
DA:88,0
DA:89,0
DA:91,0
DA:92,0
DA:93,0
DA:98,0
DA:99,0
DA:104,1
DA:105,3
DA:106,3
DA:109,3
DA:110,3
DA:111,1
DA:112,2
DA:113,0
DA:117,2
DA:118,2
DA:119,2
DA:120,1
DA:124,1
DA:127,1
DA:128,1
DA:129,1
DA:136,1
DA:142,1
DA:145,0
DA:150,1
DA:151,0
DA:152,0
DA:154,0
DA:156,0
DA:159,0
DA:160,0
DA:165,1
DA:166,0
DA:167,0
DA:168,0
DA:170,0
DA:171,0
DA:172,0
DA:174,0
DA:175,0
DA:176,0
DA:177,0
DA:180,0
DA:187,0
DA:188,0
DA:189,0
DA:190,0
DA:195,0
DA:196,0
DA:201,1
DA:202,0
DA:203,0
DA:204,0
DA:205,0
DA:208,0
DA:209,0
DA:212,0
DA:214,0
DA:222,0
DA:224,0
DA:227,0
DA:228,0
DA:233,1
DA:234,1
DA:235,1
DA:237,1
DA:239,1
DA:242,0
DA:243,0
DA:248,1
DA:249,0
DA:250,0
DA:252,0
DA:253,0
DA:256,0
DA:258,0
DA:259,0
DA:262,0
DA:263,0
DA:266,0
DA:267,0
DA:272,1
DA:273,0
DA:274,0
DA:276,0
DA:280,0
DA:283,0
DA:284,0
DA:289,1
DA:290,1
DA:291,1
DA:292,1
DA:294,1
DA:295,0
DA:297,0
DA:300,0
DA:302,1
DA:304,1
DA:307,1
DA:311,0
DA:312,0
DA:317,1
DA:318,0
DA:319,0
DA:320,0
DA:323,0
DA:324,0
DA:325,0
DA:326,0
DA:329,0
DA:330,0
DA:332,0
DA:335,0
DA:336,0
DA:343,1
DA:344,0
DA:345,0
DA:348,0
DA:349,0
DA:350,0
DA:351,0
DA:355,0
DA:358,0
DA:367,0
DA:368,0
DA:372,0
DA:373,0
DA:376,0
DA:379,0
DA:384,0
DA:386,0
DA:387,0
LF:164
LH:57
BRDA:12,0,0,1
BRDA:12,0,1,0
BRDA:19,1,0,1
BRDA:19,1,1,1
BRDA:37,2,0,0
BRDA:37,2,1,1
BRDA:83,3,0,0
BRDA:83,3,1,0
BRDA:87,4,0,0
BRDA:87,4,1,0
BRDA:110,5,0,1
BRDA:110,5,1,2
BRDA:112,6,0,0
BRDA:112,6,1,2
BRDA:119,7,0,1
BRDA:119,7,1,1
BRDA:170,8,0,0
BRDA:170,8,1,0
BRDA:174,9,0,0
BRDA:174,9,1,0
BRDA:187,10,0,0
BRDA:187,10,1,0
BRDA:204,11,0,0
BRDA:204,11,1,0
BRDA:208,12,0,0
BRDA:208,12,1,0
BRDA:252,13,0,0
BRDA:252,13,1,0
BRDA:258,14,0,0
BRDA:258,14,1,0
BRDA:258,15,0,0
BRDA:258,15,1,0
BRDA:294,16,0,0
BRDA:294,16,1,1
BRDA:325,17,0,0
BRDA:325,17,1,0
BRDA:349,18,0,0
BRDA:349,18,1,0
BRDA:367,19,0,0
BRDA:367,19,1,0
BRF:40
BRH:10
end_of_record
TN:
SF:src\docs\swagger.js
FNF:0
FNH:0
DA:4,1
LF:1
LH:1
BRF:0
BRH:0
end_of_record
TN:
SF:src\middleware\auth.middleware.js
FN:10,(anonymous_0)
FNF:1
FNH:1
FNDA:4,(anonymous_0)
DA:10,1
DA:11,4
DA:13,4
DA:14,1
DA:18,3
DA:21,3
DA:23,3
DA:24,1
DA:28,2
DA:30,2
DA:31,0
DA:35,2
DA:40,2
DA:41,2
DA:44,0
LF:15
LH:13
BRDA:13,0,0,1
BRDA:13,0,1,3
BRDA:23,1,0,1
BRDA:23,1,1,2
BRDA:23,2,0,3
BRDA:23,2,1,2
BRDA:30,3,0,0
BRDA:30,3,1,2
BRF:8
BRH:7
end_of_record
TN:
SF:src\middleware\error.middleware.js
FN:3,(anonymous_0)
FN:10,(anonymous_1)
FNF:2
FNH:1
FNDA:0,(anonymous_0)
FNDA:1,(anonymous_1)
DA:3,1
DA:4,0
DA:10,1
DA:11,1
LF:4
LH:3
BRF:0
BRH:0
end_of_record
TN:
SF:src\middleware\role.middleware.js
FN:7,(anonymous_0)
FNF:1
FNH:0
FNDA:0,(anonymous_0)
DA:7,1
DA:8,0
DA:10,0
DA:12,0
DA:13,0
DA:16,0
DA:19,0
LF:7
LH:1
BRDA:12,0,0,0
BRDA:12,0,1,0
BRF:2
BRH:0
end_of_record
TN:
SF:src\middleware\upload.js
FN:10,(anonymous_0)
FN:14,(anonymous_1)
FN:22,(anonymous_2)
FNF:3
FNH:0
FNDA:0,(anonymous_0)
FNDA:0,(anonymous_1)
FNDA:0,(anonymous_2)
DA:6,1
DA:9,1
DA:11,0
DA:12,0
DA:15,0
DA:16,0
DA:17,0
DA:22,1
DA:23,0
DA:33,0
DA:34,0
DA:36,0
DA:41,1
LF:13
LH:4
BRDA:33,0,0,0
BRDA:33,0,1,0
BRF:2
BRH:0
end_of_record
TN:
SF:src\middleware\validate.js
FN:4,(anonymous_0)
FN:4,(anonymous_1)
FN:14,(anonymous_2)
FNF:3
FNH:3
FNDA:6,(anonymous_0)
FNDA:6,(anonymous_1)
FNDA:6,(anonymous_2)
DA:4,6
DA:5,6
DA:6,6
DA:11,5
DA:13,1
DA:14,6
DA:19,1
DA:24,0
LF:8
LH:7
BRDA:13,0,0,1
BRDA:13,0,1,0
BRF:2
BRH:1
end_of_record
TN:
SF:src\models\address.model.js
FNF:0
FNH:0
DA:4,1
DA:33,1
LF:2
LH:2
BRF:0
BRH:0
end_of_record
TN:
SF:src\models\company.model.js
FNF:0
FNH:0
DA:4,1
DA:50,1
LF:2
LH:2
BRF:0
BRH:0
end_of_record
TN:
SF:src\models\refreshToken.model.js
FN:28,(anonymous_0)
FNF:1
FNH:0
FNDA:0,(anonymous_0)
DA:4,1
DA:28,1
DA:29,0
DA:32,1
LF:4
LH:3
BRDA:29,0,0,0
BRDA:29,0,1,0
BRF:2
BRH:0
end_of_record
TN:
SF:src\models\uploads.model.js
FNF:0
FNH:0
DA:4,1
DA:27,1
LF:2
LH:2
BRF:0
BRH:0
end_of_record
TN:
SF:src\models\user.model.js
FN:79,(anonymous_0)
FNF:1
FNH:1
FNDA:3,(anonymous_0)
DA:4,1
DA:79,1
DA:80,3
DA:83,1
LF:4
LH:4
BRF:0
BRH:0
end_of_record
TN:
SF:src\routes\index.js
FN:9,(anonymous_0)
FNF:1
FNH:0
FNDA:0,(anonymous_0)
DA:5,1
DA:7,1
DA:9,1
DA:10,0
LF:4
LH:3
BRF:0
BRH:0
end_of_record
TN:
SF:src\routes\user.routes.js
FNF:0
FNH:0
DA:11,1
DA:44,1
DA:46,1
DA:79,1
DA:81,1
DA:83,1
DA:85,1
DA:87,1
DA:89,1
DA:91,1
DA:93,1
DA:95,1
DA:97,1
LF:13
LH:13
BRF:0
BRH:0
end_of_record
TN:
SF:src\schemas\company.schema.js
FNF:0
FNH:0
DA:4,1
LF:1
LH:1
BRF:0
BRH:0
end_of_record
TN:
SF:src\schemas\user.schema.js
FN:6,(anonymous_0)
FN:23,(anonymous_1)
FN:47,(anonymous_2)
FNF:3
FNH:2
FNDA:2,(anonymous_0)
FNDA:3,(anonymous_1)
FNDA:0,(anonymous_2)
DA:4,1
DA:6,2
DA:21,1
DA:23,3
DA:28,1
DA:34,1
DA:42,1
DA:47,0
LF:8
LH:7
BRF:0
BRH:0
end_of_record
TN:
SF:src\services\notification.service.js
FN:8,(anonymous_0)
FN:12,(anonymous_1)
FN:16,(anonymous_2)
FN:20,(anonymous_3)
FN:25,(anonymous_4)
FN:29,(anonymous_5)
FN:33,(anonymous_6)
FN:37,(anonymous_7)
FNF:8
FNH:6
FNDA:0,(anonymous_0)
FNDA:2,(anonymous_1)
FNDA:1,(anonymous_2)
FNDA:1,(anonymous_3)
FNDA:0,(anonymous_4)
FNDA:2,(anonymous_5)
FNDA:1,(anonymous_6)
FNDA:1,(anonymous_7)
DA:5,1
DA:8,1
DA:9,0
DA:12,1
DA:13,2
DA:16,1
DA:17,1
DA:20,1
DA:21,1
DA:25,1
DA:26,0
DA:29,1
DA:30,2
DA:33,1
DA:34,1
DA:37,1
DA:38,1
LF:17
LH:15
BRF:0
BRH:0
end_of_record
TN:
SF:src\utils\handleJwt.js
FN:14,(anonymous_0)
FN:31,(anonymous_1)
FN:38,(anonymous_2)
FN:49,(anonymous_3)
FNF:4
FNH:4
FNDA:2,(anonymous_0)
FNDA:2,(anonymous_1)
FNDA:2,(anonymous_2)
FNDA:3,(anonymous_3)
DA:5,1
DA:6,1
DA:7,1
DA:14,1
DA:15,2
DA:24,2
DA:31,1
DA:32,2
DA:38,1
DA:39,2
DA:40,2
DA:41,2
DA:49,1
DA:50,3
DA:51,3
DA:53,1
DA:54,1
LF:17
LH:17
BRDA:6,0,0,1
BRDA:6,0,1,1
BRDA:7,1,0,1
BRDA:7,1,1,0
BRF:4
BRH:3
end_of_record
TN:
SF:src\utils\handlePassword.js
FN:9,(anonymous_0)
FN:20,(anonymous_1)
FNF:2
FNH:2
FNDA:1,(anonymous_0)
FNDA:2,(anonymous_1)
DA:9,1
DA:10,1
DA:11,1
DA:20,1
DA:21,2
DA:22,2
LF:6
LH:6
BRF:0
BRH:0
end_of_record
TN:
SF:tests\setup.js
FNF:0
FNH:0
DA:6,1
LF:1
LH:1
BRF:0
BRH:0
end_of_record
