TN:
SF:src\app.js
FN:17,(anonymous_0)
FN:22,(anonymous_1)
FN:35,(anonymous_2)
FN:37,(anonymous_3)
FNF:4
FNH:2
FNDA:0,(anonymous_0)
FNDA:0,(anonymous_1)
FNDA:3,(anonymous_2)
FNDA:3,(anonymous_3)
DA:8,3
DA:11,3
DA:14,3
DA:17,3
DA:18,0
DA:22,3
DA:23,0
DA:31,3
DA:33,3
DA:35,3
DA:36,3
DA:37,3
DA:38,3
DA:39,3
DA:43,3
LF:15
LH:13
BRDA:33,0,0,3
BRDA:33,0,1,0
BRDA:39,1,0,3
BRDA:39,1,1,0
BRF:4
BRH:2
end_of_record
TN:
SF:src\config\db.js
FN:4,(anonymous_0)
FN:22,(anonymous_1)
FN:27,(anonymous_2)
FNF:3
FNH:1
FNDA:3,(anonymous_0)
FNDA:0,(anonymous_1)
FNDA:0,(anonymous_2)
DA:4,3
DA:5,3
DA:7,3
DA:8,0
DA:9,0
DA:12,3
DA:13,3
DA:14,3
DA:16,0
DA:17,0
DA:22,3
DA:23,0
DA:27,3
DA:28,0
DA:29,0
DA:30,0
LF:16
LH:8
BRDA:7,0,0,0
BRDA:7,0,1,3
BRF:2
BRH:1
end_of_record
TN:
SF:src\controllers\client.controller.js
FN:9,(anonymous_0)
FN:51,(anonymous_1)
FN:67,(anonymous_2)
FN:109,(anonymous_3)
FN:135,(anonymous_4)
FN:157,(anonymous_5)
FN:173,(anonymous_6)
FNF:7
FNH:7
FNDA:3,(anonymous_0)
FNDA:1,(anonymous_1)
FNDA:2,(anonymous_2)
FNDA:3,(anonymous_3)
FNDA:3,(anonymous_4)
FNDA:1,(anonymous_5)
FNDA:1,(anonymous_6)
DA:9,3
DA:10,3
DA:11,3
DA:14,3
DA:17,3
DA:19,3
DA:20,1
DA:21,1
DA:22,2
DA:23,0
DA:24,0
DA:27,2
DA:35,2
DA:36,0
DA:38,2
DA:39,2
DA:41,2
DA:45,0
DA:46,0
DA:51,3
DA:52,1
DA:53,1
DA:54,1
DA:56,1
DA:58,1
DA:61,0
DA:62,0
DA:67,3
DA:68,2
DA:69,2
DA:70,2
DA:74,2
DA:76,2
DA:77,2
DA:78,2
DA:80,2
DA:81,0
DA:85,2
DA:87,1
DA:88,1
DA:90,1
DA:91,1
DA:94,2
DA:96,2
DA:97,1
DA:99,1
DA:103,0
DA:104,0
DA:109,3
DA:110,3
DA:111,3
DA:112,3
DA:114,3
DA:116,3
DA:118,3
DA:119,1
DA:120,2
DA:121,0
DA:122,0
DA:124,2
DA:125,2
DA:129,0
DA:130,0
DA:135,3
DA:136,3
DA:137,3
DA:138,3
DA:140,3
DA:142,3
DA:143,1
DA:144,1
DA:146,2
DA:147,2
DA:151,0
DA:152,0
DA:157,3
DA:158,1
DA:159,1
DA:160,1
DA:162,1
DA:164,1
DA:167,0
DA:168,0
DA:173,3
DA:174,1
DA:175,1
DA:176,1
DA:178,1
DA:180,1
DA:183,0
DA:184,0
LF:91
LH:71
BRDA:19,0,0,1
BRDA:19,0,1,2
BRDA:22,1,0,0
BRDA:22,1,1,2
BRDA:35,2,0,0
BRDA:35,2,1,2
BRDA:77,3,0,0
BRDA:77,3,1,2
BRDA:80,4,0,0
BRDA:80,4,1,2
BRDA:85,5,0,1
BRDA:85,5,1,1
BRDA:85,6,0,2
BRDA:85,6,1,1
BRDA:96,7,0,1
BRDA:96,7,1,1
BRDA:96,8,0,2
BRDA:96,8,1,1
BRDA:118,9,0,1
BRDA:118,9,1,2
BRDA:118,10,0,3
BRDA:118,10,1,2
BRDA:118,10,2,2
BRDA:120,11,0,0
BRDA:120,11,1,2
BRDA:120,12,0,2
BRDA:120,12,1,1
BRDA:142,13,0,1
BRDA:142,13,1,2
BRF:29
BRH:24
end_of_record
TN:
SF:src\controllers\project.controller.js
FN:10,(anonymous_0)
FN:69,(anonymous_1)
FN:85,(anonymous_2)
FN:129,(anonymous_3)
FN:155,(anonymous_4)
FN:177,(anonymous_5)
FN:193,(anonymous_6)
FNF:7
FNH:7
FNDA:2,(anonymous_0)
FNDA:1,(anonymous_1)
FNDA:2,(anonymous_2)
FNDA:1,(anonymous_3)
FNDA:2,(anonymous_4)
FNDA:1,(anonymous_5)
FNDA:1,(anonymous_6)
DA:10,3
DA:11,2
DA:12,2
DA:15,2
DA:17,2
DA:18,0
DA:19,0
DA:24,2
DA:25,2
DA:27,0
DA:28,0
DA:32,2
DA:33,0
DA:34,0
DA:38,2
DA:40,2
DA:41,1
DA:42,1
DA:45,1
DA:53,1
DA:54,0
DA:56,1
DA:57,1
DA:59,1
DA:63,0
DA:64,0
DA:69,3
DA:70,1
DA:71,1
DA:72,1
DA:74,1
DA:76,1
DA:79,0
DA:80,0
DA:85,3
DA:86,2
DA:87,2
DA:88,2
DA:92,2
DA:94,2
DA:95,2
DA:96,2
DA:97,2
DA:98,2
DA:100,2
DA:101,0
DA:105,2
DA:107,1
DA:108,1
DA:110,1
DA:111,1
DA:114,2
DA:116,2
DA:117,1
DA:119,1
DA:123,0
DA:124,0
DA:129,3
DA:130,1
DA:131,1
DA:132,1
DA:134,1
DA:136,1
DA:138,1
DA:139,1
DA:140,0
DA:141,0
DA:142,0
DA:144,0
DA:145,0
DA:149,0
DA:150,0
DA:155,3
DA:156,2
DA:157,2
DA:158,2
DA:160,2
DA:162,2
DA:163,1
DA:164,1
DA:166,1
DA:167,1
DA:171,0
DA:172,0
DA:177,3
DA:178,1
DA:179,1
DA:180,1
DA:182,1
DA:184,1
DA:187,0
DA:188,0
DA:193,3
DA:194,1
DA:195,1
DA:196,1
DA:198,1
DA:200,1
DA:203,0
DA:204,0
LF:100
LH:73
BRDA:17,0,0,0
BRDA:17,0,1,2
BRDA:32,1,0,0
BRDA:32,1,1,2
BRDA:40,2,0,1
BRDA:40,2,1,1
BRDA:53,3,0,0
BRDA:53,3,1,1
BRDA:95,4,0,0
BRDA:95,4,1,2
BRDA:96,5,0,0
BRDA:96,5,1,2
BRDA:97,6,0,0
BRDA:97,6,1,2
BRDA:100,7,0,0
BRDA:100,7,1,2
BRDA:105,8,0,1
BRDA:105,8,1,1
BRDA:105,9,0,2
BRDA:105,9,1,1
BRDA:116,10,0,1
BRDA:116,10,1,1
BRDA:116,11,0,2
BRDA:116,11,1,1
BRDA:138,12,0,1
BRDA:138,12,1,0
BRDA:138,13,0,1
BRDA:138,13,1,1
BRDA:138,13,2,1
BRDA:140,14,0,0
BRDA:140,14,1,0
BRDA:140,15,0,0
BRDA:140,15,1,0
BRDA:162,16,0,1
BRDA:162,16,1,1
BRF:35
BRH:23
end_of_record
TN:
SF:src\controllers\user.controller.js
FN:15,(anonymous_0)
FN:78,(anonymous_1)
FN:104,(anonymous_2)
FN:150,(anonymous_3)
FN:165,(anonymous_4)
FN:201,(anonymous_5)
FN:233,(anonymous_6)
FN:248,(anonymous_7)
FN:272,(anonymous_8)
FN:289,(anonymous_9)
FN:317,(anonymous_10)
FN:341,(anonymous_11)
FNF:12
FNH:5
FNDA:4,(anonymous_0)
FNDA:0,(anonymous_1)
FNDA:3,(anonymous_2)
FNDA:0,(anonymous_3)
FNDA:2,(anonymous_4)
FNDA:0,(anonymous_5)
FNDA:1,(anonymous_6)
FNDA:0,(anonymous_7)
FNDA:0,(anonymous_8)
FNDA:3,(anonymous_9)
FNDA:0,(anonymous_10)
FNDA:0,(anonymous_11)
DA:12,3
DA:15,3
DA:16,4
DA:18,4
DA:19,4
DA:20,1
DA:21,1
DA:25,3
DA:28,3
DA:37,3
DA:38,0
DA:42,3
DA:43,3
DA:46,3
DA:49,3
DA:50,3
DA:51,3
DA:59,3
DA:63,3
DA:69,3
DA:72,0
DA:73,0
DA:78,3
DA:79,0
DA:80,0
DA:81,0
DA:83,0
DA:84,0
DA:85,0
DA:87,0
DA:88,0
DA:89,0
DA:91,0
DA:92,0
DA:93,0
DA:98,0
DA:99,0
DA:104,3
DA:105,3
DA:106,3
DA:109,3
DA:110,3
DA:111,1
DA:112,2
DA:113,0
DA:117,2
DA:118,2
DA:119,2
DA:120,1
DA:124,1
DA:127,1
DA:128,1
DA:129,1
DA:136,1
DA:142,1
DA:145,0
DA:150,3
DA:151,0
DA:152,0
DA:154,0
DA:156,0
DA:159,0
DA:160,0
DA:165,3
DA:166,2
DA:167,2
DA:168,2
DA:170,2
DA:171,0
DA:172,0
DA:174,2
DA:175,2
DA:176,2
DA:177,2
DA:180,0
DA:187,0
DA:188,0
DA:189,0
DA:190,0
DA:195,0
DA:196,0
DA:201,3
DA:202,0
DA:203,0
DA:204,0
DA:205,0
DA:208,0
DA:209,0
DA:212,0
DA:214,0
DA:222,0
DA:224,0
DA:227,0
DA:228,0
DA:233,3
DA:234,1
DA:235,1
DA:237,1
DA:239,1
DA:242,0
DA:243,0
DA:248,3
DA:249,0
DA:250,0
DA:252,0
DA:253,0
DA:256,0
DA:258,0
DA:259,0
DA:262,0
DA:263,0
DA:266,0
DA:267,0
DA:272,3
DA:273,0
DA:274,0
DA:276,0
DA:280,0
DA:283,0
DA:284,0
DA:289,3
DA:290,3
DA:291,3
DA:292,3
DA:294,3
DA:295,0
DA:297,0
DA:300,0
DA:302,3
DA:304,3
DA:307,3
DA:311,0
DA:312,0
DA:317,3
DA:318,0
DA:319,0
DA:320,0
DA:323,0
DA:324,0
DA:325,0
DA:326,0
DA:329,0
DA:330,0
DA:332,0
DA:335,0
DA:336,0
DA:341,3
DA:342,0
DA:343,0
DA:346,0
DA:347,0
DA:348,0
DA:349,0
DA:353,0
DA:356,0
DA:365,0
DA:366,0
DA:370,0
DA:371,0
DA:374,0
DA:377,0
DA:382,0
DA:384,0
DA:385,0
LF:164
LH:65
BRDA:12,0,0,3
BRDA:12,0,1,0
BRDA:19,1,0,1
BRDA:19,1,1,3
BRDA:37,2,0,0
BRDA:37,2,1,3
BRDA:83,3,0,0
BRDA:83,3,1,0
BRDA:87,4,0,0
BRDA:87,4,1,0
BRDA:110,5,0,1
BRDA:110,5,1,2
BRDA:112,6,0,0
BRDA:112,6,1,2
BRDA:119,7,0,1
BRDA:119,7,1,1
BRDA:170,8,0,0
BRDA:170,8,1,2
BRDA:174,9,0,2
BRDA:174,9,1,0
BRDA:187,10,0,0
BRDA:187,10,1,0
BRDA:204,11,0,0
BRDA:204,11,1,0
BRDA:208,12,0,0
BRDA:208,12,1,0
BRDA:252,13,0,0
BRDA:252,13,1,0
BRDA:258,14,0,0
BRDA:258,14,1,0
BRDA:258,15,0,0
BRDA:258,15,1,0
BRDA:294,16,0,0
BRDA:294,16,1,3
BRDA:325,17,0,0
BRDA:325,17,1,0
BRDA:347,18,0,0
BRDA:347,18,1,0
BRDA:365,19,0,0
BRDA:365,19,1,0
BRF:40
BRH:12
end_of_record
TN:
SF:src\docs\swagger.js
FNF:0
FNH:0
DA:4,3
LF:1
LH:1
BRF:0
BRH:0
end_of_record
TN:
SF:src\middleware\auth.middleware.js
FN:10,(anonymous_0)
FNF:1
FNH:1
FNDA:34,(anonymous_0)
DA:10,3
DA:11,34
DA:13,34
DA:14,1
DA:18,33
DA:21,33
DA:23,33
DA:24,1
DA:28,32
DA:30,32
DA:31,0
DA:35,32
DA:40,32
DA:41,32
DA:44,0
LF:15
LH:13
BRDA:13,0,0,1
BRDA:13,0,1,33
BRDA:23,1,0,1
BRDA:23,1,1,32
BRDA:23,2,0,33
BRDA:23,2,1,32
BRDA:30,3,0,0
BRDA:30,3,1,32
BRF:8
BRH:7
end_of_record
TN:
SF:src\middleware\error.middleware.js
FN:3,(anonymous_0)
FN:10,(anonymous_1)
FNF:2
FNH:1
FNDA:0,(anonymous_0)
FNDA:5,(anonymous_1)
DA:3,3
DA:4,0
DA:10,3
DA:11,5
LF:4
LH:3
BRF:0
BRH:0
end_of_record
TN:
SF:src\middleware\role.middleware.js
FN:7,(anonymous_0)
FNF:1
FNH:0
FNDA:0,(anonymous_0)
DA:7,3
DA:8,0
DA:10,0
DA:12,0
DA:13,0
DA:16,0
DA:19,0
LF:7
LH:1
BRDA:12,0,0,0
BRDA:12,0,1,0
BRF:2
BRH:0
end_of_record
TN:
SF:src\middleware\upload.js
FN:10,(anonymous_0)
FN:14,(anonymous_1)
FN:22,(anonymous_2)
FNF:3
FNH:0
FNDA:0,(anonymous_0)
FNDA:0,(anonymous_1)
FNDA:0,(anonymous_2)
DA:6,3
DA:9,3
DA:11,0
DA:12,0
DA:15,0
DA:16,0
DA:17,0
DA:22,3
DA:23,0
DA:33,0
DA:34,0
DA:36,0
DA:41,3
LF:13
LH:4
BRDA:33,0,0,0
BRDA:33,0,1,0
BRF:2
BRH:0
end_of_record
TN:
SF:src\middleware\validate.js
FN:4,(anonymous_0)
FN:4,(anonymous_1)
FN:14,(anonymous_2)
FNF:3
FNH:3
FNDA:30,(anonymous_0)
FNDA:19,(anonymous_1)
FNDA:8,(anonymous_2)
DA:4,30
DA:5,19
DA:6,19
DA:11,16
DA:13,3
DA:14,8
DA:19,3
DA:24,0
LF:8
LH:7
BRDA:13,0,0,3
BRDA:13,0,1,0
BRF:2
BRH:1
end_of_record
TN:
SF:src\models\address.model.js
FNF:0
FNH:0
DA:4,3
DA:33,3
LF:2
LH:2
BRF:0
BRH:0
end_of_record
TN:
SF:src\models\client.model.js
FNF:0
FNH:0
DA:4,3
DA:58,3
LF:2
LH:2
BRF:0
BRH:0
end_of_record
TN:
SF:src\models\company.model.js
FNF:0
FNH:0
DA:4,3
DA:50,3
LF:2
LH:2
BRF:0
BRH:0
end_of_record
TN:
SF:src\models\project.model.js
FNF:0
FNH:0
DA:4,3
DA:68,3
LF:2
LH:2
BRF:0
BRH:0
end_of_record
TN:
SF:src\models\refreshToken.model.js
FN:28,(anonymous_0)
FNF:1
FNH:0
FNDA:0,(anonymous_0)
DA:4,3
DA:28,3
DA:29,0
DA:32,3
LF:4
LH:3
BRDA:29,0,0,0
BRDA:29,0,1,0
BRF:2
BRH:0
end_of_record
TN:
SF:src\models\uploads.model.js
FNF:0
FNH:0
DA:4,3
DA:27,3
LF:2
LH:2
BRF:0
BRH:0
end_of_record
TN:
SF:src\models\user.model.js
FN:80,(anonymous_0)
FNF:1
FNH:1
FNDA:7,(anonymous_0)
DA:4,3
DA:80,3
DA:81,7
DA:84,3
LF:4
LH:4
BRF:0
BRH:0
end_of_record
TN:
SF:src\routes\client.routes.js
FNF:0
FNH:0
DA:8,3
DA:38,3
DA:74,3
DA:127,3
DA:153,3
DA:183,3
DA:218,3
DA:248,3
LF:8
LH:8
BRF:0
BRH:0
end_of_record
TN:
SF:src\routes\index.js
FN:13,(anonymous_0)
FNF:1
FNH:0
FNDA:0,(anonymous_0)
DA:7,3
DA:9,3
DA:10,3
DA:11,3
DA:13,3
DA:14,0
LF:6
LH:5
BRF:0
BRH:0
end_of_record
TN:
SF:src\routes\project.routes.js
FNF:0
FNH:0
DA:8,3
DA:38,3
DA:74,3
DA:137,3
DA:163,3
DA:193,3
DA:228,3
DA:258,3
LF:8
LH:8
BRF:0
BRH:0
end_of_record
TN:
SF:src\routes\user.routes.js
FNF:0
FNH:0
DA:11,3
DA:44,3
DA:75,3
DA:109,3
DA:132,3
DA:155,3
DA:184,3
DA:208,3
DA:236,3
DA:253,3
DA:283,3
DA:314,3
DA:344,3
LF:13
LH:13
BRF:0
BRH:0
end_of_record
TN:
SF:src\schemas\client.schema.js
FN:8,(anonymous_0)
FNF:1
FNH:1
FNDA:3,(anonymous_0)
DA:4,3
DA:8,3
DA:19,3
LF:3
LH:3
BRF:0
BRH:0
end_of_record
TN:
SF:src\schemas\company.schema.js
FNF:0
FNH:0
DA:4,3
LF:1
LH:1
BRF:0
BRH:0
end_of_record
TN:
SF:src\schemas\project.schema.js
FN:16,(anonymous_0)
FNF:1
FNH:1
FNDA:2,(anonymous_0)
DA:4,3
DA:16,2
DA:22,3
LF:3
LH:3
BRF:0
BRH:0
end_of_record
TN:
SF:src\schemas\user.schema.js
FN:6,(anonymous_0)
FN:23,(anonymous_1)
FN:47,(anonymous_2)
FNF:3
FNH:2
FNDA:4,(anonymous_0)
FNDA:3,(anonymous_1)
FNDA:0,(anonymous_2)
DA:4,3
DA:6,4
DA:21,3
DA:23,3
DA:28,3
DA:34,3
DA:42,3
DA:47,0
LF:8
LH:7
BRF:0
BRH:0
end_of_record
TN:
SF:src\services\notification.service.js
FN:8,(anonymous_0)
FN:12,(anonymous_1)
FN:16,(anonymous_2)
FN:20,(anonymous_3)
FN:25,(anonymous_4)
FN:29,(anonymous_5)
FN:33,(anonymous_6)
FN:37,(anonymous_7)
FNF:8
FNH:6
FNDA:0,(anonymous_0)
FNDA:32,(anonymous_1)
FNDA:3,(anonymous_2)
FNDA:3,(anonymous_3)
FNDA:0,(anonymous_4)
FNDA:32,(anonymous_5)
FNDA:3,(anonymous_6)
FNDA:3,(anonymous_7)
DA:5,3
DA:8,3
DA:9,0
DA:12,3
DA:13,32
DA:16,3
DA:17,3
DA:20,3
DA:21,3
DA:25,3
DA:26,0
DA:29,3
DA:30,32
DA:33,3
DA:34,3
DA:37,3
DA:38,3
LF:17
LH:15
BRF:0
BRH:0
end_of_record
TN:
SF:src\utils\handleJwt.js
FN:14,(anonymous_0)
FN:31,(anonymous_1)
FN:38,(anonymous_2)
FN:49,(anonymous_3)
FNF:4
FNH:4
FNDA:4,(anonymous_0)
FNDA:4,(anonymous_1)
FNDA:4,(anonymous_2)
FNDA:33,(anonymous_3)
DA:5,3
DA:6,3
DA:7,3
DA:14,3
DA:15,4
DA:24,4
DA:31,3
DA:32,4
DA:38,3
DA:39,4
DA:40,4
DA:41,4
DA:49,3
DA:50,33
DA:51,33
DA:53,1
DA:54,1
LF:17
LH:17
BRDA:6,0,0,3
BRDA:6,0,1,3
BRDA:7,1,0,3
BRDA:7,1,1,0
BRF:4
BRH:3
end_of_record
TN:
SF:src\utils\handlePassword.js
FN:9,(anonymous_0)
FN:20,(anonymous_1)
FNF:2
FNH:2
FNDA:3,(anonymous_0)
FNDA:2,(anonymous_1)
DA:9,3
DA:10,3
DA:11,3
DA:20,3
DA:21,2
DA:22,2
LF:6
LH:6
BRF:0
BRH:0
end_of_record
TN:
SF:tests\setup.js
FNF:0
FNH:0
DA:6,3
LF:1
LH:1
BRF:0
BRH:0
end_of_record
